ERROR - 2022-09-08 12:02:16 --> Unknown column 'id' in 'where clause'
CRITICAL - 2022-09-08 12:02:16 --> Unknown column 'id' in 'where clause'
in SYSTEMPATH\Database\MySQLi\Connection.php on line 292.
 1 SYSTEMPATH\Database\MySQLi\Connection.php(292): mysqli->query('SELECT COUNT(*) AS `numrows`
FROM `admin_users`
WHERE `email` = \'zabe@gmail.com\'
AND `id` != \'67\'', 0)
 2 SYSTEMPATH\Database\BaseConnection.php(695): CodeIgniter\Database\MySQLi\Connection->execute('SELECT COUNT(*) AS `numrows`
FROM `admin_users`
WHERE `email` = \'zabe@gmail.com\'
AND `id` != \'67\'')
 3 SYSTEMPATH\Database\BaseConnection.php(609): CodeIgniter\Database\BaseConnection->simpleQuery('SELECT COUNT(*) AS `numrows`
FROM `admin_users`
WHERE `email` = \'zabe@gmail.com\'
AND `id` != \'67\'')
 4 SYSTEMPATH\Database\BaseBuilder.php(1669): CodeIgniter\Database\BaseConnection->query('SELECT COUNT(*) AS `numrows`
FROM `admin_users`
WHERE `email` = :email:
AND `id` != :id:', [...], false)
 5 SYSTEMPATH\Model.php(550): CodeIgniter\Database\BaseBuilder->countAllResults(true)
 6 FCPATH\modules\Admin\Controllers\index.php(502): CodeIgniter\Model->countAllResults()
 7 SYSTEMPATH\CodeIgniter.php(896): Modules\Admin\Controllers\Index->editnewuser('$1')
 8 SYSTEMPATH\CodeIgniter.php(466): CodeIgniter\CodeIgniter->runController(Object(Modules\Admin\Controllers\Index))
 9 SYSTEMPATH\CodeIgniter.php(349): CodeIgniter\CodeIgniter->handleRequest(null, Object(Config\Cache), false)
10 FCPATH\index.php(55): CodeIgniter\CodeIgniter->run()
CRITICAL - 2022-09-08 13:12:08 --> Undefined variable: row
in FCPATH\modules\Admin\Views\pages\category\categorylist.php on line 178.
 1 FCPATH\modules\Admin\Views\pages\category\categorylist.php(178): CodeIgniter\Debug\Exceptions->errorHandler(8, 'Undefined variable: row', 'FCPATH\\modules\\Admin\\Views\\pages\\category\\categorylist.php', 178, [...])
 2 SYSTEMPATH\View\View.php(213): include('FCPATH\\modules\\Admin\\Views\\pages\\category\\categorylist.php')
 3 SYSTEMPATH\View\View.php(216): CodeIgniter\View\View->CodeIgniter\View\{closure}()
 4 SYSTEMPATH\Common.php(1135): CodeIgniter\View\View->render('Modules\\Admin\\Views\\pages\\category\\categorylist', [], true)
 5 FCPATH\modules\Admin\Controllers\Addcategory.php(83): view('Modules\\Admin\\Views\\pages\\category\\categorylist', [...])
 6 SYSTEMPATH\CodeIgniter.php(896): Modules\Admin\Controllers\Addcategory->index()
 7 SYSTEMPATH\CodeIgniter.php(466): CodeIgniter\CodeIgniter->runController(Object(Modules\Admin\Controllers\Addcategory))
 8 SYSTEMPATH\CodeIgniter.php(349): CodeIgniter\CodeIgniter->handleRequest(null, Object(Config\Cache), false)
 9 FCPATH\index.php(55): CodeIgniter\CodeIgniter->run()
CRITICAL - 2022-09-08 13:19:53 --> Undefined variable: category
in FCPATH\modules\Admin\Views\pages\category\categorylist.php on line 174.
 1 FCPATH\modules\Admin\Views\pages\category\categorylist.php(174): CodeIgniter\Debug\Exceptions->errorHandler(8, 'Undefined variable: category', 'FCPATH\\modules\\Admin\\Views\\pages\\category\\categorylist.php', 174, [...])
 2 SYSTEMPATH\View\View.php(213): include('FCPATH\\modules\\Admin\\Views\\pages\\category\\categorylist.php')
 3 SYSTEMPATH\View\View.php(216): CodeIgniter\View\View->CodeIgniter\View\{closure}()
 4 SYSTEMPATH\Common.php(1135): CodeIgniter\View\View->render('Modules\\Admin\\Views\\pages\\category\\categorylist', [], true)
 5 FCPATH\modules\Admin\Controllers\Addcategory.php(85): view('Modules\\Admin\\Views\\pages\\category\\categorylist', [...])
 6 SYSTEMPATH\CodeIgniter.php(896): Modules\Admin\Controllers\Addcategory->index()
 7 SYSTEMPATH\CodeIgniter.php(466): CodeIgniter\CodeIgniter->runController(Object(Modules\Admin\Controllers\Addcategory))
 8 SYSTEMPATH\CodeIgniter.php(349): CodeIgniter\CodeIgniter->handleRequest(null, Object(Config\Cache), false)
 9 FCPATH\index.php(55): CodeIgniter\CodeIgniter->run()
CRITICAL - 2022-09-08 13:20:56 --> Undefined variable: cities
in FCPATH\modules\Admin\Views\pages\category\categorylist.php on line 190.
 1 FCPATH\modules\Admin\Views\pages\category\categorylist.php(190): CodeIgniter\Debug\Exceptions->errorHandler(8, 'Undefined variable: cities', 'FCPATH\\modules\\Admin\\Views\\pages\\category\\categorylist.php', 190, [...])
 2 SYSTEMPATH\View\View.php(213): include('FCPATH\\modules\\Admin\\Views\\pages\\category\\categorylist.php')
 3 SYSTEMPATH\View\View.php(216): CodeIgniter\View\View->CodeIgniter\View\{closure}()
 4 SYSTEMPATH\Common.php(1135): CodeIgniter\View\View->render('Modules\\Admin\\Views\\pages\\category\\categorylist', [], true)
 5 FCPATH\modules\Admin\Controllers\Addcategory.php(85): view('Modules\\Admin\\Views\\pages\\category\\categorylist', [...])
 6 SYSTEMPATH\CodeIgniter.php(896): Modules\Admin\Controllers\Addcategory->index()
 7 SYSTEMPATH\CodeIgniter.php(466): CodeIgniter\CodeIgniter->runController(Object(Modules\Admin\Controllers\Addcategory))
 8 SYSTEMPATH\CodeIgniter.php(349): CodeIgniter\CodeIgniter->handleRequest(null, Object(Config\Cache), false)
 9 FCPATH\index.php(55): CodeIgniter\CodeIgniter->run()
CRITICAL - 2022-09-08 13:28:15 --> unlink(C:\xampp\htdocs\ghaseel\writable\debugbar/debugbar_1662610291.265868.json): No such file or directory
in SYSTEMPATH\Debug\Toolbar\Collectors\History.php on line 76.
 1 [internal function]: CodeIgniter\Debug\Exceptions->errorHandler(2, 'unlink(C:\\xampp\\htdocs\\ghaseel\\writable\\debugbar/debugbar_1662610291.265868.json): No such file or directory', 'SYSTEMPATH\\Debug\\Toolbar\\Collectors\\History.php', 76, [...])
 2 SYSTEMPATH\Debug\Toolbar\Collectors\History.php(76): unlink('FCPATH\\writable\\debugbar/debugbar_1662610291.265868.json')
 3 SYSTEMPATH\Debug\Toolbar.php(495): CodeIgniter\Debug\Toolbar\Collectors\History->setFiles('1662614701.941057', 20)
 4 SYSTEMPATH\Debug\Toolbar.php(472): CodeIgniter\Debug\Toolbar->format([...], 'html')
 5 APPPATH\Config\Events.php(46): CodeIgniter\Debug\Toolbar->respond()
 6 SYSTEMPATH\Events\Events.php(149): CodeIgniter\Events\Events::Config\{closure}()
 7 SYSTEMPATH\CodeIgniter.php(326): CodeIgniter\Events\Events::trigger('pre_system')
 8 FCPATH\index.php(55): CodeIgniter\CodeIgniter->run()
