CRITICAL - 2022-09-12 14:52:06 --> Undefined variable: roles
in FCPATH\modules\Admin\Views\pages\company\addnewcompany.php on line 193.
 1 FCPATH\modules\Admin\Views\pages\company\addnewcompany.php(193): CodeIgniter\Debug\Exceptions->errorHandler(8, 'Undefined variable: roles', 'FCPATH\\modules\\Admin\\Views\\pages\\company\\addnewcompany.php', 193, [...])
 2 SYSTEMPATH\View\View.php(213): include('FCPATH\\modules\\Admin\\Views\\pages\\company\\addnewcompany.php')
 3 SYSTEMPATH\View\View.php(216): CodeIgniter\View\View->CodeIgniter\View\{closure}()
 4 SYSTEMPATH\Common.php(1135): CodeIgniter\View\View->render('Modules\\Admin\\Views\\pages\\company\\addnewcompany', [], true)
 5 FCPATH\modules\Admin\Controllers\Addcompany.php(114): view('Modules\\Admin\\Views\\pages\\company\\addnewcompany', [...])
 6 SYSTEMPATH\CodeIgniter.php(896): Modules\Admin\Controllers\Addcompany->addNewCompany()
 7 SYSTEMPATH\CodeIgniter.php(466): CodeIgniter\CodeIgniter->runController(Object(Modules\Admin\Controllers\Addcompany))
 8 SYSTEMPATH\CodeIgniter.php(349): CodeIgniter\CodeIgniter->handleRequest(null, Object(Config\Cache), false)
 9 FCPATH\index.php(55): CodeIgniter\CodeIgniter->run()
CRITICAL - 2022-09-12 15:05:48 --> Undefined variable: title2
in FCPATH\modules\Admin\Views\pages\company\addnewcompany.php on line 223.
 1 FCPATH\modules\Admin\Views\pages\company\addnewcompany.php(223): CodeIgniter\Debug\Exceptions->errorHandler(8, 'Undefined variable: title2', 'FCPATH\\modules\\Admin\\Views\\pages\\company\\addnewcompany.php', 223, [...])
 2 SYSTEMPATH\View\View.php(213): include('FCPATH\\modules\\Admin\\Views\\pages\\company\\addnewcompany.php')
 3 SYSTEMPATH\View\View.php(216): CodeIgniter\View\View->CodeIgniter\View\{closure}()
 4 SYSTEMPATH\Common.php(1135): CodeIgniter\View\View->render('Modules\\Admin\\Views\\pages\\company\\addnewcompany', [], true)
 5 FCPATH\modules\Admin\Controllers\Addcompany.php(113): view('Modules\\Admin\\Views\\pages\\company\\addnewcompany', [...])
 6 SYSTEMPATH\CodeIgniter.php(896): Modules\Admin\Controllers\Addcompany->addNewCompany()
 7 SYSTEMPATH\CodeIgniter.php(466): CodeIgniter\CodeIgniter->runController(Object(Modules\Admin\Controllers\Addcompany))
 8 SYSTEMPATH\CodeIgniter.php(349): CodeIgniter\CodeIgniter->handleRequest(null, Object(Config\Cache), false)
 9 FCPATH\index.php(55): CodeIgniter\CodeIgniter->run()
CRITICAL - 2022-09-12 18:43:52 --> Assignments can only happen to writable values
in FCPATH\modules\Admin\Controllers\Addcompany.php on line 206.
 1 [internal function]: CodeIgniter\Debug\Exceptions->shutdownHandler()
CRITICAL - 2022-09-12 18:44:33 --> Assignments can only happen to writable values
in FCPATH\modules\Admin\Controllers\Addcompany.php on line 207.
 1 [internal function]: CodeIgniter\Debug\Exceptions->shutdownHandler()
CRITICAL - 2022-09-12 18:47:29 --> Undefined property: Modules\Admin\Controllers\Addcompany::$session
in FCPATH\modules\Admin\Controllers\Addcompany.php on line 183.
 1 FCPATH\modules\Admin\Controllers\Addcompany.php(183): CodeIgniter\Debug\Exceptions->errorHandler(8, 'Undefined property: Modules\\Admin\\Controllers\\Addcompany::$session', 'FCPATH\\modules\\Admin\\Controllers\\Addcompany.php', 183, [...])
 2 SYSTEMPATH\CodeIgniter.php(896): Modules\Admin\Controllers\Addcompany->savenewcompany()
 3 SYSTEMPATH\CodeIgniter.php(466): CodeIgniter\CodeIgniter->runController(Object(Modules\Admin\Controllers\Addcompany))
 4 SYSTEMPATH\CodeIgniter.php(349): CodeIgniter\CodeIgniter->handleRequest(null, Object(Config\Cache), false)
 5 FCPATH\index.php(55): CodeIgniter\CodeIgniter->run()
CRITICAL - 2022-09-12 19:27:16 --> syntax error, unexpected '=', expecting ']'
in FCPATH\modules\Admin\Controllers\Addcompany.php on line 308.
 1 SYSTEMPATH\Autoloader\Autoloader.php(261): CodeIgniter\Autoloader\Autoloader->includeFile('FCPATH\\modules\\Admin\\Controllers\\Addcompany.php')
 2 SYSTEMPATH\Autoloader\Autoloader.php(239): CodeIgniter\Autoloader\Autoloader->loadInNamespace('Modules\\Admin\\Controllers\\Addcompany')
 3 [internal function]: CodeIgniter\Autoloader\Autoloader->loadClass('Modules\\Admin\\Controllers\\Addcompany')
 4 [internal function]: spl_autoload_call('Modules\\Admin\\Controllers\\Addcompany')
 5 SYSTEMPATH\CodeIgniter.php(846): class_exists('\\Modules\\Admin\\Controllers\\Addcompany', true)
 6 SYSTEMPATH\CodeIgniter.php(453): CodeIgniter\CodeIgniter->startController()
 7 SYSTEMPATH\CodeIgniter.php(349): CodeIgniter\CodeIgniter->handleRequest(null, Object(Config\Cache), false)
 8 FCPATH\index.php(55): CodeIgniter\CodeIgniter->run()
CRITICAL - 2022-09-12 19:27:37 --> Cannot redeclare Modules\Admin\Controllers\Addcompany::addNewCompany()
in FCPATH\modules\Admin\Controllers\Addcompany.php on line 170.
 1 [internal function]: CodeIgniter\Debug\Exceptions->shutdownHandler()
CRITICAL - 2022-09-12 19:44:31 --> Class 'App\Models\Company_Users' not found
in FCPATH\modules\Admin\Controllers\Addcompany.php on line 40.
 1 SYSTEMPATH\CodeIgniter.php(858): Modules\Admin\Controllers\Addcompany->__construct()
 2 SYSTEMPATH\CodeIgniter.php(457): CodeIgniter\CodeIgniter->createController()
 3 SYSTEMPATH\CodeIgniter.php(349): CodeIgniter\CodeIgniter->handleRequest(null, Object(Config\Cache), false)
 4 FCPATH\index.php(55): CodeIgniter\CodeIgniter->run()
ERROR - 2022-09-12 19:45:45 --> Unknown column 'email' in 'where clause'
CRITICAL - 2022-09-12 19:45:45 --> Unknown column 'email' in 'where clause'
in SYSTEMPATH\Database\MySQLi\Connection.php on line 292.
 1 SYSTEMPATH\Database\MySQLi\Connection.php(292): mysqli->query('SELECT COUNT(*) AS `numrows`
FROM `company`
WHERE `email` = \'thebid@gmail.com\'
AND `phone_number` = \'6455672133\'', 0)
 2 SYSTEMPATH\Database\BaseConnection.php(695): CodeIgniter\Database\MySQLi\Connection->execute('SELECT COUNT(*) AS `numrows`
FROM `company`
WHERE `email` = \'thebid@gmail.com\'
AND `phone_number` = \'6455672133\'')
 3 SYSTEMPATH\Database\BaseConnection.php(609): CodeIgniter\Database\BaseConnection->simpleQuery('SELECT COUNT(*) AS `numrows`
FROM `company`
WHERE `email` = \'thebid@gmail.com\'
AND `phone_number` = \'6455672133\'')
 4 SYSTEMPATH\Database\BaseBuilder.php(1669): CodeIgniter\Database\BaseConnection->query('SELECT COUNT(*) AS `numrows`
FROM `company`
WHERE `email` = :email:
AND `phone_number` = :phone_number:', [...], false)
 5 SYSTEMPATH\Model.php(550): CodeIgniter\Database\BaseBuilder->countAllResults(true)
 6 FCPATH\modules\Admin\Controllers\Addcompany.php(322): CodeIgniter\Model->countAllResults()
 7 SYSTEMPATH\CodeIgniter.php(896): Modules\Admin\Controllers\Addcompany->savenewcompany()
 8 SYSTEMPATH\CodeIgniter.php(466): CodeIgniter\CodeIgniter->runController(Object(Modules\Admin\Controllers\Addcompany))
 9 SYSTEMPATH\CodeIgniter.php(349): CodeIgniter\CodeIgniter->handleRequest(null, Object(Config\Cache), false)
10 FCPATH\index.php(55): CodeIgniter\CodeIgniter->run()
ERROR - 2022-09-12 19:46:38 --> Unknown column 'employee_id' in 'where clause'
CRITICAL - 2022-09-12 19:46:38 --> Unknown column 'employee_id' in 'where clause'
in SYSTEMPATH\Database\MySQLi\Connection.php on line 292.
 1 SYSTEMPATH\Database\MySQLi\Connection.php(292): mysqli->query('SELECT COUNT(*) AS `numrows`
FROM `company`
WHERE `employee_id` = 9391', 0)
 2 SYSTEMPATH\Database\BaseConnection.php(695): CodeIgniter\Database\MySQLi\Connection->execute('SELECT COUNT(*) AS `numrows`
FROM `company`
WHERE `employee_id` = 9391')
 3 SYSTEMPATH\Database\BaseConnection.php(609): CodeIgniter\Database\BaseConnection->simpleQuery('SELECT COUNT(*) AS `numrows`
FROM `company`
WHERE `employee_id` = 9391')
 4 SYSTEMPATH\Database\BaseBuilder.php(1669): CodeIgniter\Database\BaseConnection->query('SELECT COUNT(*) AS `numrows`
FROM `company`
WHERE `employee_id` = :employee_id:', [...], false)
 5 SYSTEMPATH\Model.php(550): CodeIgniter\Database\BaseBuilder->countAllResults(true)
 6 FCPATH\modules\Admin\Controllers\Addcompany.php(323): CodeIgniter\Model->countAllResults()
 7 SYSTEMPATH\CodeIgniter.php(896): Modules\Admin\Controllers\Addcompany->savenewcompany()
 8 SYSTEMPATH\CodeIgniter.php(466): CodeIgniter\CodeIgniter->runController(Object(Modules\Admin\Controllers\Addcompany))
 9 SYSTEMPATH\CodeIgniter.php(349): CodeIgniter\CodeIgniter->handleRequest(null, Object(Config\Cache), false)
10 FCPATH\index.php(55): CodeIgniter\CodeIgniter->run()
CRITICAL - 2022-09-12 19:46:50 --> Undefined index: employee_id
in FCPATH\modules\Admin\Controllers\Addcompany.php on line 323.
 1 FCPATH\modules\Admin\Controllers\Addcompany.php(323): CodeIgniter\Debug\Exceptions->errorHandler(8, 'Undefined index: employee_id', 'FCPATH\\modules\\Admin\\Controllers\\Addcompany.php', 323, [...])
 2 SYSTEMPATH\CodeIgniter.php(896): Modules\Admin\Controllers\Addcompany->savenewcompany()
 3 SYSTEMPATH\CodeIgniter.php(466): CodeIgniter\CodeIgniter->runController(Object(Modules\Admin\Controllers\Addcompany))
 4 SYSTEMPATH\CodeIgniter.php(349): CodeIgniter\CodeIgniter->handleRequest(null, Object(Config\Cache), false)
 5 FCPATH\index.php(55): CodeIgniter\CodeIgniter->run()
CRITICAL - 2022-09-12 19:52:36 --> Undefined variable: company
in FCPATH\modules\Admin\Views\pages\company\companylist.php on line 174.
 1 FCPATH\modules\Admin\Views\pages\company\companylist.php(174): CodeIgniter\Debug\Exceptions->errorHandler(8, 'Undefined variable: company', 'FCPATH\\modules\\Admin\\Views\\pages\\company\\companylist.php', 174, [...])
 2 SYSTEMPATH\View\View.php(213): include('FCPATH\\modules\\Admin\\Views\\pages\\company\\companylist.php')
 3 SYSTEMPATH\View\View.php(216): CodeIgniter\View\View->CodeIgniter\View\{closure}()
 4 SYSTEMPATH\Common.php(1135): CodeIgniter\View\View->render('Modules\\Admin\\Views\\pages\\company\\companylist', [], true)
 5 FCPATH\modules\Admin\Controllers\Addcompany.php(80): view('Modules\\Admin\\Views\\pages\\company\\companylist', [...])
 6 SYSTEMPATH\CodeIgniter.php(896): Modules\Admin\Controllers\Addcompany->index()
 7 SYSTEMPATH\CodeIgniter.php(466): CodeIgniter\CodeIgniter->runController(Object(Modules\Admin\Controllers\Addcompany))
 8 SYSTEMPATH\CodeIgniter.php(349): CodeIgniter\CodeIgniter->handleRequest(null, Object(Config\Cache), false)
 9 FCPATH\index.php(55): CodeIgniter\CodeIgniter->run()
CRITICAL - 2022-09-12 20:17:45 --> Undefined variable: city
in FCPATH\modules\Admin\Views\pages\company\addnewcompany.php on line 213.
 1 FCPATH\modules\Admin\Views\pages\company\addnewcompany.php(213): CodeIgniter\Debug\Exceptions->errorHandler(8, 'Undefined variable: city', 'FCPATH\\modules\\Admin\\Views\\pages\\company\\addnewcompany.php', 213, [...])
 2 SYSTEMPATH\View\View.php(213): include('FCPATH\\modules\\Admin\\Views\\pages\\company\\addnewcompany.php')
 3 SYSTEMPATH\View\View.php(216): CodeIgniter\View\View->CodeIgniter\View\{closure}()
 4 SYSTEMPATH\Common.php(1135): CodeIgniter\View\View->render('Modules\\Admin\\Views\\pages\\company\\addnewcompany', [], true)
 5 FCPATH\modules\Admin\Controllers\Addcompany.php(118): view('Modules\\Admin\\Views\\pages\\company\\addnewcompany', [...])
 6 SYSTEMPATH\CodeIgniter.php(896): Modules\Admin\Controllers\Addcompany->addNewCompany()
 7 SYSTEMPATH\CodeIgniter.php(466): CodeIgniter\CodeIgniter->runController(Object(Modules\Admin\Controllers\Addcompany))
 8 SYSTEMPATH\CodeIgniter.php(349): CodeIgniter\CodeIgniter->handleRequest(null, Object(Config\Cache), false)
 9 FCPATH\index.php(55): CodeIgniter\CodeIgniter->run()
CRITICAL - 2022-09-12 20:18:33 --> Undefined variable: city
in FCPATH\modules\Admin\Views\pages\company\addnewcompany.php on line 213.
 1 FCPATH\modules\Admin\Views\pages\company\addnewcompany.php(213): CodeIgniter\Debug\Exceptions->errorHandler(8, 'Undefined variable: city', 'FCPATH\\modules\\Admin\\Views\\pages\\company\\addnewcompany.php', 213, [...])
 2 SYSTEMPATH\View\View.php(213): include('FCPATH\\modules\\Admin\\Views\\pages\\company\\addnewcompany.php')
 3 SYSTEMPATH\View\View.php(216): CodeIgniter\View\View->CodeIgniter\View\{closure}()
 4 SYSTEMPATH\Common.php(1135): CodeIgniter\View\View->render('Modules\\Admin\\Views\\pages\\company\\addnewcompany', [], true)
 5 FCPATH\modules\Admin\Controllers\Addcompany.php(118): view('Modules\\Admin\\Views\\pages\\company\\addnewcompany', [...])
 6 SYSTEMPATH\CodeIgniter.php(896): Modules\Admin\Controllers\Addcompany->addNewCompany()
 7 SYSTEMPATH\CodeIgniter.php(466): CodeIgniter\CodeIgniter->runController(Object(Modules\Admin\Controllers\Addcompany))
 8 SYSTEMPATH\CodeIgniter.php(349): CodeIgniter\CodeIgniter->handleRequest(null, Object(Config\Cache), false)
 9 FCPATH\index.php(55): CodeIgniter\CodeIgniter->run()
