CRITICAL - 2022-07-27 13:18:02 --> syntax error, unexpected token ":", expecting ";"
in APPPATH\Views\pages\hometwo.php on line 292.
 1 SYSTEMPATH\View\View.php(216): CodeIgniter\View\View->CodeIgniter\View\{closure}()
 2 SYSTEMPATH\Common.php(1135): CodeIgniter\View\View->render('pages/hometwo', [], true)
 3 APPPATH\Controllers\Main.php(39): view('pages/hometwo', [...])
 4 SYSTEMPATH\CodeIgniter.php(896): App\Controllers\Main->index()
 5 SYSTEMPATH\CodeIgniter.php(466): CodeIgniter\CodeIgniter->runController(Object(App\Controllers\Main))
 6 SYSTEMPATH\CodeIgniter.php(349): CodeIgniter\CodeIgniter->handleRequest(null, Object(Config\Cache), false)
 7 FCPATH\index.php(55): CodeIgniter\CodeIgniter->run()
CRITICAL - 2022-07-27 13:33:31 --> Class "App\Controllers\Employee" not found
in APPPATH\Controllers\Auth.php on line 16.
 1 SYSTEMPATH\CodeIgniter.php(858): App\Controllers\Auth->__construct()
 2 SYSTEMPATH\CodeIgniter.php(457): CodeIgniter\CodeIgniter->createController()
 3 SYSTEMPATH\CodeIgniter.php(349): CodeIgniter\CodeIgniter->handleRequest(null, Object(Config\Cache), false)
 4 FCPATH\index.php(55): CodeIgniter\CodeIgniter->run()
CRITICAL - 2022-07-27 13:34:30 --> Class "App\Controllers\Employee_Model" not found
in APPPATH\Controllers\Auth.php on line 16.
 1 SYSTEMPATH\CodeIgniter.php(858): App\Controllers\Auth->__construct()
 2 SYSTEMPATH\CodeIgniter.php(457): CodeIgniter\CodeIgniter->createController()
 3 SYSTEMPATH\CodeIgniter.php(349): CodeIgniter\CodeIgniter->handleRequest(null, Object(Config\Cache), false)
 4 FCPATH\index.php(55): CodeIgniter\CodeIgniter->run()
CRITICAL - 2022-07-27 13:35:40 --> syntax error, unexpected token "as", expecting end of file
in APPPATH\Controllers\Auth.php on line 7.
 1 SYSTEMPATH\Autoloader\Autoloader.php(261): CodeIgniter\Autoloader\Autoloader->includeFile('APPPATH\\Controllers\\Auth.php')
 2 SYSTEMPATH\Autoloader\Autoloader.php(239): CodeIgniter\Autoloader\Autoloader->loadInNamespace('App\\Controllers\\Auth')
 3 [internal function]: CodeIgniter\Autoloader\Autoloader->loadClass('App\\Controllers\\Auth')
 4 SYSTEMPATH\CodeIgniter.php(846): class_exists('\\App\\Controllers\\Auth', true)
 5 SYSTEMPATH\CodeIgniter.php(453): CodeIgniter\CodeIgniter->startController()
 6 SYSTEMPATH\CodeIgniter.php(349): CodeIgniter\CodeIgniter->handleRequest(null, Object(Config\Cache), false)
 7 FCPATH\index.php(55): CodeIgniter\CodeIgniter->run()
CRITICAL - 2022-07-27 13:36:02 --> foreach() argument must be of type array|object, null given
in APPPATH\Controllers\Auth.php on line 31.
 1 APPPATH\Controllers\Auth.php(31): CodeIgniter\Debug\Exceptions->errorHandler(2, 'foreach() argument must be of type array|object, null given', 'APPPATH\\Controllers\\Auth.php', 31)
 2 SYSTEMPATH\CodeIgniter.php(896): App\Controllers\Auth->index()
 3 SYSTEMPATH\CodeIgniter.php(466): CodeIgniter\CodeIgniter->runController(Object(App\Controllers\Auth))
 4 SYSTEMPATH\CodeIgniter.php(349): CodeIgniter\CodeIgniter->handleRequest(null, Object(Config\Cache), false)
 5 FCPATH\index.php(55): CodeIgniter\CodeIgniter->run()
CRITICAL - 2022-07-27 13:37:25 --> Undefined variable $dept_id
in APPPATH\Controllers\Auth.php on line 43.
 1 APPPATH\Controllers\Auth.php(43): CodeIgniter\Debug\Exceptions->errorHandler(2, 'Undefined variable $dept_id', 'APPPATH\\Controllers\\Auth.php', 43)
 2 SYSTEMPATH\CodeIgniter.php(896): App\Controllers\Auth->index()
 3 SYSTEMPATH\CodeIgniter.php(466): CodeIgniter\CodeIgniter->runController(Object(App\Controllers\Auth))
 4 SYSTEMPATH\CodeIgniter.php(349): CodeIgniter\CodeIgniter->handleRequest(null, Object(Config\Cache), false)
 5 FCPATH\index.php(55): CodeIgniter\CodeIgniter->run()
CRITICAL - 2022-07-27 17:42:51 --> Namespace declaration statement has to be the very first statement or after any declare call in the script
in APPPATH\Controllers\Ajaxupload.php on line 5.
 1 [internal function]: CodeIgniter\Debug\Exceptions->shutdownHandler()
CRITICAL - 2022-07-27 17:46:28 --> Namespace declaration statement has to be the very first statement or after any declare call in the script
in APPPATH\Controllers\Ajaxupload.php on line 6.
 1 [internal function]: CodeIgniter\Debug\Exceptions->shutdownHandler()
CRITICAL - 2022-07-27 17:48:03 --> Undefined property: App\Controllers\Ajaxupload::$data
in APPPATH\Controllers\Ajaxupload.php on line 18.
 1 APPPATH\Controllers\Ajaxupload.php(18): CodeIgniter\Debug\Exceptions->errorHandler(2, 'Undefined property: App\\Controllers\\Ajaxupload::$data', 'APPPATH\\Controllers\\Ajaxupload.php', 18)
 2 SYSTEMPATH\CodeIgniter.php(896): App\Controllers\Ajaxupload->index()
 3 SYSTEMPATH\CodeIgniter.php(466): CodeIgniter\CodeIgniter->runController(Object(App\Controllers\Ajaxupload))
 4 SYSTEMPATH\CodeIgniter.php(349): CodeIgniter\CodeIgniter->handleRequest(null, Object(Config\Cache), false)
 5 FCPATH\index.php(55): CodeIgniter\CodeIgniter->run()
CRITICAL - 2022-07-27 17:55:33 --> Undefined variable $departments
in APPPATH\Views\pages\departments\list.php on line 31.
 1 APPPATH\Views\pages\departments\list.php(31): CodeIgniter\Debug\Exceptions->errorHandler(2, 'Undefined variable $departments', 'APPPATH\\Views\\pages\\departments\\list.php', 31)
 2 SYSTEMPATH\View\View.php(213): include('APPPATH\\Views\\pages\\departments\\list.php')
 3 SYSTEMPATH\View\View.php(216): CodeIgniter\View\View->CodeIgniter\View\{closure}()
 4 SYSTEMPATH\Common.php(1135): CodeIgniter\View\View->render('pages/departments/list', [], true)
 5 APPPATH\Controllers\Ajaxupload.php(23): view('pages/departments/list', [...])
 6 SYSTEMPATH\CodeIgniter.php(896): App\Controllers\Ajaxupload->index()
 7 SYSTEMPATH\CodeIgniter.php(466): CodeIgniter\CodeIgniter->runController(Object(App\Controllers\Ajaxupload))
 8 SYSTEMPATH\CodeIgniter.php(349): CodeIgniter\CodeIgniter->handleRequest(null, Object(Config\Cache), false)
 9 FCPATH\index.php(55): CodeIgniter\CodeIgniter->run()
CRITICAL - 2022-07-27 17:57:31 --> Undefined variable $session
in APPPATH\Views\layouts\progressbar.php on line 93.
 1 APPPATH\Views\layouts\progressbar.php(93): CodeIgniter\Debug\Exceptions->errorHandler(2, 'Undefined variable $session', 'APPPATH\\Views\\layouts\\progressbar.php', 93)
 2 SYSTEMPATH\View\View.php(213): include('APPPATH\\Views\\layouts\\progressbar.php')
 3 SYSTEMPATH\View\View.php(216): CodeIgniter\View\View->CodeIgniter\View\{closure}()
 4 SYSTEMPATH\View\View.php(229): CodeIgniter\View\View->render('layouts/progressbar', [], true)
 5 SYSTEMPATH\Common.php(1135): CodeIgniter\View\View->render('pages/departments/uploadimg', [], true)
 6 APPPATH\Controllers\Ajaxupload.php(23): view('pages/departments/uploadimg', [...])
 7 SYSTEMPATH\CodeIgniter.php(896): App\Controllers\Ajaxupload->index()
 8 SYSTEMPATH\CodeIgniter.php(466): CodeIgniter\CodeIgniter->runController(Object(App\Controllers\Ajaxupload))
 9 SYSTEMPATH\CodeIgniter.php(349): CodeIgniter\CodeIgniter->handleRequest(null, Object(Config\Cache), false)
10 FCPATH\index.php(55): CodeIgniter\CodeIgniter->run()
CRITICAL - 2022-07-27 17:58:10 --> Undefined variable $session
in APPPATH\Views\layouts\progressbar.php on line 93.
 1 APPPATH\Views\layouts\progressbar.php(93): CodeIgniter\Debug\Exceptions->errorHandler(2, 'Undefined variable $session', 'APPPATH\\Views\\layouts\\progressbar.php', 93)
 2 SYSTEMPATH\View\View.php(213): include('APPPATH\\Views\\layouts\\progressbar.php')
 3 SYSTEMPATH\View\View.php(216): CodeIgniter\View\View->CodeIgniter\View\{closure}()
 4 SYSTEMPATH\View\View.php(229): CodeIgniter\View\View->render('layouts/progressbar', [], true)
 5 SYSTEMPATH\Common.php(1135): CodeIgniter\View\View->render('pages/departments/uploadimg', [], true)
 6 APPPATH\Controllers\Ajaxupload.php(23): view('pages/departments/uploadimg', [...])
 7 SYSTEMPATH\CodeIgniter.php(896): App\Controllers\Ajaxupload->index()
 8 SYSTEMPATH\CodeIgniter.php(466): CodeIgniter\CodeIgniter->runController(Object(App\Controllers\Ajaxupload))
 9 SYSTEMPATH\CodeIgniter.php(349): CodeIgniter\CodeIgniter->handleRequest(null, Object(Config\Cache), false)
10 FCPATH\index.php(55): CodeIgniter\CodeIgniter->run()
CRITICAL - 2022-07-27 17:58:18 --> Undefined variable $session
in APPPATH\Views\layouts\progressbar.php on line 93.
 1 APPPATH\Views\layouts\progressbar.php(93): CodeIgniter\Debug\Exceptions->errorHandler(2, 'Undefined variable $session', 'APPPATH\\Views\\layouts\\progressbar.php', 93)
 2 SYSTEMPATH\View\View.php(213): include('APPPATH\\Views\\layouts\\progressbar.php')
 3 SYSTEMPATH\View\View.php(216): CodeIgniter\View\View->CodeIgniter\View\{closure}()
 4 SYSTEMPATH\View\View.php(229): CodeIgniter\View\View->render('layouts/progressbar', [], true)
 5 SYSTEMPATH\Common.php(1135): CodeIgniter\View\View->render('pages/departments/uploadimg', [], true)
 6 APPPATH\Controllers\Ajaxupload.php(23): view('pages/departments/uploadimg', [...])
 7 SYSTEMPATH\CodeIgniter.php(896): App\Controllers\Ajaxupload->index()
 8 SYSTEMPATH\CodeIgniter.php(466): CodeIgniter\CodeIgniter->runController(Object(App\Controllers\Ajaxupload))
 9 SYSTEMPATH\CodeIgniter.php(349): CodeIgniter\CodeIgniter->handleRequest(null, Object(Config\Cache), false)
10 FCPATH\index.php(55): CodeIgniter\CodeIgniter->run()
CRITICAL - 2022-07-27 18:56:46 --> Undefined property: App\Controllers\Ajaxupload::$load
in APPPATH\Controllers\Ajaxupload.php on line 46.
 1 APPPATH\Controllers\Ajaxupload.php(46): CodeIgniter\Debug\Exceptions->errorHandler(2, 'Undefined property: App\\Controllers\\Ajaxupload::$load', 'APPPATH\\Controllers\\Ajaxupload.php', 46)
 2 SYSTEMPATH\CodeIgniter.php(896): App\Controllers\Ajaxupload->upload()
 3 SYSTEMPATH\CodeIgniter.php(466): CodeIgniter\CodeIgniter->runController(Object(App\Controllers\Ajaxupload))
 4 SYSTEMPATH\CodeIgniter.php(349): CodeIgniter\CodeIgniter->handleRequest(null, Object(Config\Cache), false)
 5 FCPATH\index.php(55): CodeIgniter\CodeIgniter->run()
CRITICAL - 2022-07-27 18:59:40 --> Undefined property: App\Controllers\Ajaxupload::$load
in APPPATH\Controllers\Ajaxupload.php on line 46.
 1 APPPATH\Controllers\Ajaxupload.php(46): CodeIgniter\Debug\Exceptions->errorHandler(2, 'Undefined property: App\\Controllers\\Ajaxupload::$load', 'APPPATH\\Controllers\\Ajaxupload.php', 46)
 2 SYSTEMPATH\CodeIgniter.php(896): App\Controllers\Ajaxupload->upload()
 3 SYSTEMPATH\CodeIgniter.php(466): CodeIgniter\CodeIgniter->runController(Object(App\Controllers\Ajaxupload))
 4 SYSTEMPATH\CodeIgniter.php(349): CodeIgniter\CodeIgniter->handleRequest(null, Object(Config\Cache), false)
 5 FCPATH\index.php(55): CodeIgniter\CodeIgniter->run()
CRITICAL - 2022-07-27 19:00:47 --> Undefined property: App\Controllers\Ajaxupload::$load
in APPPATH\Controllers\Ajaxupload.php on line 46.
 1 APPPATH\Controllers\Ajaxupload.php(46): CodeIgniter\Debug\Exceptions->errorHandler(2, 'Undefined property: App\\Controllers\\Ajaxupload::$load', 'APPPATH\\Controllers\\Ajaxupload.php', 46)
 2 SYSTEMPATH\CodeIgniter.php(896): App\Controllers\Ajaxupload->upload()
 3 SYSTEMPATH\CodeIgniter.php(466): CodeIgniter\CodeIgniter->runController(Object(App\Controllers\Ajaxupload))
 4 SYSTEMPATH\CodeIgniter.php(349): CodeIgniter\CodeIgniter->handleRequest(null, Object(Config\Cache), false)
 5 FCPATH\index.php(55): CodeIgniter\CodeIgniter->run()
CRITICAL - 2022-07-27 19:06:31 --> Undefined property: App\Controllers\Ajaxupload::$load
in APPPATH\Controllers\Ajaxupload.php on line 46.
 1 APPPATH\Controllers\Ajaxupload.php(46): CodeIgniter\Debug\Exceptions->errorHandler(2, 'Undefined property: App\\Controllers\\Ajaxupload::$load', 'APPPATH\\Controllers\\Ajaxupload.php', 46)
 2 SYSTEMPATH\CodeIgniter.php(896): App\Controllers\Ajaxupload->upload()
 3 SYSTEMPATH\CodeIgniter.php(466): CodeIgniter\CodeIgniter->runController(Object(App\Controllers\Ajaxupload))
 4 SYSTEMPATH\CodeIgniter.php(349): CodeIgniter\CodeIgniter->handleRequest(null, Object(Config\Cache), false)
 5 FCPATH\index.php(55): CodeIgniter\CodeIgniter->run()
CRITICAL - 2022-07-27 19:11:00 --> Undefined property: App\Controllers\Ajaxupload::$load
in APPPATH\Controllers\Ajaxupload.php on line 45.
 1 APPPATH\Controllers\Ajaxupload.php(45): CodeIgniter\Debug\Exceptions->errorHandler(2, 'Undefined property: App\\Controllers\\Ajaxupload::$load', 'APPPATH\\Controllers\\Ajaxupload.php', 45)
 2 SYSTEMPATH\CodeIgniter.php(896): App\Controllers\Ajaxupload->upload()
 3 SYSTEMPATH\CodeIgniter.php(466): CodeIgniter\CodeIgniter->runController(Object(App\Controllers\Ajaxupload))
 4 SYSTEMPATH\CodeIgniter.php(349): CodeIgniter\CodeIgniter->handleRequest(null, Object(Config\Cache), false)
 5 FCPATH\index.php(55): CodeIgniter\CodeIgniter->run()
CRITICAL - 2022-07-27 19:11:13 --> Undefined property: App\Controllers\Ajaxupload::$load
in APPPATH\Controllers\Ajaxupload.php on line 45.
 1 APPPATH\Controllers\Ajaxupload.php(45): CodeIgniter\Debug\Exceptions->errorHandler(2, 'Undefined property: App\\Controllers\\Ajaxupload::$load', 'APPPATH\\Controllers\\Ajaxupload.php', 45)
 2 SYSTEMPATH\CodeIgniter.php(896): App\Controllers\Ajaxupload->upload()
 3 SYSTEMPATH\CodeIgniter.php(466): CodeIgniter\CodeIgniter->runController(Object(App\Controllers\Ajaxupload))
 4 SYSTEMPATH\CodeIgniter.php(349): CodeIgniter\CodeIgniter->handleRequest(null, Object(Config\Cache), false)
 5 FCPATH\index.php(55): CodeIgniter\CodeIgniter->run()
CRITICAL - 2022-07-27 19:11:33 --> Undefined property: App\Controllers\Ajaxupload::$load
in APPPATH\Controllers\Ajaxupload.php on line 45.
 1 APPPATH\Controllers\Ajaxupload.php(45): CodeIgniter\Debug\Exceptions->errorHandler(2, 'Undefined property: App\\Controllers\\Ajaxupload::$load', 'APPPATH\\Controllers\\Ajaxupload.php', 45)
 2 SYSTEMPATH\CodeIgniter.php(896): App\Controllers\Ajaxupload->upload()
 3 SYSTEMPATH\CodeIgniter.php(466): CodeIgniter\CodeIgniter->runController(Object(App\Controllers\Ajaxupload))
 4 SYSTEMPATH\CodeIgniter.php(349): CodeIgniter\CodeIgniter->handleRequest(null, Object(Config\Cache), false)
 5 FCPATH\index.php(55): CodeIgniter\CodeIgniter->run()
