CRITICAL - 2022-08-29 13:05:57 --> Undefined property: Modules\Admin\Controllers\Index::$admin_roles_accesses_model
in FCPATH\modules\Admin\Controllers\index.php on line 92.
 1 FCPATH\modules\Admin\Controllers\index.php(92): CodeIgniter\Debug\Exceptions->errorHandler(8, 'Undefined property: Modules\\Admin\\Controllers\\Index::$admin_roles_accesses_model', 'FCPATH\\modules\\Admin\\Controllers\\index.php', 92, [...])
 2 SYSTEMPATH\CodeIgniter.php(896): Modules\Admin\Controllers\Index->dashboard()
 3 SYSTEMPATH\CodeIgniter.php(466): CodeIgniter\CodeIgniter->runController(Object(Modules\Admin\Controllers\Index))
 4 SYSTEMPATH\CodeIgniter.php(349): CodeIgniter\CodeIgniter->handleRequest(null, Object(Config\Cache), false)
 5 FCPATH\index.php(55): CodeIgniter\CodeIgniter->run()
CRITICAL - 2022-08-29 13:15:55 --> Undefined property: Modules\Admin\Controllers\Index::$admin_roles_accesses_model
in FCPATH\modules\Admin\Controllers\index.php on line 93.
 1 FCPATH\modules\Admin\Controllers\index.php(93): CodeIgniter\Debug\Exceptions->errorHandler(8, 'Undefined property: Modules\\Admin\\Controllers\\Index::$admin_roles_accesses_model', 'FCPATH\\modules\\Admin\\Controllers\\index.php', 93, [...])
 2 SYSTEMPATH\CodeIgniter.php(896): Modules\Admin\Controllers\Index->dashboard()
 3 SYSTEMPATH\CodeIgniter.php(466): CodeIgniter\CodeIgniter->runController(Object(Modules\Admin\Controllers\Index))
 4 SYSTEMPATH\CodeIgniter.php(349): CodeIgniter\CodeIgniter->handleRequest(null, Object(Config\Cache), false)
 5 FCPATH\index.php(55): CodeIgniter\CodeIgniter->run()
CRITICAL - 2022-08-29 13:18:11 --> Access level to Modules\Admin\Models\Admin_Roles_Accesses_Model::$table must be protected (as in class CodeIgniter\Model) or weaker
in APPPATH\Models\admin_roles_accesses_model.php on line 59.
 1 [internal function]: CodeIgniter\Debug\Exceptions->shutdownHandler()
CRITICAL - 2022-08-29 13:19:10 --> Access level to App\Models\Admin_Roles_Accesses_Model::$table must be protected (as in class CodeIgniter\Model) or weaker
in APPPATH\Models\admin_roles_accesses_model.php on line 59.
 1 [internal function]: CodeIgniter\Debug\Exceptions->shutdownHandler()
CRITICAL - 2022-08-29 13:19:48 --> Call to undefined method CodeIgniter\Database\MySQLi\Connection::where()
in APPPATH\Models\admin_roles_accesses_model.php on line 35.
 1 FCPATH\modules\Admin\Controllers\index.php(94): App\Models\Admin_Roles_Accesses_Model->get_role_access('1')
 2 SYSTEMPATH\CodeIgniter.php(896): Modules\Admin\Controllers\Index->dashboard()
 3 SYSTEMPATH\CodeIgniter.php(466): CodeIgniter\CodeIgniter->runController(Object(Modules\Admin\Controllers\Index))
 4 SYSTEMPATH\CodeIgniter.php(349): CodeIgniter\CodeIgniter->handleRequest(null, Object(Config\Cache), false)
 5 FCPATH\index.php(55): CodeIgniter\CodeIgniter->run()
CRITICAL - 2022-08-29 13:29:04 --> Trying to access array offset on value of type null
in FCPATH\modules\Admin\Controllers\index.php on line 87.
 1 FCPATH\modules\Admin\Controllers\index.php(87): CodeIgniter\Debug\Exceptions->errorHandler(8, 'Trying to access array offset on value of type null', 'FCPATH\\modules\\Admin\\Controllers\\index.php', 87, [...])
 2 SYSTEMPATH\CodeIgniter.php(896): Modules\Admin\Controllers\Index->dashboard()
 3 SYSTEMPATH\CodeIgniter.php(466): CodeIgniter\CodeIgniter->runController(Object(Modules\Admin\Controllers\Index))
 4 SYSTEMPATH\CodeIgniter.php(349): CodeIgniter\CodeIgniter->handleRequest(null, Object(Config\Cache), false)
 5 FCPATH\index.php(55): CodeIgniter\CodeIgniter->run()
CRITICAL - 2022-08-29 13:29:46 --> Call to undefined method CodeIgniter\Database\MySQLi\Connection::where()
in APPPATH\Models\admin_roles_accesses_model.php on line 35.
 1 FCPATH\modules\Admin\Controllers\index.php(94): App\Models\Admin_Roles_Accesses_Model->get_role_access('1')
 2 SYSTEMPATH\CodeIgniter.php(896): Modules\Admin\Controllers\Index->dashboard()
 3 SYSTEMPATH\CodeIgniter.php(466): CodeIgniter\CodeIgniter->runController(Object(Modules\Admin\Controllers\Index))
 4 SYSTEMPATH\CodeIgniter.php(349): CodeIgniter\CodeIgniter->handleRequest(null, Object(Config\Cache), false)
 5 FCPATH\index.php(55): CodeIgniter\CodeIgniter->run()
CRITICAL - 2022-08-29 15:10:04 --> Call to undefined method CodeIgniter\Database\MySQLi\Connection::where()
in APPPATH\Models\admin_roles_accesses_model.php on line 35.
 1 FCPATH\modules\Admin\Controllers\index.php(94): App\Models\Admin_Roles_Accesses_Model->get_role_access('1')
 2 SYSTEMPATH\CodeIgniter.php(896): Modules\Admin\Controllers\Index->dashboard()
 3 SYSTEMPATH\CodeIgniter.php(466): CodeIgniter\CodeIgniter->runController(Object(Modules\Admin\Controllers\Index))
 4 SYSTEMPATH\CodeIgniter.php(349): CodeIgniter\CodeIgniter->handleRequest(null, Object(Config\Cache), false)
 5 FCPATH\index.php(55): CodeIgniter\CodeIgniter->run()
CRITICAL - 2022-08-29 15:25:18 --> Trying to access array offset on value of type null
in FCPATH\modules\Admin\Controllers\index.php on line 87.
 1 FCPATH\modules\Admin\Controllers\index.php(87): CodeIgniter\Debug\Exceptions->errorHandler(8, 'Trying to access array offset on value of type null', 'FCPATH\\modules\\Admin\\Controllers\\index.php', 87, [...])
 2 SYSTEMPATH\CodeIgniter.php(896): Modules\Admin\Controllers\Index->dashboard()
 3 SYSTEMPATH\CodeIgniter.php(466): CodeIgniter\CodeIgniter->runController(Object(Modules\Admin\Controllers\Index))
 4 SYSTEMPATH\CodeIgniter.php(349): CodeIgniter\CodeIgniter->handleRequest(null, Object(Config\Cache), false)
 5 FCPATH\index.php(55): CodeIgniter\CodeIgniter->run()
CRITICAL - 2022-08-29 15:25:33 --> Call to undefined method CodeIgniter\Database\MySQLi\Connection::where()
in APPPATH\Models\admin_roles_accesses_model.php on line 36.
 1 FCPATH\modules\Admin\Controllers\index.php(94): App\Models\Admin_Roles_Accesses_Model->get_role_access('1')
 2 SYSTEMPATH\CodeIgniter.php(896): Modules\Admin\Controllers\Index->dashboard()
 3 SYSTEMPATH\CodeIgniter.php(466): CodeIgniter\CodeIgniter->runController(Object(Modules\Admin\Controllers\Index))
 4 SYSTEMPATH\CodeIgniter.php(349): CodeIgniter\CodeIgniter->handleRequest(null, Object(Config\Cache), false)
 5 FCPATH\index.php(55): CodeIgniter\CodeIgniter->run()
CRITICAL - 2022-08-29 15:26:53 --> Call to undefined method CodeIgniter\Database\MySQLi\Connection::where()
in APPPATH\Models\admin_roles_accesses_model.php on line 36.
 1 FCPATH\modules\Admin\Controllers\index.php(94): App\Models\Admin_Roles_Accesses_Model->get_role_access('1')
 2 SYSTEMPATH\CodeIgniter.php(896): Modules\Admin\Controllers\Index->dashboard()
 3 SYSTEMPATH\CodeIgniter.php(466): CodeIgniter\CodeIgniter->runController(Object(Modules\Admin\Controllers\Index))
 4 SYSTEMPATH\CodeIgniter.php(349): CodeIgniter\CodeIgniter->handleRequest(null, Object(Config\Cache), false)
 5 FCPATH\index.php(55): CodeIgniter\CodeIgniter->run()
CRITICAL - 2022-08-29 15:26:55 --> Call to undefined method CodeIgniter\Database\MySQLi\Connection::where()
in APPPATH\Models\admin_roles_accesses_model.php on line 36.
 1 FCPATH\modules\Admin\Controllers\index.php(94): App\Models\Admin_Roles_Accesses_Model->get_role_access('1')
 2 SYSTEMPATH\CodeIgniter.php(896): Modules\Admin\Controllers\Index->dashboard()
 3 SYSTEMPATH\CodeIgniter.php(466): CodeIgniter\CodeIgniter->runController(Object(Modules\Admin\Controllers\Index))
 4 SYSTEMPATH\CodeIgniter.php(349): CodeIgniter\CodeIgniter->handleRequest(null, Object(Config\Cache), false)
 5 FCPATH\index.php(55): CodeIgniter\CodeIgniter->run()
CRITICAL - 2022-08-29 15:26:57 --> Call to undefined method CodeIgniter\Database\MySQLi\Connection::where()
in APPPATH\Models\admin_roles_accesses_model.php on line 36.
 1 FCPATH\modules\Admin\Controllers\index.php(94): App\Models\Admin_Roles_Accesses_Model->get_role_access('1')
 2 SYSTEMPATH\CodeIgniter.php(896): Modules\Admin\Controllers\Index->dashboard()
 3 SYSTEMPATH\CodeIgniter.php(466): CodeIgniter\CodeIgniter->runController(Object(Modules\Admin\Controllers\Index))
 4 SYSTEMPATH\CodeIgniter.php(349): CodeIgniter\CodeIgniter->handleRequest(null, Object(Config\Cache), false)
 5 FCPATH\index.php(55): CodeIgniter\CodeIgniter->run()
CRITICAL - 2022-08-29 15:27:02 --> Call to undefined method CodeIgniter\Database\MySQLi\Connection::where()
in APPPATH\Models\admin_roles_accesses_model.php on line 36.
 1 FCPATH\modules\Admin\Controllers\index.php(94): App\Models\Admin_Roles_Accesses_Model->get_role_access('1')
 2 SYSTEMPATH\CodeIgniter.php(896): Modules\Admin\Controllers\Index->dashboard()
 3 SYSTEMPATH\CodeIgniter.php(466): CodeIgniter\CodeIgniter->runController(Object(Modules\Admin\Controllers\Index))
 4 SYSTEMPATH\CodeIgniter.php(349): CodeIgniter\CodeIgniter->handleRequest(null, Object(Config\Cache), false)
 5 FCPATH\index.php(55): CodeIgniter\CodeIgniter->run()
CRITICAL - 2022-08-29 15:27:04 --> Call to undefined method CodeIgniter\Database\MySQLi\Connection::where()
in APPPATH\Models\admin_roles_accesses_model.php on line 36.
 1 FCPATH\modules\Admin\Controllers\index.php(94): App\Models\Admin_Roles_Accesses_Model->get_role_access('1')
 2 SYSTEMPATH\CodeIgniter.php(896): Modules\Admin\Controllers\Index->dashboard()
 3 SYSTEMPATH\CodeIgniter.php(466): CodeIgniter\CodeIgniter->runController(Object(Modules\Admin\Controllers\Index))
 4 SYSTEMPATH\CodeIgniter.php(349): CodeIgniter\CodeIgniter->handleRequest(null, Object(Config\Cache), false)
 5 FCPATH\index.php(55): CodeIgniter\CodeIgniter->run()
CRITICAL - 2022-08-29 15:33:43 --> Trying to access array offset on value of type null
in FCPATH\modules\Admin\Controllers\index.php on line 87.
 1 FCPATH\modules\Admin\Controllers\index.php(87): CodeIgniter\Debug\Exceptions->errorHandler(8, 'Trying to access array offset on value of type null', 'FCPATH\\modules\\Admin\\Controllers\\index.php', 87, [...])
 2 SYSTEMPATH\CodeIgniter.php(896): Modules\Admin\Controllers\Index->dashboard()
 3 SYSTEMPATH\CodeIgniter.php(466): CodeIgniter\CodeIgniter->runController(Object(Modules\Admin\Controllers\Index))
 4 SYSTEMPATH\CodeIgniter.php(349): CodeIgniter\CodeIgniter->handleRequest(null, Object(Config\Cache), false)
 5 FCPATH\index.php(55): CodeIgniter\CodeIgniter->run()
CRITICAL - 2022-08-29 15:35:46 --> Trying to access array offset on value of type null
in FCPATH\modules\Admin\Controllers\index.php on line 87.
 1 FCPATH\modules\Admin\Controllers\index.php(87): CodeIgniter\Debug\Exceptions->errorHandler(8, 'Trying to access array offset on value of type null', 'FCPATH\\modules\\Admin\\Controllers\\index.php', 87, [...])
 2 SYSTEMPATH\CodeIgniter.php(896): Modules\Admin\Controllers\Index->dashboard()
 3 SYSTEMPATH\CodeIgniter.php(466): CodeIgniter\CodeIgniter->runController(Object(Modules\Admin\Controllers\Index))
 4 SYSTEMPATH\CodeIgniter.php(349): CodeIgniter\CodeIgniter->handleRequest(null, Object(Config\Cache), false)
 5 FCPATH\index.php(55): CodeIgniter\CodeIgniter->run()
CRITICAL - 2022-08-29 15:38:00 --> Call to undefined method CodeIgniter\Database\MySQLi\Result::num_rows()
in APPPATH\Models\admin_roles_accesses_model.php on line 49.
 1 FCPATH\modules\Admin\Controllers\index.php(94): App\Models\Admin_Roles_Accesses_Model->get_role_access('1')
 2 SYSTEMPATH\CodeIgniter.php(896): Modules\Admin\Controllers\Index->dashboard()
 3 SYSTEMPATH\CodeIgniter.php(466): CodeIgniter\CodeIgniter->runController(Object(Modules\Admin\Controllers\Index))
 4 SYSTEMPATH\CodeIgniter.php(349): CodeIgniter\CodeIgniter->handleRequest(null, Object(Config\Cache), false)
 5 FCPATH\index.php(55): CodeIgniter\CodeIgniter->run()
CRITICAL - 2022-08-29 15:38:49 --> Call to undefined method CodeIgniter\Database\MySQLi\Result::num_rows()
in APPPATH\Models\admin_roles_accesses_model.php on line 49.
 1 FCPATH\modules\Admin\Controllers\index.php(94): App\Models\Admin_Roles_Accesses_Model->get_role_access('1')
 2 SYSTEMPATH\CodeIgniter.php(896): Modules\Admin\Controllers\Index->dashboard()
 3 SYSTEMPATH\CodeIgniter.php(466): CodeIgniter\CodeIgniter->runController(Object(Modules\Admin\Controllers\Index))
 4 SYSTEMPATH\CodeIgniter.php(349): CodeIgniter\CodeIgniter->handleRequest(null, Object(Config\Cache), false)
 5 FCPATH\index.php(55): CodeIgniter\CodeIgniter->run()
CRITICAL - 2022-08-29 15:39:00 --> Call to undefined method CodeIgniter\Database\MySQLi\Result::num_rows()
in APPPATH\Models\admin_roles_accesses_model.php on line 49.
 1 FCPATH\modules\Admin\Controllers\index.php(94): App\Models\Admin_Roles_Accesses_Model->get_role_access('1')
 2 SYSTEMPATH\CodeIgniter.php(896): Modules\Admin\Controllers\Index->dashboard()
 3 SYSTEMPATH\CodeIgniter.php(466): CodeIgniter\CodeIgniter->runController(Object(Modules\Admin\Controllers\Index))
 4 SYSTEMPATH\CodeIgniter.php(349): CodeIgniter\CodeIgniter->handleRequest(null, Object(Config\Cache), false)
 5 FCPATH\index.php(55): CodeIgniter\CodeIgniter->run()
CRITICAL - 2022-08-29 15:41:14 --> Call to undefined method CodeIgniter\Database\MySQLi\Result::num_rows()
in APPPATH\Models\admin_roles_accesses_model.php on line 52.
 1 FCPATH\modules\Admin\Controllers\index.php(94): App\Models\Admin_Roles_Accesses_Model->get_role_access('1')
 2 SYSTEMPATH\CodeIgniter.php(896): Modules\Admin\Controllers\Index->dashboard()
 3 SYSTEMPATH\CodeIgniter.php(466): CodeIgniter\CodeIgniter->runController(Object(Modules\Admin\Controllers\Index))
 4 SYSTEMPATH\CodeIgniter.php(349): CodeIgniter\CodeIgniter->handleRequest(null, Object(Config\Cache), false)
 5 FCPATH\index.php(55): CodeIgniter\CodeIgniter->run()
CRITICAL - 2022-08-29 15:45:30 --> Trying to access array offset on value of type null
in FCPATH\modules\Admin\Controllers\index.php on line 87.
 1 FCPATH\modules\Admin\Controllers\index.php(87): CodeIgniter\Debug\Exceptions->errorHandler(8, 'Trying to access array offset on value of type null', 'FCPATH\\modules\\Admin\\Controllers\\index.php', 87, [...])
 2 SYSTEMPATH\CodeIgniter.php(896): Modules\Admin\Controllers\Index->dashboard()
 3 SYSTEMPATH\CodeIgniter.php(466): CodeIgniter\CodeIgniter->runController(Object(Modules\Admin\Controllers\Index))
 4 SYSTEMPATH\CodeIgniter.php(349): CodeIgniter\CodeIgniter->handleRequest(null, Object(Config\Cache), false)
 5 FCPATH\index.php(55): CodeIgniter\CodeIgniter->run()
CRITICAL - 2022-08-29 15:47:09 --> Trying to access array offset on value of type null
in FCPATH\modules\Admin\Controllers\index.php on line 87.
 1 FCPATH\modules\Admin\Controllers\index.php(87): CodeIgniter\Debug\Exceptions->errorHandler(8, 'Trying to access array offset on value of type null', 'FCPATH\\modules\\Admin\\Controllers\\index.php', 87, [...])
 2 SYSTEMPATH\CodeIgniter.php(896): Modules\Admin\Controllers\Index->dashboard()
 3 SYSTEMPATH\CodeIgniter.php(466): CodeIgniter\CodeIgniter->runController(Object(Modules\Admin\Controllers\Index))
 4 SYSTEMPATH\CodeIgniter.php(349): CodeIgniter\CodeIgniter->handleRequest(null, Object(Config\Cache), false)
 5 FCPATH\index.php(55): CodeIgniter\CodeIgniter->run()
CRITICAL - 2022-08-29 15:51:59 --> Undefined property: Modules\Admin\Controllers\Index::$session
in FCPATH\modules\Admin\Controllers\index.php on line 100.
 1 FCPATH\modules\Admin\Controllers\index.php(100): CodeIgniter\Debug\Exceptions->errorHandler(8, 'Undefined property: Modules\\Admin\\Controllers\\Index::$session', 'FCPATH\\modules\\Admin\\Controllers\\index.php', 100, [...])
 2 SYSTEMPATH\CodeIgniter.php(896): Modules\Admin\Controllers\Index->dashboard()
 3 SYSTEMPATH\CodeIgniter.php(466): CodeIgniter\CodeIgniter->runController(Object(Modules\Admin\Controllers\Index))
 4 SYSTEMPATH\CodeIgniter.php(349): CodeIgniter\CodeIgniter->handleRequest(null, Object(Config\Cache), false)
 5 FCPATH\index.php(55): CodeIgniter\CodeIgniter->run()
CRITICAL - 2022-08-29 15:52:10 --> Undefined property: Modules\Admin\Controllers\Index::$session
in FCPATH\modules\Admin\Controllers\index.php on line 100.
 1 FCPATH\modules\Admin\Controllers\index.php(100): CodeIgniter\Debug\Exceptions->errorHandler(8, 'Undefined property: Modules\\Admin\\Controllers\\Index::$session', 'FCPATH\\modules\\Admin\\Controllers\\index.php', 100, [...])
 2 SYSTEMPATH\CodeIgniter.php(896): Modules\Admin\Controllers\Index->dashboard()
 3 SYSTEMPATH\CodeIgniter.php(466): CodeIgniter\CodeIgniter->runController(Object(Modules\Admin\Controllers\Index))
 4 SYSTEMPATH\CodeIgniter.php(349): CodeIgniter\CodeIgniter->handleRequest(null, Object(Config\Cache), false)
 5 FCPATH\index.php(55): CodeIgniter\CodeIgniter->run()
CRITICAL - 2022-08-29 16:03:01 --> Trying to access array offset on value of type null
in FCPATH\modules\Admin\Controllers\index.php on line 85.
 1 FCPATH\modules\Admin\Controllers\index.php(85): CodeIgniter\Debug\Exceptions->errorHandler(8, 'Trying to access array offset on value of type null', 'FCPATH\\modules\\Admin\\Controllers\\index.php', 85, [...])
 2 SYSTEMPATH\CodeIgniter.php(896): Modules\Admin\Controllers\Index->dashboard()
 3 SYSTEMPATH\CodeIgniter.php(466): CodeIgniter\CodeIgniter->runController(Object(Modules\Admin\Controllers\Index))
 4 SYSTEMPATH\CodeIgniter.php(349): CodeIgniter\CodeIgniter->handleRequest(null, Object(Config\Cache), false)
 5 FCPATH\index.php(55): CodeIgniter\CodeIgniter->run()
CRITICAL - 2022-08-29 17:17:51 --> Undefined property: Modules\Admin\Controllers\Index::$load
in FCPATH\modules\Admin\Controllers\index.php on line 105.
 1 FCPATH\modules\Admin\Controllers\index.php(105): CodeIgniter\Debug\Exceptions->errorHandler(8, 'Undefined property: Modules\\Admin\\Controllers\\Index::$load', 'FCPATH\\modules\\Admin\\Controllers\\index.php', 105, [...])
 2 SYSTEMPATH\CodeIgniter.php(896): Modules\Admin\Controllers\Index->dashboard()
 3 SYSTEMPATH\CodeIgniter.php(466): CodeIgniter\CodeIgniter->runController(Object(Modules\Admin\Controllers\Index))
 4 SYSTEMPATH\CodeIgniter.php(349): CodeIgniter\CodeIgniter->handleRequest(null, Object(Config\Cache), false)
 5 FCPATH\index.php(55): CodeIgniter\CodeIgniter->run()
CRITICAL - 2022-08-29 17:27:07 --> Undefined variable: session
in FCPATH\modules\Admin\Views\pages\hometwo.php on line 137.
 1 FCPATH\modules\Admin\Views\pages\hometwo.php(137): CodeIgniter\Debug\Exceptions->errorHandler(8, 'Undefined variable: session', 'FCPATH\\modules\\Admin\\Views\\pages\\hometwo.php', 137, [...])
 2 SYSTEMPATH\View\View.php(213): include('FCPATH\\modules\\Admin\\Views\\pages\\hometwo.php')
 3 SYSTEMPATH\View\View.php(216): CodeIgniter\View\View->CodeIgniter\View\{closure}()
 4 SYSTEMPATH\Common.php(1135): CodeIgniter\View\View->render('Modules\\Admin\\Views\\pages\\hometwo', [], true)
 5 FCPATH\modules\Admin\Controllers\index.php(104): view('Modules\\Admin\\Views\\pages\\hometwo', [...])
 6 SYSTEMPATH\CodeIgniter.php(896): Modules\Admin\Controllers\Index->dashboard()
 7 SYSTEMPATH\CodeIgniter.php(466): CodeIgniter\CodeIgniter->runController(Object(Modules\Admin\Controllers\Index))
 8 SYSTEMPATH\CodeIgniter.php(349): CodeIgniter\CodeIgniter->handleRequest(null, Object(Config\Cache), false)
 9 FCPATH\index.php(55): CodeIgniter\CodeIgniter->run()
CRITICAL - 2022-08-29 18:12:09 --> Undefined variable: session
in FCPATH\modules\Admin\Views\pages\hometwo.php on line 152.
 1 FCPATH\modules\Admin\Views\pages\hometwo.php(152): CodeIgniter\Debug\Exceptions->errorHandler(8, 'Undefined variable: session', 'FCPATH\\modules\\Admin\\Views\\pages\\hometwo.php', 152, [...])
 2 SYSTEMPATH\View\View.php(213): include('FCPATH\\modules\\Admin\\Views\\pages\\hometwo.php')
 3 SYSTEMPATH\View\View.php(216): CodeIgniter\View\View->CodeIgniter\View\{closure}()
 4 SYSTEMPATH\Common.php(1135): CodeIgniter\View\View->render('Modules\\Admin\\Views\\pages\\hometwo', [], true)
 5 FCPATH\modules\Admin\Controllers\index.php(104): view('Modules\\Admin\\Views\\pages\\hometwo', [...])
 6 SYSTEMPATH\CodeIgniter.php(896): Modules\Admin\Controllers\Index->dashboard()
 7 SYSTEMPATH\CodeIgniter.php(466): CodeIgniter\CodeIgniter->runController(Object(Modules\Admin\Controllers\Index))
 8 SYSTEMPATH\CodeIgniter.php(349): CodeIgniter\CodeIgniter->handleRequest(null, Object(Config\Cache), false)
 9 FCPATH\index.php(55): CodeIgniter\CodeIgniter->run()
CRITICAL - 2022-08-29 18:19:23 --> Trying to access array offset on value of type null
in FCPATH\modules\Admin\Controllers\index.php on line 87.
 1 FCPATH\modules\Admin\Controllers\index.php(87): CodeIgniter\Debug\Exceptions->errorHandler(8, 'Trying to access array offset on value of type null', 'FCPATH\\modules\\Admin\\Controllers\\index.php', 87, [...])
 2 SYSTEMPATH\CodeIgniter.php(896): Modules\Admin\Controllers\Index->dashboard()
 3 SYSTEMPATH\CodeIgniter.php(466): CodeIgniter\CodeIgniter->runController(Object(Modules\Admin\Controllers\Index))
 4 SYSTEMPATH\CodeIgniter.php(349): CodeIgniter\CodeIgniter->handleRequest(null, Object(Config\Cache), false)
 5 FCPATH\index.php(55): CodeIgniter\CodeIgniter->run()
CRITICAL - 2022-08-29 18:19:39 --> Undefined property: CodeIgniter\View\View::$uri
in FCPATH\modules\Admin\Views\pages\hometwo.php on line 18.
 1 FCPATH\modules\Admin\Views\pages\hometwo.php(18): CodeIgniter\Debug\Exceptions->errorHandler(8, 'Undefined property: CodeIgniter\\View\\View::$uri', 'FCPATH\\modules\\Admin\\Views\\pages\\hometwo.php', 18, [...])
 2 SYSTEMPATH\View\View.php(213): include('FCPATH\\modules\\Admin\\Views\\pages\\hometwo.php')
 3 SYSTEMPATH\View\View.php(216): CodeIgniter\View\View->CodeIgniter\View\{closure}()
 4 SYSTEMPATH\Common.php(1135): CodeIgniter\View\View->render('Modules\\Admin\\Views\\pages\\hometwo', [], true)
 5 FCPATH\modules\Admin\Controllers\index.php(104): view('Modules\\Admin\\Views\\pages\\hometwo', [...])
 6 SYSTEMPATH\CodeIgniter.php(896): Modules\Admin\Controllers\Index->dashboard()
 7 SYSTEMPATH\CodeIgniter.php(466): CodeIgniter\CodeIgniter->runController(Object(Modules\Admin\Controllers\Index))
 8 SYSTEMPATH\CodeIgniter.php(349): CodeIgniter\CodeIgniter->handleRequest(null, Object(Config\Cache), false)
 9 FCPATH\index.php(55): CodeIgniter\CodeIgniter->run()
CRITICAL - 2022-08-29 18:22:50 --> Undefined property: CodeIgniter\View\View::$uri
in FCPATH\modules\Admin\Views\pages\hometwo.php on line 20.
 1 FCPATH\modules\Admin\Views\pages\hometwo.php(20): CodeIgniter\Debug\Exceptions->errorHandler(8, 'Undefined property: CodeIgniter\\View\\View::$uri', 'FCPATH\\modules\\Admin\\Views\\pages\\hometwo.php', 20, [...])
 2 SYSTEMPATH\View\View.php(213): include('FCPATH\\modules\\Admin\\Views\\pages\\hometwo.php')
 3 SYSTEMPATH\View\View.php(216): CodeIgniter\View\View->CodeIgniter\View\{closure}()
 4 SYSTEMPATH\Common.php(1135): CodeIgniter\View\View->render('Modules\\Admin\\Views\\pages\\hometwo', [], true)
 5 FCPATH\modules\Admin\Controllers\index.php(105): view('Modules\\Admin\\Views\\pages\\hometwo', [...])
 6 SYSTEMPATH\CodeIgniter.php(896): Modules\Admin\Controllers\Index->dashboard()
 7 SYSTEMPATH\CodeIgniter.php(466): CodeIgniter\CodeIgniter->runController(Object(Modules\Admin\Controllers\Index))
 8 SYSTEMPATH\CodeIgniter.php(349): CodeIgniter\CodeIgniter->handleRequest(null, Object(Config\Cache), false)
 9 FCPATH\index.php(55): CodeIgniter\CodeIgniter->run()
CRITICAL - 2022-08-29 18:31:18 --> Trying to access array offset on value of type null
in FCPATH\modules\Admin\Controllers\index.php on line 87.
 1 FCPATH\modules\Admin\Controllers\index.php(87): CodeIgniter\Debug\Exceptions->errorHandler(8, 'Trying to access array offset on value of type null', 'FCPATH\\modules\\Admin\\Controllers\\index.php', 87, [...])
 2 SYSTEMPATH\CodeIgniter.php(896): Modules\Admin\Controllers\Index->dashboard()
 3 SYSTEMPATH\CodeIgniter.php(466): CodeIgniter\CodeIgniter->runController(Object(Modules\Admin\Controllers\Index))
 4 SYSTEMPATH\CodeIgniter.php(349): CodeIgniter\CodeIgniter->handleRequest(null, Object(Config\Cache), false)
 5 FCPATH\index.php(55): CodeIgniter\CodeIgniter->run()
CRITICAL - 2022-08-29 18:31:42 --> Undefined property: CodeIgniter\View\View::$geturi
in FCPATH\modules\Admin\Views\pages\hometwo.php on line 20.
 1 FCPATH\modules\Admin\Views\pages\hometwo.php(20): CodeIgniter\Debug\Exceptions->errorHandler(8, 'Undefined property: CodeIgniter\\View\\View::$geturi', 'FCPATH\\modules\\Admin\\Views\\pages\\hometwo.php', 20, [...])
 2 SYSTEMPATH\View\View.php(213): include('FCPATH\\modules\\Admin\\Views\\pages\\hometwo.php')
 3 SYSTEMPATH\View\View.php(216): CodeIgniter\View\View->CodeIgniter\View\{closure}()
 4 SYSTEMPATH\Common.php(1135): CodeIgniter\View\View->render('Modules\\Admin\\Views\\pages\\hometwo', [], true)
 5 FCPATH\modules\Admin\Controllers\index.php(105): view('Modules\\Admin\\Views\\pages\\hometwo', [...])
 6 SYSTEMPATH\CodeIgniter.php(896): Modules\Admin\Controllers\Index->dashboard()
 7 SYSTEMPATH\CodeIgniter.php(466): CodeIgniter\CodeIgniter->runController(Object(Modules\Admin\Controllers\Index))
 8 SYSTEMPATH\CodeIgniter.php(349): CodeIgniter\CodeIgniter->handleRequest(null, Object(Config\Cache), false)
 9 FCPATH\index.php(55): CodeIgniter\CodeIgniter->run()
CRITICAL - 2022-08-29 18:32:01 --> Undefined property: CodeIgniter\View\View::$uri
in FCPATH\modules\Admin\Views\pages\hometwo.php on line 20.
 1 FCPATH\modules\Admin\Views\pages\hometwo.php(20): CodeIgniter\Debug\Exceptions->errorHandler(8, 'Undefined property: CodeIgniter\\View\\View::$uri', 'FCPATH\\modules\\Admin\\Views\\pages\\hometwo.php', 20, [...])
 2 SYSTEMPATH\View\View.php(213): include('FCPATH\\modules\\Admin\\Views\\pages\\hometwo.php')
 3 SYSTEMPATH\View\View.php(216): CodeIgniter\View\View->CodeIgniter\View\{closure}()
 4 SYSTEMPATH\Common.php(1135): CodeIgniter\View\View->render('Modules\\Admin\\Views\\pages\\hometwo', [], true)
 5 FCPATH\modules\Admin\Controllers\index.php(105): view('Modules\\Admin\\Views\\pages\\hometwo', [...])
 6 SYSTEMPATH\CodeIgniter.php(896): Modules\Admin\Controllers\Index->dashboard()
 7 SYSTEMPATH\CodeIgniter.php(466): CodeIgniter\CodeIgniter->runController(Object(Modules\Admin\Controllers\Index))
 8 SYSTEMPATH\CodeIgniter.php(349): CodeIgniter\CodeIgniter->handleRequest(null, Object(Config\Cache), false)
 9 FCPATH\index.php(55): CodeIgniter\CodeIgniter->run()
CRITICAL - 2022-08-29 18:35:31 --> Undefined property: CodeIgniter\View\View::$uri
in FCPATH\modules\Admin\Views\pages\hometwo.php on line 20.
 1 FCPATH\modules\Admin\Views\pages\hometwo.php(20): CodeIgniter\Debug\Exceptions->errorHandler(8, 'Undefined property: CodeIgniter\\View\\View::$uri', 'FCPATH\\modules\\Admin\\Views\\pages\\hometwo.php', 20, [...])
 2 SYSTEMPATH\View\View.php(213): include('FCPATH\\modules\\Admin\\Views\\pages\\hometwo.php')
 3 SYSTEMPATH\View\View.php(216): CodeIgniter\View\View->CodeIgniter\View\{closure}()
 4 SYSTEMPATH\Common.php(1135): CodeIgniter\View\View->render('Modules\\Admin\\Views\\pages\\hometwo', [], true)
 5 FCPATH\modules\Admin\Controllers\index.php(105): view('Modules\\Admin\\Views\\pages\\hometwo', [...])
 6 SYSTEMPATH\CodeIgniter.php(896): Modules\Admin\Controllers\Index->dashboard()
 7 SYSTEMPATH\CodeIgniter.php(466): CodeIgniter\CodeIgniter->runController(Object(Modules\Admin\Controllers\Index))
 8 SYSTEMPATH\CodeIgniter.php(349): CodeIgniter\CodeIgniter->handleRequest(null, Object(Config\Cache), false)
 9 FCPATH\index.php(55): CodeIgniter\CodeIgniter->run()
CRITICAL - 2022-08-29 18:35:42 --> Undefined property: CodeIgniter\View\View::$uri
in FCPATH\modules\Admin\Views\pages\hometwo.php on line 20.
 1 FCPATH\modules\Admin\Views\pages\hometwo.php(20): CodeIgniter\Debug\Exceptions->errorHandler(8, 'Undefined property: CodeIgniter\\View\\View::$uri', 'FCPATH\\modules\\Admin\\Views\\pages\\hometwo.php', 20, [...])
 2 SYSTEMPATH\View\View.php(213): include('FCPATH\\modules\\Admin\\Views\\pages\\hometwo.php')
 3 SYSTEMPATH\View\View.php(216): CodeIgniter\View\View->CodeIgniter\View\{closure}()
 4 SYSTEMPATH\Common.php(1135): CodeIgniter\View\View->render('Modules\\Admin\\Views\\pages\\hometwo', [], true)
 5 FCPATH\modules\Admin\Controllers\index.php(105): view('Modules\\Admin\\Views\\pages\\hometwo', [...])
 6 SYSTEMPATH\CodeIgniter.php(896): Modules\Admin\Controllers\Index->dashboard()
 7 SYSTEMPATH\CodeIgniter.php(466): CodeIgniter\CodeIgniter->runController(Object(Modules\Admin\Controllers\Index))
 8 SYSTEMPATH\CodeIgniter.php(349): CodeIgniter\CodeIgniter->handleRequest(null, Object(Config\Cache), false)
 9 FCPATH\index.php(55): CodeIgniter\CodeIgniter->run()
CRITICAL - 2022-08-29 18:39:05 --> Undefined property: CodeIgniter\View\View::$request
in FCPATH\modules\Admin\Views\pages\hometwo.php on line 20.
 1 FCPATH\modules\Admin\Views\pages\hometwo.php(20): CodeIgniter\Debug\Exceptions->errorHandler(8, 'Undefined property: CodeIgniter\\View\\View::$request', 'FCPATH\\modules\\Admin\\Views\\pages\\hometwo.php', 20, [...])
 2 SYSTEMPATH\View\View.php(213): include('FCPATH\\modules\\Admin\\Views\\pages\\hometwo.php')
 3 SYSTEMPATH\View\View.php(216): CodeIgniter\View\View->CodeIgniter\View\{closure}()
 4 SYSTEMPATH\Common.php(1135): CodeIgniter\View\View->render('Modules\\Admin\\Views\\pages\\hometwo', [], true)
 5 FCPATH\modules\Admin\Controllers\index.php(105): view('Modules\\Admin\\Views\\pages\\hometwo', [...])
 6 SYSTEMPATH\CodeIgniter.php(896): Modules\Admin\Controllers\Index->dashboard()
 7 SYSTEMPATH\CodeIgniter.php(466): CodeIgniter\CodeIgniter->runController(Object(Modules\Admin\Controllers\Index))
 8 SYSTEMPATH\CodeIgniter.php(349): CodeIgniter\CodeIgniter->handleRequest(null, Object(Config\Cache), false)
 9 FCPATH\index.php(55): CodeIgniter\CodeIgniter->run()
CRITICAL - 2022-08-29 18:41:11 --> Trying to access array offset on value of type null
in FCPATH\modules\Admin\Controllers\index.php on line 87.
 1 FCPATH\modules\Admin\Controllers\index.php(87): CodeIgniter\Debug\Exceptions->errorHandler(8, 'Trying to access array offset on value of type null', 'FCPATH\\modules\\Admin\\Controllers\\index.php', 87, [...])
 2 SYSTEMPATH\CodeIgniter.php(896): Modules\Admin\Controllers\Index->dashboard()
 3 SYSTEMPATH\CodeIgniter.php(466): CodeIgniter\CodeIgniter->runController(Object(Modules\Admin\Controllers\Index))
 4 SYSTEMPATH\CodeIgniter.php(349): CodeIgniter\CodeIgniter->handleRequest(null, Object(Config\Cache), false)
 5 FCPATH\index.php(55): CodeIgniter\CodeIgniter->run()
CRITICAL - 2022-08-29 18:42:41 --> Undefined property: CodeIgniter\View\View::$request
in FCPATH\modules\Admin\Views\pages\hometwo.php on line 20.
 1 FCPATH\modules\Admin\Views\pages\hometwo.php(20): CodeIgniter\Debug\Exceptions->errorHandler(8, 'Undefined property: CodeIgniter\\View\\View::$request', 'FCPATH\\modules\\Admin\\Views\\pages\\hometwo.php', 20, [...])
 2 SYSTEMPATH\View\View.php(213): include('FCPATH\\modules\\Admin\\Views\\pages\\hometwo.php')
 3 SYSTEMPATH\View\View.php(216): CodeIgniter\View\View->CodeIgniter\View\{closure}()
 4 SYSTEMPATH\Common.php(1135): CodeIgniter\View\View->render('Modules\\Admin\\Views\\pages\\hometwo', [], true)
 5 FCPATH\modules\Admin\Controllers\index.php(108): view('Modules\\Admin\\Views\\pages\\hometwo', [...])
 6 SYSTEMPATH\CodeIgniter.php(896): Modules\Admin\Controllers\Index->dashboard()
 7 SYSTEMPATH\CodeIgniter.php(466): CodeIgniter\CodeIgniter->runController(Object(Modules\Admin\Controllers\Index))
 8 SYSTEMPATH\CodeIgniter.php(349): CodeIgniter\CodeIgniter->handleRequest(null, Object(Config\Cache), false)
 9 FCPATH\index.php(55): CodeIgniter\CodeIgniter->run()
CRITICAL - 2022-08-29 18:44:11 --> Undefined property: CodeIgniter\View\View::$request
in FCPATH\modules\Admin\Views\pages\hometwo.php on line 20.
 1 FCPATH\modules\Admin\Views\pages\hometwo.php(20): CodeIgniter\Debug\Exceptions->errorHandler(8, 'Undefined property: CodeIgniter\\View\\View::$request', 'FCPATH\\modules\\Admin\\Views\\pages\\hometwo.php', 20, [...])
 2 SYSTEMPATH\View\View.php(213): include('FCPATH\\modules\\Admin\\Views\\pages\\hometwo.php')
 3 SYSTEMPATH\View\View.php(216): CodeIgniter\View\View->CodeIgniter\View\{closure}()
 4 SYSTEMPATH\Common.php(1135): CodeIgniter\View\View->render('Modules\\Admin\\Views\\pages\\hometwo', [], true)
 5 FCPATH\modules\Admin\Controllers\index.php(108): view('Modules\\Admin\\Views\\pages\\hometwo', [...])
 6 SYSTEMPATH\CodeIgniter.php(896): Modules\Admin\Controllers\Index->dashboard()
 7 SYSTEMPATH\CodeIgniter.php(466): CodeIgniter\CodeIgniter->runController(Object(Modules\Admin\Controllers\Index))
 8 SYSTEMPATH\CodeIgniter.php(349): CodeIgniter\CodeIgniter->handleRequest(null, Object(Config\Cache), false)
 9 FCPATH\index.php(55): CodeIgniter\CodeIgniter->run()
CRITICAL - 2022-08-29 18:44:32 --> Undefined property: CodeIgniter\View\View::$uri
in FCPATH\modules\Admin\Views\pages\hometwo.php on line 20.
 1 FCPATH\modules\Admin\Views\pages\hometwo.php(20): CodeIgniter\Debug\Exceptions->errorHandler(8, 'Undefined property: CodeIgniter\\View\\View::$uri', 'FCPATH\\modules\\Admin\\Views\\pages\\hometwo.php', 20, [...])
 2 SYSTEMPATH\View\View.php(213): include('FCPATH\\modules\\Admin\\Views\\pages\\hometwo.php')
 3 SYSTEMPATH\View\View.php(216): CodeIgniter\View\View->CodeIgniter\View\{closure}()
 4 SYSTEMPATH\Common.php(1135): CodeIgniter\View\View->render('Modules\\Admin\\Views\\pages\\hometwo', [], true)
 5 FCPATH\modules\Admin\Controllers\index.php(108): view('Modules\\Admin\\Views\\pages\\hometwo', [...])
 6 SYSTEMPATH\CodeIgniter.php(896): Modules\Admin\Controllers\Index->dashboard()
 7 SYSTEMPATH\CodeIgniter.php(466): CodeIgniter\CodeIgniter->runController(Object(Modules\Admin\Controllers\Index))
 8 SYSTEMPATH\CodeIgniter.php(349): CodeIgniter\CodeIgniter->handleRequest(null, Object(Config\Cache), false)
 9 FCPATH\index.php(55): CodeIgniter\CodeIgniter->run()
CRITICAL - 2022-08-29 19:16:40 --> Trying to access array offset on value of type null
in FCPATH\modules\Admin\Controllers\index.php on line 87.
 1 FCPATH\modules\Admin\Controllers\index.php(87): CodeIgniter\Debug\Exceptions->errorHandler(8, 'Trying to access array offset on value of type null', 'FCPATH\\modules\\Admin\\Controllers\\index.php', 87, [...])
 2 SYSTEMPATH\CodeIgniter.php(896): Modules\Admin\Controllers\Index->dashboard()
 3 SYSTEMPATH\CodeIgniter.php(466): CodeIgniter\CodeIgniter->runController(Object(Modules\Admin\Controllers\Index))
 4 SYSTEMPATH\CodeIgniter.php(349): CodeIgniter\CodeIgniter->handleRequest(null, Object(Config\Cache), false)
 5 FCPATH\index.php(55): CodeIgniter\CodeIgniter->run()
CRITICAL - 2022-08-29 19:27:23 --> Undefined index: role_id
in APPPATH\Models\Admin_Users.php on line 114.
 1 APPPATH\Models\Admin_Users.php(114): CodeIgniter\Debug\Exceptions->errorHandler(8, 'Undefined index: role_id', 'APPPATH\\Models\\Admin_Users.php', 114, [...])
 2 FCPATH\modules\Admin\Controllers\index.php(47): App\Models\Admin_Users->loginnew([...])
 3 SYSTEMPATH\CodeIgniter.php(896): Modules\Admin\Controllers\Index->index()
 4 SYSTEMPATH\CodeIgniter.php(466): CodeIgniter\CodeIgniter->runController(Object(Modules\Admin\Controllers\Index))
 5 SYSTEMPATH\CodeIgniter.php(349): CodeIgniter\CodeIgniter->handleRequest(null, Object(Config\Cache), false)
 6 FCPATH\index.php(55): CodeIgniter\CodeIgniter->run()
CRITICAL - 2022-08-29 19:35:39 --> Undefined index: role_id
in APPPATH\Models\Admin_Users.php on line 117.
 1 APPPATH\Models\Admin_Users.php(117): CodeIgniter\Debug\Exceptions->errorHandler(8, 'Undefined index: role_id', 'APPPATH\\Models\\Admin_Users.php', 117, [...])
 2 FCPATH\modules\Admin\Controllers\index.php(47): App\Models\Admin_Users->loginnew([...])
 3 SYSTEMPATH\CodeIgniter.php(896): Modules\Admin\Controllers\Index->index()
 4 SYSTEMPATH\CodeIgniter.php(466): CodeIgniter\CodeIgniter->runController(Object(Modules\Admin\Controllers\Index))
 5 SYSTEMPATH\CodeIgniter.php(349): CodeIgniter\CodeIgniter->handleRequest(null, Object(Config\Cache), false)
 6 FCPATH\index.php(55): CodeIgniter\CodeIgniter->run()
CRITICAL - 2022-08-29 19:37:26 --> Cannot use object of type stdClass as array
in APPPATH\Models\Admin_Users.php on line 120.
 1 FCPATH\modules\Admin\Controllers\index.php(47): App\Models\Admin_Users->loginnew([...])
 2 SYSTEMPATH\CodeIgniter.php(896): Modules\Admin\Controllers\Index->index()
 3 SYSTEMPATH\CodeIgniter.php(466): CodeIgniter\CodeIgniter->runController(Object(Modules\Admin\Controllers\Index))
 4 SYSTEMPATH\CodeIgniter.php(349): CodeIgniter\CodeIgniter->handleRequest(null, Object(Config\Cache), false)
 5 FCPATH\index.php(55): CodeIgniter\CodeIgniter->run()
CRITICAL - 2022-08-29 19:48:26 --> Undefined variable: id1
in APPPATH\Models\Admin_Users.php on line 103.
 1 APPPATH\Models\Admin_Users.php(103): CodeIgniter\Debug\Exceptions->errorHandler(8, 'Undefined variable: id1', 'APPPATH\\Models\\Admin_Users.php', 103, [...])
 2 FCPATH\modules\Admin\Controllers\index.php(45): App\Models\Admin_Users->loginnew([...])
 3 SYSTEMPATH\CodeIgniter.php(896): Modules\Admin\Controllers\Index->index()
 4 SYSTEMPATH\CodeIgniter.php(466): CodeIgniter\CodeIgniter->runController(Object(Modules\Admin\Controllers\Index))
 5 SYSTEMPATH\CodeIgniter.php(349): CodeIgniter\CodeIgniter->handleRequest(null, Object(Config\Cache), false)
 6 FCPATH\index.php(55): CodeIgniter\CodeIgniter->run()
CRITICAL - 2022-08-29 19:51:26 --> Trying to access array offset on value of type bool
in FCPATH\modules\Admin\Controllers\index.php on line 57.
 1 FCPATH\modules\Admin\Controllers\index.php(57): CodeIgniter\Debug\Exceptions->errorHandler(8, 'Trying to access array offset on value of type bool', 'FCPATH\\modules\\Admin\\Controllers\\index.php', 57, [...])
 2 SYSTEMPATH\CodeIgniter.php(896): Modules\Admin\Controllers\Index->index()
 3 SYSTEMPATH\CodeIgniter.php(466): CodeIgniter\CodeIgniter->runController(Object(Modules\Admin\Controllers\Index))
 4 SYSTEMPATH\CodeIgniter.php(349): CodeIgniter\CodeIgniter->handleRequest(null, Object(Config\Cache), false)
 5 FCPATH\index.php(55): CodeIgniter\CodeIgniter->run()
CRITICAL - 2022-08-29 19:52:38 --> Trying to access array offset on value of type bool
in FCPATH\modules\Admin\Controllers\index.php on line 29.
 1 FCPATH\modules\Admin\Controllers\index.php(29): CodeIgniter\Debug\Exceptions->errorHandler(8, 'Trying to access array offset on value of type bool', 'FCPATH\\modules\\Admin\\Controllers\\index.php', 29, [...])
 2 SYSTEMPATH\CodeIgniter.php(896): Modules\Admin\Controllers\Index->index()
 3 SYSTEMPATH\CodeIgniter.php(466): CodeIgniter\CodeIgniter->runController(Object(Modules\Admin\Controllers\Index))
 4 SYSTEMPATH\CodeIgniter.php(349): CodeIgniter\CodeIgniter->handleRequest(null, Object(Config\Cache), false)
 5 FCPATH\index.php(55): CodeIgniter\CodeIgniter->run()
CRITICAL - 2022-08-29 19:52:47 --> Trying to access array offset on value of type bool
in FCPATH\modules\Admin\Controllers\index.php on line 29.
 1 FCPATH\modules\Admin\Controllers\index.php(29): CodeIgniter\Debug\Exceptions->errorHandler(8, 'Trying to access array offset on value of type bool', 'FCPATH\\modules\\Admin\\Controllers\\index.php', 29, [...])
 2 SYSTEMPATH\CodeIgniter.php(896): Modules\Admin\Controllers\Index->index()
 3 SYSTEMPATH\CodeIgniter.php(466): CodeIgniter\CodeIgniter->runController(Object(Modules\Admin\Controllers\Index))
 4 SYSTEMPATH\CodeIgniter.php(349): CodeIgniter\CodeIgniter->handleRequest(null, Object(Config\Cache), false)
 5 FCPATH\index.php(55): CodeIgniter\CodeIgniter->run()
CRITICAL - 2022-08-29 19:52:58 --> Trying to access array offset on value of type bool
in FCPATH\modules\Admin\Controllers\index.php on line 29.
 1 FCPATH\modules\Admin\Controllers\index.php(29): CodeIgniter\Debug\Exceptions->errorHandler(8, 'Trying to access array offset on value of type bool', 'FCPATH\\modules\\Admin\\Controllers\\index.php', 29, [...])
 2 SYSTEMPATH\CodeIgniter.php(896): Modules\Admin\Controllers\Index->index()
 3 SYSTEMPATH\CodeIgniter.php(466): CodeIgniter\CodeIgniter->runController(Object(Modules\Admin\Controllers\Index))
 4 SYSTEMPATH\CodeIgniter.php(349): CodeIgniter\CodeIgniter->handleRequest(null, Object(Config\Cache), false)
 5 FCPATH\index.php(55): CodeIgniter\CodeIgniter->run()
CRITICAL - 2022-08-29 19:53:14 --> Trying to access array offset on value of type bool
in FCPATH\modules\Admin\Controllers\index.php on line 29.
 1 FCPATH\modules\Admin\Controllers\index.php(29): CodeIgniter\Debug\Exceptions->errorHandler(8, 'Trying to access array offset on value of type bool', 'FCPATH\\modules\\Admin\\Controllers\\index.php', 29, [...])
 2 SYSTEMPATH\CodeIgniter.php(896): Modules\Admin\Controllers\Index->index()
 3 SYSTEMPATH\CodeIgniter.php(466): CodeIgniter\CodeIgniter->runController(Object(Modules\Admin\Controllers\Index))
 4 SYSTEMPATH\CodeIgniter.php(349): CodeIgniter\CodeIgniter->handleRequest(null, Object(Config\Cache), false)
 5 FCPATH\index.php(55): CodeIgniter\CodeIgniter->run()
CRITICAL - 2022-08-29 19:54:35 --> Trying to access array offset on value of type bool
in FCPATH\modules\Admin\Controllers\index.php on line 29.
 1 FCPATH\modules\Admin\Controllers\index.php(29): CodeIgniter\Debug\Exceptions->errorHandler(8, 'Trying to access array offset on value of type bool', 'FCPATH\\modules\\Admin\\Controllers\\index.php', 29, [...])
 2 SYSTEMPATH\CodeIgniter.php(896): Modules\Admin\Controllers\Index->index()
 3 SYSTEMPATH\CodeIgniter.php(466): CodeIgniter\CodeIgniter->runController(Object(Modules\Admin\Controllers\Index))
 4 SYSTEMPATH\CodeIgniter.php(349): CodeIgniter\CodeIgniter->handleRequest(null, Object(Config\Cache), false)
 5 FCPATH\index.php(55): CodeIgniter\CodeIgniter->run()
CRITICAL - 2022-08-29 19:54:46 --> Trying to access array offset on value of type bool
in FCPATH\modules\Admin\Controllers\index.php on line 29.
 1 FCPATH\modules\Admin\Controllers\index.php(29): CodeIgniter\Debug\Exceptions->errorHandler(8, 'Trying to access array offset on value of type bool', 'FCPATH\\modules\\Admin\\Controllers\\index.php', 29, [...])
 2 SYSTEMPATH\CodeIgniter.php(896): Modules\Admin\Controllers\Index->index()
 3 SYSTEMPATH\CodeIgniter.php(466): CodeIgniter\CodeIgniter->runController(Object(Modules\Admin\Controllers\Index))
 4 SYSTEMPATH\CodeIgniter.php(349): CodeIgniter\CodeIgniter->handleRequest(null, Object(Config\Cache), false)
 5 FCPATH\index.php(55): CodeIgniter\CodeIgniter->run()
CRITICAL - 2022-08-29 19:55:17 --> Trying to access array offset on value of type bool
in FCPATH\modules\Admin\Controllers\index.php on line 29.
 1 FCPATH\modules\Admin\Controllers\index.php(29): CodeIgniter\Debug\Exceptions->errorHandler(8, 'Trying to access array offset on value of type bool', 'FCPATH\\modules\\Admin\\Controllers\\index.php', 29, [...])
 2 SYSTEMPATH\CodeIgniter.php(896): Modules\Admin\Controllers\Index->index()
 3 SYSTEMPATH\CodeIgniter.php(466): CodeIgniter\CodeIgniter->runController(Object(Modules\Admin\Controllers\Index))
 4 SYSTEMPATH\CodeIgniter.php(349): CodeIgniter\CodeIgniter->handleRequest(null, Object(Config\Cache), false)
 5 FCPATH\index.php(55): CodeIgniter\CodeIgniter->run()
CRITICAL - 2022-08-29 19:55:18 --> Trying to access array offset on value of type bool
in FCPATH\modules\Admin\Controllers\index.php on line 29.
 1 FCPATH\modules\Admin\Controllers\index.php(29): CodeIgniter\Debug\Exceptions->errorHandler(8, 'Trying to access array offset on value of type bool', 'FCPATH\\modules\\Admin\\Controllers\\index.php', 29, [...])
 2 SYSTEMPATH\CodeIgniter.php(896): Modules\Admin\Controllers\Index->index()
 3 SYSTEMPATH\CodeIgniter.php(466): CodeIgniter\CodeIgniter->runController(Object(Modules\Admin\Controllers\Index))
 4 SYSTEMPATH\CodeIgniter.php(349): CodeIgniter\CodeIgniter->handleRequest(null, Object(Config\Cache), false)
 5 FCPATH\index.php(55): CodeIgniter\CodeIgniter->run()
CRITICAL - 2022-08-29 19:56:01 --> Undefined variable: id1
in APPPATH\Models\Admin_Users.php on line 104.
 1 APPPATH\Models\Admin_Users.php(104): CodeIgniter\Debug\Exceptions->errorHandler(8, 'Undefined variable: id1', 'APPPATH\\Models\\Admin_Users.php', 104, [...])
 2 FCPATH\modules\Admin\Controllers\index.php(45): App\Models\Admin_Users->loginnew([...])
 3 SYSTEMPATH\CodeIgniter.php(896): Modules\Admin\Controllers\Index->index()
 4 SYSTEMPATH\CodeIgniter.php(466): CodeIgniter\CodeIgniter->runController(Object(Modules\Admin\Controllers\Index))
 5 SYSTEMPATH\CodeIgniter.php(349): CodeIgniter\CodeIgniter->handleRequest(null, Object(Config\Cache), false)
 6 FCPATH\index.php(55): CodeIgniter\CodeIgniter->run()
CRITICAL - 2022-08-29 19:56:32 --> Trying to access array offset on value of type bool
in FCPATH\modules\Admin\Controllers\index.php on line 57.
 1 FCPATH\modules\Admin\Controllers\index.php(57): CodeIgniter\Debug\Exceptions->errorHandler(8, 'Trying to access array offset on value of type bool', 'FCPATH\\modules\\Admin\\Controllers\\index.php', 57, [...])
 2 SYSTEMPATH\CodeIgniter.php(896): Modules\Admin\Controllers\Index->index()
 3 SYSTEMPATH\CodeIgniter.php(466): CodeIgniter\CodeIgniter->runController(Object(Modules\Admin\Controllers\Index))
 4 SYSTEMPATH\CodeIgniter.php(349): CodeIgniter\CodeIgniter->handleRequest(null, Object(Config\Cache), false)
 5 FCPATH\index.php(55): CodeIgniter\CodeIgniter->run()
CRITICAL - 2022-08-29 19:57:22 --> Trying to access array offset on value of type bool
in FCPATH\modules\Admin\Controllers\index.php on line 29.
 1 FCPATH\modules\Admin\Controllers\index.php(29): CodeIgniter\Debug\Exceptions->errorHandler(8, 'Trying to access array offset on value of type bool', 'FCPATH\\modules\\Admin\\Controllers\\index.php', 29, [...])
 2 SYSTEMPATH\CodeIgniter.php(896): Modules\Admin\Controllers\Index->index()
 3 SYSTEMPATH\CodeIgniter.php(466): CodeIgniter\CodeIgniter->runController(Object(Modules\Admin\Controllers\Index))
 4 SYSTEMPATH\CodeIgniter.php(349): CodeIgniter\CodeIgniter->handleRequest(null, Object(Config\Cache), false)
 5 FCPATH\index.php(55): CodeIgniter\CodeIgniter->run()
CRITICAL - 2022-08-29 19:57:39 --> Trying to access array offset on value of type bool
in FCPATH\modules\Admin\Controllers\index.php on line 29.
 1 FCPATH\modules\Admin\Controllers\index.php(29): CodeIgniter\Debug\Exceptions->errorHandler(8, 'Trying to access array offset on value of type bool', 'FCPATH\\modules\\Admin\\Controllers\\index.php', 29, [...])
 2 SYSTEMPATH\CodeIgniter.php(896): Modules\Admin\Controllers\Index->index()
 3 SYSTEMPATH\CodeIgniter.php(466): CodeIgniter\CodeIgniter->runController(Object(Modules\Admin\Controllers\Index))
 4 SYSTEMPATH\CodeIgniter.php(349): CodeIgniter\CodeIgniter->handleRequest(null, Object(Config\Cache), false)
 5 FCPATH\index.php(55): CodeIgniter\CodeIgniter->run()
CRITICAL - 2022-08-29 20:00:12 --> Undefined variable: id1
in APPPATH\Models\Admin_Users.php on line 104.
 1 APPPATH\Models\Admin_Users.php(104): CodeIgniter\Debug\Exceptions->errorHandler(8, 'Undefined variable: id1', 'APPPATH\\Models\\Admin_Users.php', 104, [...])
 2 FCPATH\modules\Admin\Controllers\index.php(48): App\Models\Admin_Users->loginnew([...])
 3 SYSTEMPATH\CodeIgniter.php(896): Modules\Admin\Controllers\Index->index()
 4 SYSTEMPATH\CodeIgniter.php(466): CodeIgniter\CodeIgniter->runController(Object(Modules\Admin\Controllers\Index))
 5 SYSTEMPATH\CodeIgniter.php(349): CodeIgniter\CodeIgniter->handleRequest(null, Object(Config\Cache), false)
 6 FCPATH\index.php(55): CodeIgniter\CodeIgniter->run()
CRITICAL - 2022-08-29 20:00:25 --> Undefined variable: id1
in APPPATH\Models\Admin_Users.php on line 104.
 1 APPPATH\Models\Admin_Users.php(104): CodeIgniter\Debug\Exceptions->errorHandler(8, 'Undefined variable: id1', 'APPPATH\\Models\\Admin_Users.php', 104, [...])
 2 FCPATH\modules\Admin\Controllers\index.php(48): App\Models\Admin_Users->loginnew([...])
 3 SYSTEMPATH\CodeIgniter.php(896): Modules\Admin\Controllers\Index->index()
 4 SYSTEMPATH\CodeIgniter.php(466): CodeIgniter\CodeIgniter->runController(Object(Modules\Admin\Controllers\Index))
 5 SYSTEMPATH\CodeIgniter.php(349): CodeIgniter\CodeIgniter->handleRequest(null, Object(Config\Cache), false)
 6 FCPATH\index.php(55): CodeIgniter\CodeIgniter->run()
CRITICAL - 2022-08-29 20:01:10 --> Undefined variable: id1
in APPPATH\Models\Admin_Users.php on line 104.
 1 APPPATH\Models\Admin_Users.php(104): CodeIgniter\Debug\Exceptions->errorHandler(8, 'Undefined variable: id1', 'APPPATH\\Models\\Admin_Users.php', 104, [...])
 2 FCPATH\modules\Admin\Controllers\index.php(48): App\Models\Admin_Users->loginnew([...])
 3 SYSTEMPATH\CodeIgniter.php(896): Modules\Admin\Controllers\Index->index()
 4 SYSTEMPATH\CodeIgniter.php(466): CodeIgniter\CodeIgniter->runController(Object(Modules\Admin\Controllers\Index))
 5 SYSTEMPATH\CodeIgniter.php(349): CodeIgniter\CodeIgniter->handleRequest(null, Object(Config\Cache), false)
 6 FCPATH\index.php(55): CodeIgniter\CodeIgniter->run()
CRITICAL - 2022-08-29 20:02:05 --> Trying to access array offset on value of type bool
in FCPATH\modules\Admin\Controllers\index.php on line 60.
 1 FCPATH\modules\Admin\Controllers\index.php(60): CodeIgniter\Debug\Exceptions->errorHandler(8, 'Trying to access array offset on value of type bool', 'FCPATH\\modules\\Admin\\Controllers\\index.php', 60, [...])
 2 SYSTEMPATH\CodeIgniter.php(896): Modules\Admin\Controllers\Index->index()
 3 SYSTEMPATH\CodeIgniter.php(466): CodeIgniter\CodeIgniter->runController(Object(Modules\Admin\Controllers\Index))
 4 SYSTEMPATH\CodeIgniter.php(349): CodeIgniter\CodeIgniter->handleRequest(null, Object(Config\Cache), false)
 5 FCPATH\index.php(55): CodeIgniter\CodeIgniter->run()
CRITICAL - 2022-08-29 20:04:57 --> Cannot use object of type stdClass as array
in FCPATH\modules\Admin\Controllers\index.php on line 51.
 1 SYSTEMPATH\CodeIgniter.php(896): Modules\Admin\Controllers\Index->index()
 2 SYSTEMPATH\CodeIgniter.php(466): CodeIgniter\CodeIgniter->runController(Object(Modules\Admin\Controllers\Index))
 3 SYSTEMPATH\CodeIgniter.php(349): CodeIgniter\CodeIgniter->handleRequest(null, Object(Config\Cache), false)
 4 FCPATH\index.php(55): CodeIgniter\CodeIgniter->run()
CRITICAL - 2022-08-29 20:10:18 --> Trying to access array offset on value of type null
in FCPATH\modules\Admin\Controllers\index.php on line 84.
 1 FCPATH\modules\Admin\Controllers\index.php(84): CodeIgniter\Debug\Exceptions->errorHandler(8, 'Trying to access array offset on value of type null', 'FCPATH\\modules\\Admin\\Controllers\\index.php', 84, [...])
 2 SYSTEMPATH\CodeIgniter.php(896): Modules\Admin\Controllers\Index->dashboard()
 3 SYSTEMPATH\CodeIgniter.php(466): CodeIgniter\CodeIgniter->runController(Object(Modules\Admin\Controllers\Index))
 4 SYSTEMPATH\CodeIgniter.php(349): CodeIgniter\CodeIgniter->handleRequest(null, Object(Config\Cache), false)
 5 FCPATH\index.php(55): CodeIgniter\CodeIgniter->run()
CRITICAL - 2022-08-29 20:10:25 --> Trying to access array offset on value of type null
in FCPATH\modules\Admin\Controllers\index.php on line 84.
 1 FCPATH\modules\Admin\Controllers\index.php(84): CodeIgniter\Debug\Exceptions->errorHandler(8, 'Trying to access array offset on value of type null', 'FCPATH\\modules\\Admin\\Controllers\\index.php', 84, [...])
 2 SYSTEMPATH\CodeIgniter.php(896): Modules\Admin\Controllers\Index->dashboard()
 3 SYSTEMPATH\CodeIgniter.php(466): CodeIgniter\CodeIgniter->runController(Object(Modules\Admin\Controllers\Index))
 4 SYSTEMPATH\CodeIgniter.php(349): CodeIgniter\CodeIgniter->handleRequest(null, Object(Config\Cache), false)
 5 FCPATH\index.php(55): CodeIgniter\CodeIgniter->run()
CRITICAL - 2022-08-29 20:37:21 --> Trying to access array offset on value of type null
in FCPATH\modules\Admin\Controllers\index.php on line 84.
 1 FCPATH\modules\Admin\Controllers\index.php(84): CodeIgniter\Debug\Exceptions->errorHandler(8, 'Trying to access array offset on value of type null', 'FCPATH\\modules\\Admin\\Controllers\\index.php', 84, [...])
 2 SYSTEMPATH\CodeIgniter.php(896): Modules\Admin\Controllers\Index->dashboard()
 3 SYSTEMPATH\CodeIgniter.php(466): CodeIgniter\CodeIgniter->runController(Object(Modules\Admin\Controllers\Index))
 4 SYSTEMPATH\CodeIgniter.php(349): CodeIgniter\CodeIgniter->handleRequest(null, Object(Config\Cache), false)
 5 FCPATH\index.php(55): CodeIgniter\CodeIgniter->run()
