CRITICAL - 2022-08-27 12:33:10 --> Trying to access array offset on value of type null
in FCPATH\modules\Admin\Controllers\index.php on line 27.
 1 FCPATH\modules\Admin\Controllers\index.php(27): CodeIgniter\Debug\Exceptions->errorHandler(8, 'Trying to access array offset on value of type null', 'FCPATH\\modules\\Admin\\Controllers\\index.php', 27, [...])
 2 SYSTEMPATH\CodeIgniter.php(896): Modules\Admin\Controllers\Index->index()
 3 SYSTEMPATH\CodeIgniter.php(466): CodeIgniter\CodeIgniter->runController(Object(Modules\Admin\Controllers\Index))
 4 SYSTEMPATH\CodeIgniter.php(349): CodeIgniter\CodeIgniter->handleRequest(null, Object(Config\Cache), false)
 5 FCPATH\index.php(55): CodeIgniter\CodeIgniter->run()
CRITICAL - 2022-08-27 12:33:12 --> Trying to access array offset on value of type null
in FCPATH\modules\Admin\Controllers\index.php on line 27.
 1 FCPATH\modules\Admin\Controllers\index.php(27): CodeIgniter\Debug\Exceptions->errorHandler(8, 'Trying to access array offset on value of type null', 'FCPATH\\modules\\Admin\\Controllers\\index.php', 27, [...])
 2 SYSTEMPATH\CodeIgniter.php(896): Modules\Admin\Controllers\Index->index()
 3 SYSTEMPATH\CodeIgniter.php(466): CodeIgniter\CodeIgniter->runController(Object(Modules\Admin\Controllers\Index))
 4 SYSTEMPATH\CodeIgniter.php(349): CodeIgniter\CodeIgniter->handleRequest(null, Object(Config\Cache), false)
 5 FCPATH\index.php(55): CodeIgniter\CodeIgniter->run()
CRITICAL - 2022-08-27 12:35:35 --> Object of class CodeIgniter\Database\MySQLi\Result could not be converted to string
in APPPATH\Models\Admin_Users.php on line 147.
 1 FCPATH\modules\Admin\Controllers\index.php(88): App\Models\Admin_Users->session_id()
 2 SYSTEMPATH\CodeIgniter.php(896): Modules\Admin\Controllers\Index->dashboard()
 3 SYSTEMPATH\CodeIgniter.php(466): CodeIgniter\CodeIgniter->runController(Object(Modules\Admin\Controllers\Index))
 4 SYSTEMPATH\CodeIgniter.php(349): CodeIgniter\CodeIgniter->handleRequest(null, Object(Config\Cache), false)
 5 FCPATH\index.php(55): CodeIgniter\CodeIgniter->run()
CRITICAL - 2022-08-27 12:40:03 --> Trying to access array offset on value of type null
in FCPATH\modules\Admin\Controllers\index.php on line 86.
 1 FCPATH\modules\Admin\Controllers\index.php(86): CodeIgniter\Debug\Exceptions->errorHandler(8, 'Trying to access array offset on value of type null', 'FCPATH\\modules\\Admin\\Controllers\\index.php', 86, [...])
 2 SYSTEMPATH\CodeIgniter.php(896): Modules\Admin\Controllers\Index->dashboard()
 3 SYSTEMPATH\CodeIgniter.php(466): CodeIgniter\CodeIgniter->runController(Object(Modules\Admin\Controllers\Index))
 4 SYSTEMPATH\CodeIgniter.php(349): CodeIgniter\CodeIgniter->handleRequest(null, Object(Config\Cache), false)
 5 FCPATH\index.php(55): CodeIgniter\CodeIgniter->run()
CRITICAL - 2022-08-27 12:41:38 --> Trying to access array offset on value of type null
in FCPATH\modules\Admin\Controllers\index.php on line 84.
 1 FCPATH\modules\Admin\Controllers\index.php(84): CodeIgniter\Debug\Exceptions->errorHandler(8, 'Trying to access array offset on value of type null', 'FCPATH\\modules\\Admin\\Controllers\\index.php', 84, [...])
 2 SYSTEMPATH\CodeIgniter.php(896): Modules\Admin\Controllers\Index->dashboard()
 3 SYSTEMPATH\CodeIgniter.php(466): CodeIgniter\CodeIgniter->runController(Object(Modules\Admin\Controllers\Index))
 4 SYSTEMPATH\CodeIgniter.php(349): CodeIgniter\CodeIgniter->handleRequest(null, Object(Config\Cache), false)
 5 FCPATH\index.php(55): CodeIgniter\CodeIgniter->run()
CRITICAL - 2022-08-27 12:42:07 --> Method name must be a string
in APPPATH\Models\Admin_Users.php on line 148.
 1 FCPATH\modules\Admin\Controllers\index.php(88): App\Models\Admin_Users->session_id()
 2 SYSTEMPATH\CodeIgniter.php(896): Modules\Admin\Controllers\Index->dashboard()
 3 SYSTEMPATH\CodeIgniter.php(466): CodeIgniter\CodeIgniter->runController(Object(Modules\Admin\Controllers\Index))
 4 SYSTEMPATH\CodeIgniter.php(349): CodeIgniter\CodeIgniter->handleRequest(null, Object(Config\Cache), false)
 5 FCPATH\index.php(55): CodeIgniter\CodeIgniter->run()
CRITICAL - 2022-08-27 12:54:02 --> Undefined index: role_id
in APPPATH\Models\Admin_Users.php on line 145.
 1 APPPATH\Models\Admin_Users.php(145): CodeIgniter\Debug\Exceptions->errorHandler(8, 'Undefined index: role_id', 'APPPATH\\Models\\Admin_Users.php', 145, [])
 2 FCPATH\modules\Admin\Controllers\index.php(88): App\Models\Admin_Users->session_id()
 3 SYSTEMPATH\CodeIgniter.php(896): Modules\Admin\Controllers\Index->dashboard()
 4 SYSTEMPATH\CodeIgniter.php(466): CodeIgniter\CodeIgniter->runController(Object(Modules\Admin\Controllers\Index))
 5 SYSTEMPATH\CodeIgniter.php(349): CodeIgniter\CodeIgniter->handleRequest(null, Object(Config\Cache), false)
 6 FCPATH\index.php(55): CodeIgniter\CodeIgniter->run()
CRITICAL - 2022-08-27 12:54:58 --> Array to string conversion
in APPPATH\Models\Admin_Users.php on line 145.
 1 APPPATH\Models\Admin_Users.php(145): CodeIgniter\Debug\Exceptions->errorHandler(8, 'Array to string conversion', 'APPPATH\\Models\\Admin_Users.php', 145, [])
 2 FCPATH\modules\Admin\Controllers\index.php(88): App\Models\Admin_Users->session_id()
 3 SYSTEMPATH\CodeIgniter.php(896): Modules\Admin\Controllers\Index->dashboard()
 4 SYSTEMPATH\CodeIgniter.php(466): CodeIgniter\CodeIgniter->runController(Object(Modules\Admin\Controllers\Index))
 5 SYSTEMPATH\CodeIgniter.php(349): CodeIgniter\CodeIgniter->handleRequest(null, Object(Config\Cache), false)
 6 FCPATH\index.php(55): CodeIgniter\CodeIgniter->run()
CRITICAL - 2022-08-27 13:15:30 --> Call to a member function select() on null
in APPPATH\Models\Admin_Users.php on line 146.
 1 FCPATH\modules\Admin\Controllers\index.php(88): App\Models\Admin_Users->session_id()
 2 SYSTEMPATH\CodeIgniter.php(896): Modules\Admin\Controllers\Index->dashboard()
 3 SYSTEMPATH\CodeIgniter.php(466): CodeIgniter\CodeIgniter->runController(Object(Modules\Admin\Controllers\Index))
 4 SYSTEMPATH\CodeIgniter.php(349): CodeIgniter\CodeIgniter->handleRequest(null, Object(Config\Cache), false)
 5 FCPATH\index.php(55): CodeIgniter\CodeIgniter->run()
CRITICAL - 2022-08-27 13:17:25 --> Call to undefined method CodeIgniter\Database\MySQLi\Connection::select()
in APPPATH\Models\Admin_Users.php on line 146.
 1 FCPATH\modules\Admin\Controllers\index.php(88): App\Models\Admin_Users->session_id()
 2 SYSTEMPATH\CodeIgniter.php(896): Modules\Admin\Controllers\Index->dashboard()
 3 SYSTEMPATH\CodeIgniter.php(466): CodeIgniter\CodeIgniter->runController(Object(Modules\Admin\Controllers\Index))
 4 SYSTEMPATH\CodeIgniter.php(349): CodeIgniter\CodeIgniter->handleRequest(null, Object(Config\Cache), false)
 5 FCPATH\index.php(55): CodeIgniter\CodeIgniter->run()
CRITICAL - 2022-08-27 13:18:22 --> Call to undefined method CodeIgniter\Database\MySQLi\Builder::get_compiled_select()
in APPPATH\Models\Admin_Users.php on line 148.
 1 FCPATH\modules\Admin\Controllers\index.php(88): App\Models\Admin_Users->session_id()
 2 SYSTEMPATH\CodeIgniter.php(896): Modules\Admin\Controllers\Index->dashboard()
 3 SYSTEMPATH\CodeIgniter.php(466): CodeIgniter\CodeIgniter->runController(Object(Modules\Admin\Controllers\Index))
 4 SYSTEMPATH\CodeIgniter.php(349): CodeIgniter\CodeIgniter->handleRequest(null, Object(Config\Cache), false)
 5 FCPATH\index.php(55): CodeIgniter\CodeIgniter->run()
CRITICAL - 2022-08-27 13:28:59 --> Array to string conversion
in APPPATH\Models\Admin_Users.php on line 145.
 1 APPPATH\Models\Admin_Users.php(145): CodeIgniter\Debug\Exceptions->errorHandler(8, 'Array to string conversion', 'APPPATH\\Models\\Admin_Users.php', 145, [])
 2 FCPATH\modules\Admin\Controllers\index.php(88): App\Models\Admin_Users->session_id()
 3 SYSTEMPATH\CodeIgniter.php(896): Modules\Admin\Controllers\Index->dashboard()
 4 SYSTEMPATH\CodeIgniter.php(466): CodeIgniter\CodeIgniter->runController(Object(Modules\Admin\Controllers\Index))
 5 SYSTEMPATH\CodeIgniter.php(349): CodeIgniter\CodeIgniter->handleRequest(null, Object(Config\Cache), false)
 6 FCPATH\index.php(55): CodeIgniter\CodeIgniter->run()
CRITICAL - 2022-08-27 13:41:42 --> Trying to get property 'user_id' of non-object
in APPPATH\Models\Admin_Users.php on line 146.
 1 APPPATH\Models\Admin_Users.php(146): CodeIgniter\Debug\Exceptions->errorHandler(8, 'Trying to get property \'user_id\' of non-object', 'APPPATH\\Models\\Admin_Users.php', 146, [...])
 2 FCPATH\modules\Admin\Controllers\index.php(88): App\Models\Admin_Users->session_id()
 3 SYSTEMPATH\CodeIgniter.php(896): Modules\Admin\Controllers\Index->dashboard()
 4 SYSTEMPATH\CodeIgniter.php(466): CodeIgniter\CodeIgniter->runController(Object(Modules\Admin\Controllers\Index))
 5 SYSTEMPATH\CodeIgniter.php(349): CodeIgniter\CodeIgniter->handleRequest(null, Object(Config\Cache), false)
 6 FCPATH\index.php(55): CodeIgniter\CodeIgniter->run()
CRITICAL - 2022-08-27 13:42:12 --> Illegal string offset 'user_id'
in APPPATH\Models\Admin_Users.php on line 146.
 1 APPPATH\Models\Admin_Users.php(146): CodeIgniter\Debug\Exceptions->errorHandler(2, 'Illegal string offset \'user_id\'', 'APPPATH\\Models\\Admin_Users.php', 146, [...])
 2 FCPATH\modules\Admin\Controllers\index.php(88): App\Models\Admin_Users->session_id()
 3 SYSTEMPATH\CodeIgniter.php(896): Modules\Admin\Controllers\Index->dashboard()
 4 SYSTEMPATH\CodeIgniter.php(466): CodeIgniter\CodeIgniter->runController(Object(Modules\Admin\Controllers\Index))
 5 SYSTEMPATH\CodeIgniter.php(349): CodeIgniter\CodeIgniter->handleRequest(null, Object(Config\Cache), false)
 6 FCPATH\index.php(55): CodeIgniter\CodeIgniter->run()
ERROR - 2022-08-27 13:43:59 --> You have an error in your SQL syntax; check the manual that corresponds to your MariaDB server version for the right syntax to use near '1 AND  status_ind = 1' at line 1
CRITICAL - 2022-08-27 13:43:59 --> You have an error in your SQL syntax; check the manual that corresponds to your MariaDB server version for the right syntax to use near '1 AND  status_ind = 1' at line 1
in SYSTEMPATH\Database\MySQLi\Connection.php on line 292.
 1 SYSTEMPATH\Database\MySQLi\Connection.php(292): mysqli->query('SELECT *   FROM admin_users  where user_id  1 AND  status_ind = 1', 0)
 2 SYSTEMPATH\Database\BaseConnection.php(695): CodeIgniter\Database\MySQLi\Connection->execute('SELECT *   FROM admin_users  where user_id  1 AND  status_ind = 1')
 3 SYSTEMPATH\Database\BaseConnection.php(609): CodeIgniter\Database\BaseConnection->simpleQuery('SELECT *   FROM admin_users  where user_id  1 AND  status_ind = 1')
 4 APPPATH\Models\Admin_Users.php(154): CodeIgniter\Database\BaseConnection->query('SELECT *   FROM admin_users  where user_id  1 AND  status_ind = 1')
 5 FCPATH\modules\Admin\Controllers\index.php(88): App\Models\Admin_Users->session_id()
 6 SYSTEMPATH\CodeIgniter.php(896): Modules\Admin\Controllers\Index->dashboard()
 7 SYSTEMPATH\CodeIgniter.php(466): CodeIgniter\CodeIgniter->runController(Object(Modules\Admin\Controllers\Index))
 8 SYSTEMPATH\CodeIgniter.php(349): CodeIgniter\CodeIgniter->handleRequest(null, Object(Config\Cache), false)
 9 FCPATH\index.php(55): CodeIgniter\CodeIgniter->run()
CRITICAL - 2022-08-27 13:46:51 --> Undefined property: Modules\Admin\Controllers\Index::$admin_roles_accesses_model
in FCPATH\modules\Admin\Controllers\index.php on line 92.
 1 FCPATH\modules\Admin\Controllers\index.php(92): CodeIgniter\Debug\Exceptions->errorHandler(8, 'Undefined property: Modules\\Admin\\Controllers\\Index::$admin_roles_accesses_model', 'FCPATH\\modules\\Admin\\Controllers\\index.php', 92, [...])
 2 SYSTEMPATH\CodeIgniter.php(896): Modules\Admin\Controllers\Index->dashboard()
 3 SYSTEMPATH\CodeIgniter.php(466): CodeIgniter\CodeIgniter->runController(Object(Modules\Admin\Controllers\Index))
 4 SYSTEMPATH\CodeIgniter.php(349): CodeIgniter\CodeIgniter->handleRequest(null, Object(Config\Cache), false)
 5 FCPATH\index.php(55): CodeIgniter\CodeIgniter->run()
