ERROR - 2022-09-15 11:49:37 --> You have an error in your SQL syntax; check the manual that corresponds to your MariaDB server version for the right syntax to use near 'and status_ind = 1' at line 1
CRITICAL - 2022-09-15 11:49:37 --> You have an error in your SQL syntax; check the manual that corresponds to your MariaDB server version for the right syntax to use near 'and status_ind = 1' at line 1
in SYSTEMPATH\Database\MySQLi\Connection.php on line 292.
 1 SYSTEMPATH\Database\MySQLi\Connection.php(292): mysqli->query(' SELECT * from locations  where city_id =  and status_ind = 1', 0)
 2 SYSTEMPATH\Database\BaseConnection.php(695): CodeIgniter\Database\MySQLi\Connection->execute(' SELECT * from locations  where city_id =  and status_ind = 1')
 3 SYSTEMPATH\Database\BaseConnection.php(609): CodeIgniter\Database\BaseConnection->simpleQuery(' SELECT * from locations  where city_id =  and status_ind = 1')
 4 APPPATH\Models\Locations.php(26): CodeIgniter\Database\BaseConnection->query(' SELECT * from locations  where city_id =  and status_ind = 1')
 5 FCPATH\modules\Admin\Controllers\Addcompany.php(192): App\Models\Locations->dependentdata([...])
 6 SYSTEMPATH\CodeIgniter.php(896): Modules\Admin\Controllers\Addcompany->depedentselecttwo()
 7 SYSTEMPATH\CodeIgniter.php(466): CodeIgniter\CodeIgniter->runController(Object(Modules\Admin\Controllers\Addcompany))
 8 SYSTEMPATH\CodeIgniter.php(349): CodeIgniter\CodeIgniter->handleRequest(null, Object(Config\Cache), false)
 9 FCPATH\index.php(55): CodeIgniter\CodeIgniter->run()
ERROR - 2022-09-15 12:48:54 --> You have an error in your SQL syntax; check the manual that corresponds to your MariaDB server version for the right syntax to use near 'and status_ind = 1' at line 1
CRITICAL - 2022-09-15 12:48:54 --> You have an error in your SQL syntax; check the manual that corresponds to your MariaDB server version for the right syntax to use near 'and status_ind = 1' at line 1
in SYSTEMPATH\Database\MySQLi\Connection.php on line 292.
 1 SYSTEMPATH\Database\MySQLi\Connection.php(292): mysqli->query(' SELECT * from locations  where city_id =  and status_ind = 1', 0)
 2 SYSTEMPATH\Database\BaseConnection.php(695): CodeIgniter\Database\MySQLi\Connection->execute(' SELECT * from locations  where city_id =  and status_ind = 1')
 3 SYSTEMPATH\Database\BaseConnection.php(609): CodeIgniter\Database\BaseConnection->simpleQuery(' SELECT * from locations  where city_id =  and status_ind = 1')
 4 APPPATH\Models\Locations.php(26): CodeIgniter\Database\BaseConnection->query(' SELECT * from locations  where city_id =  and status_ind = 1')
 5 FCPATH\modules\Admin\Controllers\Addcompany.php(192): App\Models\Locations->dependentdata([...])
 6 SYSTEMPATH\CodeIgniter.php(896): Modules\Admin\Controllers\Addcompany->depedentselecttwo()
 7 SYSTEMPATH\CodeIgniter.php(466): CodeIgniter\CodeIgniter->runController(Object(Modules\Admin\Controllers\Addcompany))
 8 SYSTEMPATH\CodeIgniter.php(349): CodeIgniter\CodeIgniter->handleRequest(null, Object(Config\Cache), false)
 9 FCPATH\index.php(55): CodeIgniter\CodeIgniter->run()
CRITICAL - 2022-09-15 12:55:09 --> syntax error, unexpected 'public' (T_PUBLIC), expecting end of file
in FCPATH\modules\Admin\Controllers\AddProduct.php on line 56.
 1 SYSTEMPATH\Autoloader\Autoloader.php(261): CodeIgniter\Autoloader\Autoloader->includeFile('FCPATH\\modules\\Admin\\Controllers\\AddProduct.php')
 2 SYSTEMPATH\Autoloader\Autoloader.php(239): CodeIgniter\Autoloader\Autoloader->loadInNamespace('Modules\\Admin\\Controllers\\AddProduct')
 3 [internal function]: CodeIgniter\Autoloader\Autoloader->loadClass('Modules\\Admin\\Controllers\\AddProduct')
 4 [internal function]: spl_autoload_call('Modules\\Admin\\Controllers\\AddProduct')
 5 SYSTEMPATH\CodeIgniter.php(846): class_exists('\\Modules\\Admin\\Controllers\\AddProduct', true)
 6 SYSTEMPATH\CodeIgniter.php(453): CodeIgniter\CodeIgniter->startController()
 7 SYSTEMPATH\CodeIgniter.php(349): CodeIgniter\CodeIgniter->handleRequest(null, Object(Config\Cache), false)
 8 FCPATH\index.php(55): CodeIgniter\CodeIgniter->run()
CRITICAL - 2022-09-15 13:27:06 --> Undefined variable: city
in FCPATH\modules\Admin\Views\pages\products\addnewproducts.php on line 180.
 1 FCPATH\modules\Admin\Views\pages\products\addnewproducts.php(180): CodeIgniter\Debug\Exceptions->errorHandler(8, 'Undefined variable: city', 'FCPATH\\modules\\Admin\\Views\\pages\\products\\addnewproducts.php', 180, [...])
 2 SYSTEMPATH\View\View.php(213): include('FCPATH\\modules\\Admin\\Views\\pages\\products\\addnewproducts.php')
 3 SYSTEMPATH\View\View.php(216): CodeIgniter\View\View->CodeIgniter\View\{closure}()
 4 SYSTEMPATH\Common.php(1135): CodeIgniter\View\View->render('Modules\\Admin\\Views\\pages\\products\\addnewproducts', [], true)
 5 FCPATH\modules\Admin\Controllers\AddProduct.php(143): view('Modules\\Admin\\Views\\pages\\products\\addnewproducts', [...])
 6 SYSTEMPATH\CodeIgniter.php(896): Modules\Admin\Controllers\AddProduct->createnewproduct()
 7 SYSTEMPATH\CodeIgniter.php(466): CodeIgniter\CodeIgniter->runController(Object(Modules\Admin\Controllers\AddProduct))
 8 SYSTEMPATH\CodeIgniter.php(349): CodeIgniter\CodeIgniter->handleRequest(null, Object(Config\Cache), false)
 9 FCPATH\index.php(55): CodeIgniter\CodeIgniter->run()
CRITICAL - 2022-09-15 13:27:33 --> Undefined index: id
in FCPATH\modules\Admin\Views\pages\products\addnewproducts.php on line 181.
 1 FCPATH\modules\Admin\Views\pages\products\addnewproducts.php(181): CodeIgniter\Debug\Exceptions->errorHandler(8, 'Undefined index: id', 'FCPATH\\modules\\Admin\\Views\\pages\\products\\addnewproducts.php', 181, [...])
 2 SYSTEMPATH\View\View.php(213): include('FCPATH\\modules\\Admin\\Views\\pages\\products\\addnewproducts.php')
 3 SYSTEMPATH\View\View.php(216): CodeIgniter\View\View->CodeIgniter\View\{closure}()
 4 SYSTEMPATH\Common.php(1135): CodeIgniter\View\View->render('Modules\\Admin\\Views\\pages\\products\\addnewproducts', [], true)
 5 FCPATH\modules\Admin\Controllers\AddProduct.php(143): view('Modules\\Admin\\Views\\pages\\products\\addnewproducts', [...])
 6 SYSTEMPATH\CodeIgniter.php(896): Modules\Admin\Controllers\AddProduct->createnewproduct()
 7 SYSTEMPATH\CodeIgniter.php(466): CodeIgniter\CodeIgniter->runController(Object(Modules\Admin\Controllers\AddProduct))
 8 SYSTEMPATH\CodeIgniter.php(349): CodeIgniter\CodeIgniter->handleRequest(null, Object(Config\Cache), false)
 9 FCPATH\index.php(55): CodeIgniter\CodeIgniter->run()
CRITICAL - 2022-09-15 13:27:49 --> Undefined index: city_name
in FCPATH\modules\Admin\Views\pages\products\addnewproducts.php on line 183.
 1 FCPATH\modules\Admin\Views\pages\products\addnewproducts.php(183): CodeIgniter\Debug\Exceptions->errorHandler(8, 'Undefined index: city_name', 'FCPATH\\modules\\Admin\\Views\\pages\\products\\addnewproducts.php', 183, [...])
 2 SYSTEMPATH\View\View.php(213): include('FCPATH\\modules\\Admin\\Views\\pages\\products\\addnewproducts.php')
 3 SYSTEMPATH\View\View.php(216): CodeIgniter\View\View->CodeIgniter\View\{closure}()
 4 SYSTEMPATH\Common.php(1135): CodeIgniter\View\View->render('Modules\\Admin\\Views\\pages\\products\\addnewproducts', [], true)
 5 FCPATH\modules\Admin\Controllers\AddProduct.php(143): view('Modules\\Admin\\Views\\pages\\products\\addnewproducts', [...])
 6 SYSTEMPATH\CodeIgniter.php(896): Modules\Admin\Controllers\AddProduct->createnewproduct()
 7 SYSTEMPATH\CodeIgniter.php(466): CodeIgniter\CodeIgniter->runController(Object(Modules\Admin\Controllers\AddProduct))
 8 SYSTEMPATH\CodeIgniter.php(349): CodeIgniter\CodeIgniter->handleRequest(null, Object(Config\Cache), false)
 9 FCPATH\index.php(55): CodeIgniter\CodeIgniter->run()
CRITICAL - 2022-09-15 15:02:59 --> Trying to get property 'product_name' of non-object
in FCPATH\modules\Admin\Views\pages\products\productlist.php on line 179.
 1 FCPATH\modules\Admin\Views\pages\products\productlist.php(179): CodeIgniter\Debug\Exceptions->errorHandler(8, 'Trying to get property \'product_name\' of non-object', 'FCPATH\\modules\\Admin\\Views\\pages\\products\\productlist.php', 179, [...])
 2 SYSTEMPATH\View\View.php(213): include('FCPATH\\modules\\Admin\\Views\\pages\\products\\productlist.php')
 3 SYSTEMPATH\View\View.php(216): CodeIgniter\View\View->CodeIgniter\View\{closure}()
 4 SYSTEMPATH\Common.php(1135): CodeIgniter\View\View->render('Modules\\Admin\\Views\\pages\\products\\productlist', [], true)
 5 FCPATH\modules\Admin\Controllers\AddProduct.php(101): view('Modules\\Admin\\Views\\pages\\products\\productlist', [...])
 6 SYSTEMPATH\CodeIgniter.php(896): Modules\Admin\Controllers\AddProduct->index()
 7 SYSTEMPATH\CodeIgniter.php(466): CodeIgniter\CodeIgniter->runController(Object(Modules\Admin\Controllers\AddProduct))
 8 SYSTEMPATH\CodeIgniter.php(349): CodeIgniter\CodeIgniter->handleRequest(null, Object(Config\Cache), false)
 9 FCPATH\index.php(55): CodeIgniter\CodeIgniter->run()
CRITICAL - 2022-09-15 15:50:08 --> syntax error, unexpected 'else' (T_ELSE), expecting function (T_FUNCTION) or const (T_CONST)
in FCPATH\modules\Admin\Controllers\AddProduct.php on line 319.
 1 SYSTEMPATH\Autoloader\Autoloader.php(261): CodeIgniter\Autoloader\Autoloader->includeFile('FCPATH\\modules\\Admin\\Controllers\\AddProduct.php')
 2 SYSTEMPATH\Autoloader\Autoloader.php(239): CodeIgniter\Autoloader\Autoloader->loadInNamespace('Modules\\Admin\\Controllers\\AddProduct')
 3 [internal function]: CodeIgniter\Autoloader\Autoloader->loadClass('Modules\\Admin\\Controllers\\AddProduct')
 4 [internal function]: spl_autoload_call('Modules\\Admin\\Controllers\\AddProduct')
 5 SYSTEMPATH\CodeIgniter.php(846): class_exists('\\Modules\\Admin\\Controllers\\AddProduct', true)
 6 SYSTEMPATH\CodeIgniter.php(453): CodeIgniter\CodeIgniter->startController()
 7 SYSTEMPATH\CodeIgniter.php(349): CodeIgniter\CodeIgniter->handleRequest(null, Object(Config\Cache), false)
 8 FCPATH\index.php(55): CodeIgniter\CodeIgniter->run()
CRITICAL - 2022-09-15 17:42:06 --> syntax error, unexpected '[', expecting identifier (T_STRING) or variable (T_VARIABLE) or '{' or '$'
in FCPATH\modules\Admin\Views\pages\addtocart\addtocart.php on line 29.
 1 SYSTEMPATH\View\View.php(216): CodeIgniter\View\View->CodeIgniter\View\{closure}()
 2 SYSTEMPATH\Common.php(1135): CodeIgniter\View\View->render('Modules\\Admin\\Views\\pages\\addtocart\\addtocart', [], true)
 3 FCPATH\modules\Admin\Controllers\addtocartcontroller.php(56): view('Modules\\Admin\\Views\\pages\\addtocart\\addtocart', [...])
 4 SYSTEMPATH\CodeIgniter.php(896): Modules\Admin\Controllers\addtocartcontroller->index()
 5 SYSTEMPATH\CodeIgniter.php(466): CodeIgniter\CodeIgniter->runController(Object(Modules\Admin\Controllers\addtocartcontroller))
 6 SYSTEMPATH\CodeIgniter.php(349): CodeIgniter\CodeIgniter->handleRequest(null, Object(Config\Cache), false)
 7 FCPATH\index.php(55): CodeIgniter\CodeIgniter->run()
CRITICAL - 2022-09-15 18:22:35 --> Trying to access array offset on value of type null
in FCPATH\modules\Admin\Controllers\addtocartcontroller.php on line 69.
 1 FCPATH\modules\Admin\Controllers\addtocartcontroller.php(69): CodeIgniter\Debug\Exceptions->errorHandler(8, 'Trying to access array offset on value of type null', 'FCPATH\\modules\\Admin\\Controllers\\addtocartcontroller.php', 69, [...])
 2 SYSTEMPATH\CodeIgniter.php(896): Modules\Admin\Controllers\addtocartcontroller->add_to_cart()
 3 SYSTEMPATH\CodeIgniter.php(466): CodeIgniter\CodeIgniter->runController(Object(Modules\Admin\Controllers\addtocartcontroller))
 4 SYSTEMPATH\CodeIgniter.php(349): CodeIgniter\CodeIgniter->handleRequest(null, Object(Config\Cache), false)
 5 FCPATH\index.php(55): CodeIgniter\CodeIgniter->run()
CRITICAL - 2022-09-15 18:22:38 --> Trying to access array offset on value of type null
in FCPATH\modules\Admin\Controllers\addtocartcontroller.php on line 69.
 1 FCPATH\modules\Admin\Controllers\addtocartcontroller.php(69): CodeIgniter\Debug\Exceptions->errorHandler(8, 'Trying to access array offset on value of type null', 'FCPATH\\modules\\Admin\\Controllers\\addtocartcontroller.php', 69, [...])
 2 SYSTEMPATH\CodeIgniter.php(896): Modules\Admin\Controllers\addtocartcontroller->add_to_cart()
 3 SYSTEMPATH\CodeIgniter.php(466): CodeIgniter\CodeIgniter->runController(Object(Modules\Admin\Controllers\addtocartcontroller))
 4 SYSTEMPATH\CodeIgniter.php(349): CodeIgniter\CodeIgniter->handleRequest(null, Object(Config\Cache), false)
 5 FCPATH\index.php(55): CodeIgniter\CodeIgniter->run()
CRITICAL - 2022-09-15 18:24:10 --> syntax error, unexpected '}', expecting end of file
in FCPATH\modules\Admin\Controllers\addtocartcontroller.php on line 120.
 1 SYSTEMPATH\Autoloader\Autoloader.php(261): CodeIgniter\Autoloader\Autoloader->includeFile('FCPATH\\modules\\Admin\\Controllers\\addtocartcontroller.php')
 2 SYSTEMPATH\Autoloader\Autoloader.php(239): CodeIgniter\Autoloader\Autoloader->loadInNamespace('Modules\\Admin\\Controllers\\addtocartcontroller')
 3 [internal function]: CodeIgniter\Autoloader\Autoloader->loadClass('Modules\\Admin\\Controllers\\addtocartcontroller')
 4 [internal function]: spl_autoload_call('Modules\\Admin\\Controllers\\addtocartcontroller')
 5 SYSTEMPATH\CodeIgniter.php(846): class_exists('\\Modules\\Admin\\Controllers\\addtocartcontroller', true)
 6 SYSTEMPATH\CodeIgniter.php(453): CodeIgniter\CodeIgniter->startController()
 7 SYSTEMPATH\CodeIgniter.php(349): CodeIgniter\CodeIgniter->handleRequest(null, Object(Config\Cache), false)
 8 FCPATH\index.php(55): CodeIgniter\CodeIgniter->run()
CRITICAL - 2022-09-15 18:24:26 --> Undefined variable: product_id
in FCPATH\modules\Admin\Controllers\addtocartcontroller.php on line 68.
 1 FCPATH\modules\Admin\Controllers\addtocartcontroller.php(68): CodeIgniter\Debug\Exceptions->errorHandler(8, 'Undefined variable: product_id', 'FCPATH\\modules\\Admin\\Controllers\\addtocartcontroller.php', 68, [...])
 2 SYSTEMPATH\CodeIgniter.php(896): Modules\Admin\Controllers\addtocartcontroller->add_to_cart()
 3 SYSTEMPATH\CodeIgniter.php(466): CodeIgniter\CodeIgniter->runController(Object(Modules\Admin\Controllers\addtocartcontroller))
 4 SYSTEMPATH\CodeIgniter.php(349): CodeIgniter\CodeIgniter->handleRequest(null, Object(Config\Cache), false)
 5 FCPATH\index.php(55): CodeIgniter\CodeIgniter->run()
CRITICAL - 2022-09-15 18:24:29 --> Undefined variable: product_id
in FCPATH\modules\Admin\Controllers\addtocartcontroller.php on line 68.
 1 FCPATH\modules\Admin\Controllers\addtocartcontroller.php(68): CodeIgniter\Debug\Exceptions->errorHandler(8, 'Undefined variable: product_id', 'FCPATH\\modules\\Admin\\Controllers\\addtocartcontroller.php', 68, [...])
 2 SYSTEMPATH\CodeIgniter.php(896): Modules\Admin\Controllers\addtocartcontroller->add_to_cart()
 3 SYSTEMPATH\CodeIgniter.php(466): CodeIgniter\CodeIgniter->runController(Object(Modules\Admin\Controllers\addtocartcontroller))
 4 SYSTEMPATH\CodeIgniter.php(349): CodeIgniter\CodeIgniter->handleRequest(null, Object(Config\Cache), false)
 5 FCPATH\index.php(55): CodeIgniter\CodeIgniter->run()
CRITICAL - 2022-09-15 18:24:47 --> Undefined variable: product_id
in FCPATH\modules\Admin\Controllers\addtocartcontroller.php on line 68.
 1 FCPATH\modules\Admin\Controllers\addtocartcontroller.php(68): CodeIgniter\Debug\Exceptions->errorHandler(8, 'Undefined variable: product_id', 'FCPATH\\modules\\Admin\\Controllers\\addtocartcontroller.php', 68, [...])
 2 SYSTEMPATH\CodeIgniter.php(896): Modules\Admin\Controllers\addtocartcontroller->add_to_cart()
 3 SYSTEMPATH\CodeIgniter.php(466): CodeIgniter\CodeIgniter->runController(Object(Modules\Admin\Controllers\addtocartcontroller))
 4 SYSTEMPATH\CodeIgniter.php(349): CodeIgniter\CodeIgniter->handleRequest(null, Object(Config\Cache), false)
 5 FCPATH\index.php(55): CodeIgniter\CodeIgniter->run()
CRITICAL - 2022-09-15 18:24:48 --> Undefined variable: product_id
in FCPATH\modules\Admin\Controllers\addtocartcontroller.php on line 68.
 1 FCPATH\modules\Admin\Controllers\addtocartcontroller.php(68): CodeIgniter\Debug\Exceptions->errorHandler(8, 'Undefined variable: product_id', 'FCPATH\\modules\\Admin\\Controllers\\addtocartcontroller.php', 68, [...])
 2 SYSTEMPATH\CodeIgniter.php(896): Modules\Admin\Controllers\addtocartcontroller->add_to_cart()
 3 SYSTEMPATH\CodeIgniter.php(466): CodeIgniter\CodeIgniter->runController(Object(Modules\Admin\Controllers\addtocartcontroller))
 4 SYSTEMPATH\CodeIgniter.php(349): CodeIgniter\CodeIgniter->handleRequest(null, Object(Config\Cache), false)
 5 FCPATH\index.php(55): CodeIgniter\CodeIgniter->run()
CRITICAL - 2022-09-15 18:25:22 --> Undefined variable: product_id
in FCPATH\modules\Admin\Controllers\addtocartcontroller.php on line 67.
 1 FCPATH\modules\Admin\Controllers\addtocartcontroller.php(67): CodeIgniter\Debug\Exceptions->errorHandler(8, 'Undefined variable: product_id', 'FCPATH\\modules\\Admin\\Controllers\\addtocartcontroller.php', 67, [...])
 2 SYSTEMPATH\CodeIgniter.php(896): Modules\Admin\Controllers\addtocartcontroller->add_to_cart()
 3 SYSTEMPATH\CodeIgniter.php(466): CodeIgniter\CodeIgniter->runController(Object(Modules\Admin\Controllers\addtocartcontroller))
 4 SYSTEMPATH\CodeIgniter.php(349): CodeIgniter\CodeIgniter->handleRequest(null, Object(Config\Cache), false)
 5 FCPATH\index.php(55): CodeIgniter\CodeIgniter->run()
ERROR - 2022-09-15 18:34:28 --> Unknown column 'created_by' in 'field list'
CRITICAL - 2022-09-15 18:34:28 --> Unknown column 'created_by' in 'field list'
in SYSTEMPATH\Database\MySQLi\Connection.php on line 292.
 1 SYSTEMPATH\Database\MySQLi\Connection.php(292): mysqli->query('INSERT INTO `addtocart` (`product_id`, `product_name`, `product_price`, `qty`, `created_date`, `created_by`) VALUES (\'2\', \'Seat Cover Black\', \'1000\', \'2\', \'2022-09-15\', \'1\')', 0)
 2 SYSTEMPATH\Database\BaseConnection.php(695): CodeIgniter\Database\MySQLi\Connection->execute('INSERT INTO `addtocart` (`product_id`, `product_name`, `product_price`, `qty`, `created_date`, `created_by`) VALUES (\'2\', \'Seat Cover Black\', \'1000\', \'2\', \'2022-09-15\', \'1\')')
 3 SYSTEMPATH\Database\BaseConnection.php(609): CodeIgniter\Database\BaseConnection->simpleQuery('INSERT INTO `addtocart` (`product_id`, `product_name`, `product_price`, `qty`, `created_date`, `created_by`) VALUES (\'2\', \'Seat Cover Black\', \'1000\', \'2\', \'2022-09-15\', \'1\')')
 4 SYSTEMPATH\Database\BaseBuilder.php(1904): CodeIgniter\Database\BaseConnection->query('INSERT INTO `addtocart` (`product_id`, `product_name`, `product_price`, `qty`, `created_date`, `created_by`) VALUES (:product_id:, :product_name:, :product_price:, :qty:, :created_date:, :created_by:)', [...], false)
 5 FCPATH\modules\Admin\Controllers\addtocartcontroller.php(88): CodeIgniter\Database\BaseBuilder->insert([...])
 6 SYSTEMPATH\CodeIgniter.php(896): Modules\Admin\Controllers\addtocartcontroller->add_to_cart()
 7 SYSTEMPATH\CodeIgniter.php(466): CodeIgniter\CodeIgniter->runController(Object(Modules\Admin\Controllers\addtocartcontroller))
 8 SYSTEMPATH\CodeIgniter.php(349): CodeIgniter\CodeIgniter->handleRequest(null, Object(Config\Cache), false)
 9 FCPATH\index.php(55): CodeIgniter\CodeIgniter->run()
CRITICAL - 2022-09-15 18:36:51 --> Undefined property: Modules\Admin\Controllers\addtocartcontroller::$cart
in FCPATH\modules\Admin\Controllers\addtocartcontroller.php on line 97.
 1 FCPATH\modules\Admin\Controllers\addtocartcontroller.php(97): CodeIgniter\Debug\Exceptions->errorHandler(8, 'Undefined property: Modules\\Admin\\Controllers\\addtocartcontroller::$cart', 'FCPATH\\modules\\Admin\\Controllers\\addtocartcontroller.php', 97, [...])
 2 FCPATH\modules\Admin\Controllers\addtocartcontroller.php(89): Modules\Admin\Controllers\addtocartcontroller->show_cart()
 3 SYSTEMPATH\CodeIgniter.php(896): Modules\Admin\Controllers\addtocartcontroller->add_to_cart()
 4 SYSTEMPATH\CodeIgniter.php(466): CodeIgniter\CodeIgniter->runController(Object(Modules\Admin\Controllers\addtocartcontroller))
 5 SYSTEMPATH\CodeIgniter.php(349): CodeIgniter\CodeIgniter->handleRequest(null, Object(Config\Cache), false)
 6 FCPATH\index.php(55): CodeIgniter\CodeIgniter->run()
CRITICAL - 2022-09-15 19:06:14 --> Call to undefined method Modules\Admin\Controllers\BaseController::construct()
in FCPATH\modules\Admin\Controllers\addtocartcontroller.php on line 37.
 1 SYSTEMPATH\CodeIgniter.php(858): Modules\Admin\Controllers\addtocartcontroller->__construct()
 2 SYSTEMPATH\CodeIgniter.php(457): CodeIgniter\CodeIgniter->createController()
 3 SYSTEMPATH\CodeIgniter.php(349): CodeIgniter\CodeIgniter->handleRequest(null, Object(Config\Cache), false)
 4 FCPATH\index.php(55): CodeIgniter\CodeIgniter->run()
CRITICAL - 2022-09-15 20:04:29 --> Undefined variable: category
in FCPATH\modules\Admin\Views\pages\servicestwo\addnewservicestwo.php on line 184.
 1 FCPATH\modules\Admin\Views\pages\servicestwo\addnewservicestwo.php(184): CodeIgniter\Debug\Exceptions->errorHandler(8, 'Undefined variable: category', 'FCPATH\\modules\\Admin\\Views\\pages\\servicestwo\\addnewservicestwo.php', 184, [...])
 2 SYSTEMPATH\View\View.php(213): include('FCPATH\\modules\\Admin\\Views\\pages\\servicestwo\\addnewservicestwo.php')
 3 SYSTEMPATH\View\View.php(216): CodeIgniter\View\View->CodeIgniter\View\{closure}()
 4 SYSTEMPATH\Common.php(1135): CodeIgniter\View\View->render('Modules\\Admin\\Views\\pages\\servicestwo\\addnewservicestwo', [], true)
 5 FCPATH\modules\Admin\Controllers\Servicelist.php(139): view('Modules\\Admin\\Views\\pages\\servicestwo\\addnewservicestwo', [...])
 6 SYSTEMPATH\CodeIgniter.php(896): Modules\Admin\Controllers\Servicelist->addNewServices()
 7 SYSTEMPATH\CodeIgniter.php(466): CodeIgniter\CodeIgniter->runController(Object(Modules\Admin\Controllers\Servicelist))
 8 SYSTEMPATH\CodeIgniter.php(349): CodeIgniter\CodeIgniter->handleRequest(null, Object(Config\Cache), false)
 9 FCPATH\index.php(55): CodeIgniter\CodeIgniter->run()
CRITICAL - 2022-09-15 20:05:10 --> Undefined variable: pade_title3
in FCPATH\modules\Admin\Views\pages\servicestwo\addnewservicestwo.php on line 197.
 1 FCPATH\modules\Admin\Views\pages\servicestwo\addnewservicestwo.php(197): CodeIgniter\Debug\Exceptions->errorHandler(8, 'Undefined variable: pade_title3', 'FCPATH\\modules\\Admin\\Views\\pages\\servicestwo\\addnewservicestwo.php', 197, [...])
 2 SYSTEMPATH\View\View.php(213): include('FCPATH\\modules\\Admin\\Views\\pages\\servicestwo\\addnewservicestwo.php')
 3 SYSTEMPATH\View\View.php(216): CodeIgniter\View\View->CodeIgniter\View\{closure}()
 4 SYSTEMPATH\Common.php(1135): CodeIgniter\View\View->render('Modules\\Admin\\Views\\pages\\servicestwo\\addnewservicestwo', [], true)
 5 FCPATH\modules\Admin\Controllers\Servicelist.php(140): view('Modules\\Admin\\Views\\pages\\servicestwo\\addnewservicestwo', [...])
 6 SYSTEMPATH\CodeIgniter.php(896): Modules\Admin\Controllers\Servicelist->addNewServices()
 7 SYSTEMPATH\CodeIgniter.php(466): CodeIgniter\CodeIgniter->runController(Object(Modules\Admin\Controllers\Servicelist))
 8 SYSTEMPATH\CodeIgniter.php(349): CodeIgniter\CodeIgniter->handleRequest(null, Object(Config\Cache), false)
 9 FCPATH\index.php(55): CodeIgniter\CodeIgniter->run()
