CRITICAL - 2022-08-24 13:49:41 --> ini_set(): Headers already sent. You cannot change the session module's ini settings at this time
in SYSTEMPATH\Session\Handlers\FileHandler.php on line 71.
 1 [internal function]: CodeIgniter\Debug\Exceptions->errorHandler(2, 'ini_set(): Headers already sent. You cannot change the session module\'s ini settings at this time', 'SYSTEMPATH\\Session\\Handlers\\FileHandler.php', 71, [...])
 2 SYSTEMPATH\Session\Handlers\FileHandler.php(71): ini_set('session.save_path', 'C:\\xampp\\htdocs\\ghaseel\\writable\\session')
 3 SYSTEMPATH\Config\Services.php(606): CodeIgniter\Session\Handlers\FileHandler->__construct(Object(Config\App), '::1')
 4 SYSTEMPATH\Config\BaseService.php(251): CodeIgniter\Config\Services::session(Object(Config\App), false)
 5 SYSTEMPATH\Config\BaseService.php(192): CodeIgniter\Config\BaseService::__callStatic('session', [...])
 6 SYSTEMPATH\Config\Services.php(585): CodeIgniter\Config\BaseService::getSharedInstance('session', null)
 7 SYSTEMPATH\Config\BaseService.php(251): CodeIgniter\Config\Services::session()
 8 SYSTEMPATH\Common.php(932): CodeIgniter\Config\BaseService::__callStatic('session', [])
 9 APPPATH\Filters\Authenticated.php(28): session()
10 SYSTEMPATH\Filters\Filters.php(173): App\Filters\Authenticated->before(Object(CodeIgniter\HTTP\IncomingRequest), null)
11 SYSTEMPATH\CodeIgniter.php(440): CodeIgniter\Filters\Filters->run('C:\\', 'before')
12 SYSTEMPATH\CodeIgniter.php(349): CodeIgniter\CodeIgniter->handleRequest(null, Object(Config\Cache), false)
13 FCPATH\index.php(58): CodeIgniter\CodeIgniter->run()
CRITICAL - 2022-08-24 13:53:37 --> ini_set(): Headers already sent. You cannot change the session module's ini settings at this time
in SYSTEMPATH\Session\Handlers\FileHandler.php on line 71.
 1 [internal function]: CodeIgniter\Debug\Exceptions->errorHandler(2, 'ini_set(): Headers already sent. You cannot change the session module\'s ini settings at this time', 'SYSTEMPATH\\Session\\Handlers\\FileHandler.php', 71, [...])
 2 SYSTEMPATH\Session\Handlers\FileHandler.php(71): ini_set('session.save_path', 'C:\\xampp\\htdocs\\ghaseel\\writable\\session')
 3 SYSTEMPATH\Config\Services.php(606): CodeIgniter\Session\Handlers\FileHandler->__construct(Object(Config\App), '::1')
 4 SYSTEMPATH\Config\BaseService.php(251): CodeIgniter\Config\Services::session(Object(Config\App), false)
 5 SYSTEMPATH\Config\BaseService.php(192): CodeIgniter\Config\BaseService::__callStatic('session', [...])
 6 SYSTEMPATH\Config\Services.php(585): CodeIgniter\Config\BaseService::getSharedInstance('session', null)
 7 SYSTEMPATH\Config\BaseService.php(251): CodeIgniter\Config\Services::session()
 8 SYSTEMPATH\Common.php(932): CodeIgniter\Config\BaseService::__callStatic('session', [])
 9 APPPATH\Filters\Authenticated.php(28): session()
10 SYSTEMPATH\Filters\Filters.php(173): App\Filters\Authenticated->before(Object(CodeIgniter\HTTP\IncomingRequest), null)
11 SYSTEMPATH\CodeIgniter.php(440): CodeIgniter\Filters\Filters->run('C:\\', 'before')
12 SYSTEMPATH\CodeIgniter.php(349): CodeIgniter\CodeIgniter->handleRequest(null, Object(Config\Cache), false)
13 FCPATH\index.php(59): CodeIgniter\CodeIgniter->run()
CRITICAL - 2022-08-24 17:52:53 --> Invalid file: layouts/mainsthird.php
in SYSTEMPATH\Exceptions\FrameworkException.php on line 33.
 1 SYSTEMPATH\View\View.php(201): CodeIgniter\Exceptions\FrameworkException::forInvalidFile('layouts/mainsthird.php')
 2 SYSTEMPATH\View\View.php(229): CodeIgniter\View\View->render('layouts/mainsthird', [], true)
 3 SYSTEMPATH\Common.php(1135): CodeIgniter\View\View->render('pages/hometwo', [], true)
 4 APPPATH\Controllers\Main.php(40): view('pages/hometwo', [...])
 5 SYSTEMPATH\CodeIgniter.php(896): App\Controllers\Main->index()
 6 SYSTEMPATH\CodeIgniter.php(466): CodeIgniter\CodeIgniter->runController(Object(App\Controllers\Main))
 7 SYSTEMPATH\CodeIgniter.php(349): CodeIgniter\CodeIgniter->handleRequest(null, Object(Config\Cache), false)
 8 FCPATH\index.php(59): CodeIgniter\CodeIgniter->run()
CRITICAL - 2022-08-24 18:20:27 --> Class 'Admin\Controllers\BaseController' not found
in APPPATH\Controllers\Auth.php on line 9.
 1 SYSTEMPATH\Autoloader\Autoloader.php(284): include_once()
 2 SYSTEMPATH\Autoloader\Autoloader.php(261): CodeIgniter\Autoloader\Autoloader->includeFile('APPPATH\\Controllers\\Auth.php')
 3 SYSTEMPATH\Autoloader\Autoloader.php(239): CodeIgniter\Autoloader\Autoloader->loadInNamespace('App\\Controllers\\Auth')
 4 [internal function]: CodeIgniter\Autoloader\Autoloader->loadClass('App\\Controllers\\Auth')
 5 [internal function]: spl_autoload_call('App\\Controllers\\Auth')
 6 SYSTEMPATH\CodeIgniter.php(846): class_exists('\\App\\Controllers\\Auth', true)
 7 SYSTEMPATH\CodeIgniter.php(453): CodeIgniter\CodeIgniter->startController()
 8 SYSTEMPATH\CodeIgniter.php(349): CodeIgniter\CodeIgniter->handleRequest(null, Object(Config\Cache), false)
 9 FCPATH\index.php(59): CodeIgniter\CodeIgniter->run()
CRITICAL - 2022-08-24 18:21:06 --> Class 'Admin\Controllers\BaseController' not found
in APPPATH\Controllers\Auth.php on line 9.
 1 SYSTEMPATH\Autoloader\Autoloader.php(284): include_once()
 2 SYSTEMPATH\Autoloader\Autoloader.php(261): CodeIgniter\Autoloader\Autoloader->includeFile('APPPATH\\Controllers\\Auth.php')
 3 SYSTEMPATH\Autoloader\Autoloader.php(239): CodeIgniter\Autoloader\Autoloader->loadInNamespace('App\\Controllers\\Auth')
 4 [internal function]: CodeIgniter\Autoloader\Autoloader->loadClass('App\\Controllers\\Auth')
 5 [internal function]: spl_autoload_call('App\\Controllers\\Auth')
 6 SYSTEMPATH\CodeIgniter.php(846): class_exists('\\App\\Controllers\\Auth', true)
 7 SYSTEMPATH\CodeIgniter.php(453): CodeIgniter\CodeIgniter->startController()
 8 SYSTEMPATH\CodeIgniter.php(349): CodeIgniter\CodeIgniter->handleRequest(null, Object(Config\Cache), false)
 9 FCPATH\index.php(59): CodeIgniter\CodeIgniter->run()
CRITICAL - 2022-08-24 18:21:43 --> Class 'Admin\Controllers\BaseController' not found
in APPPATH\Controllers\Auth.php on line 9.
 1 SYSTEMPATH\Autoloader\Autoloader.php(284): include_once()
 2 SYSTEMPATH\Autoloader\Autoloader.php(261): CodeIgniter\Autoloader\Autoloader->includeFile('APPPATH\\Controllers\\Auth.php')
 3 SYSTEMPATH\Autoloader\Autoloader.php(239): CodeIgniter\Autoloader\Autoloader->loadInNamespace('App\\Controllers\\Auth')
 4 [internal function]: CodeIgniter\Autoloader\Autoloader->loadClass('App\\Controllers\\Auth')
 5 [internal function]: spl_autoload_call('App\\Controllers\\Auth')
 6 SYSTEMPATH\CodeIgniter.php(846): class_exists('\\App\\Controllers\\Auth', true)
 7 SYSTEMPATH\CodeIgniter.php(453): CodeIgniter\CodeIgniter->startController()
 8 SYSTEMPATH\CodeIgniter.php(349): CodeIgniter\CodeIgniter->handleRequest(null, Object(Config\Cache), false)
 9 FCPATH\index.php(59): CodeIgniter\CodeIgniter->run()
CRITICAL - 2022-08-24 18:22:03 --> Class 'Admin\Controllers\BaseController' not found
in APPPATH\Controllers\Auth.php on line 9.
 1 SYSTEMPATH\Autoloader\Autoloader.php(284): include_once()
 2 SYSTEMPATH\Autoloader\Autoloader.php(261): CodeIgniter\Autoloader\Autoloader->includeFile('APPPATH\\Controllers\\Auth.php')
 3 SYSTEMPATH\Autoloader\Autoloader.php(239): CodeIgniter\Autoloader\Autoloader->loadInNamespace('App\\Controllers\\Auth')
 4 [internal function]: CodeIgniter\Autoloader\Autoloader->loadClass('App\\Controllers\\Auth')
 5 [internal function]: spl_autoload_call('App\\Controllers\\Auth')
 6 SYSTEMPATH\CodeIgniter.php(846): class_exists('\\App\\Controllers\\Auth', true)
 7 SYSTEMPATH\CodeIgniter.php(453): CodeIgniter\CodeIgniter->startController()
 8 SYSTEMPATH\CodeIgniter.php(349): CodeIgniter\CodeIgniter->handleRequest(null, Object(Config\Cache), false)
 9 FCPATH\index.php(59): CodeIgniter\CodeIgniter->run()
CRITICAL - 2022-08-24 18:22:06 --> Class 'Admin\Controllers\BaseController' not found
in APPPATH\Controllers\Auth.php on line 9.
 1 SYSTEMPATH\Autoloader\Autoloader.php(284): include_once()
 2 SYSTEMPATH\Autoloader\Autoloader.php(261): CodeIgniter\Autoloader\Autoloader->includeFile('APPPATH\\Controllers\\Auth.php')
 3 SYSTEMPATH\Autoloader\Autoloader.php(239): CodeIgniter\Autoloader\Autoloader->loadInNamespace('App\\Controllers\\Auth')
 4 [internal function]: CodeIgniter\Autoloader\Autoloader->loadClass('App\\Controllers\\Auth')
 5 [internal function]: spl_autoload_call('App\\Controllers\\Auth')
 6 SYSTEMPATH\CodeIgniter.php(846): class_exists('\\App\\Controllers\\Auth', true)
 7 SYSTEMPATH\CodeIgniter.php(453): CodeIgniter\CodeIgniter->startController()
 8 SYSTEMPATH\CodeIgniter.php(349): CodeIgniter\CodeIgniter->handleRequest(null, Object(Config\Cache), false)
 9 FCPATH\index.php(59): CodeIgniter\CodeIgniter->run()
CRITICAL - 2022-08-24 18:22:07 --> Class 'Admin\Controllers\BaseController' not found
in APPPATH\Controllers\Auth.php on line 9.
 1 SYSTEMPATH\Autoloader\Autoloader.php(284): include_once()
 2 SYSTEMPATH\Autoloader\Autoloader.php(261): CodeIgniter\Autoloader\Autoloader->includeFile('APPPATH\\Controllers\\Auth.php')
 3 SYSTEMPATH\Autoloader\Autoloader.php(239): CodeIgniter\Autoloader\Autoloader->loadInNamespace('App\\Controllers\\Auth')
 4 [internal function]: CodeIgniter\Autoloader\Autoloader->loadClass('App\\Controllers\\Auth')
 5 [internal function]: spl_autoload_call('App\\Controllers\\Auth')
 6 SYSTEMPATH\CodeIgniter.php(846): class_exists('\\App\\Controllers\\Auth', true)
 7 SYSTEMPATH\CodeIgniter.php(453): CodeIgniter\CodeIgniter->startController()
 8 SYSTEMPATH\CodeIgniter.php(349): CodeIgniter\CodeIgniter->handleRequest(null, Object(Config\Cache), false)
 9 FCPATH\index.php(59): CodeIgniter\CodeIgniter->run()
CRITICAL - 2022-08-24 18:22:08 --> Class 'Admin\Controllers\BaseController' not found
in APPPATH\Controllers\Auth.php on line 9.
 1 SYSTEMPATH\Autoloader\Autoloader.php(284): include_once()
 2 SYSTEMPATH\Autoloader\Autoloader.php(261): CodeIgniter\Autoloader\Autoloader->includeFile('APPPATH\\Controllers\\Auth.php')
 3 SYSTEMPATH\Autoloader\Autoloader.php(239): CodeIgniter\Autoloader\Autoloader->loadInNamespace('App\\Controllers\\Auth')
 4 [internal function]: CodeIgniter\Autoloader\Autoloader->loadClass('App\\Controllers\\Auth')
 5 [internal function]: spl_autoload_call('App\\Controllers\\Auth')
 6 SYSTEMPATH\CodeIgniter.php(846): class_exists('\\App\\Controllers\\Auth', true)
 7 SYSTEMPATH\CodeIgniter.php(453): CodeIgniter\CodeIgniter->startController()
 8 SYSTEMPATH\CodeIgniter.php(349): CodeIgniter\CodeIgniter->handleRequest(null, Object(Config\Cache), false)
 9 FCPATH\index.php(59): CodeIgniter\CodeIgniter->run()
CRITICAL - 2022-08-24 18:23:36 --> Class 'Admin\Controllers\BaseController' not found
in APPPATH\Controllers\Auth.php on line 9.
 1 SYSTEMPATH\Autoloader\Autoloader.php(284): include_once()
 2 SYSTEMPATH\Autoloader\Autoloader.php(261): CodeIgniter\Autoloader\Autoloader->includeFile('APPPATH\\Controllers\\Auth.php')
 3 SYSTEMPATH\Autoloader\Autoloader.php(239): CodeIgniter\Autoloader\Autoloader->loadInNamespace('App\\Controllers\\Auth')
 4 [internal function]: CodeIgniter\Autoloader\Autoloader->loadClass('App\\Controllers\\Auth')
 5 [internal function]: spl_autoload_call('App\\Controllers\\Auth')
 6 SYSTEMPATH\CodeIgniter.php(846): class_exists('\\App\\Controllers\\Auth', true)
 7 SYSTEMPATH\CodeIgniter.php(453): CodeIgniter\CodeIgniter->startController()
 8 SYSTEMPATH\CodeIgniter.php(349): CodeIgniter\CodeIgniter->handleRequest(null, Object(Config\Cache), false)
 9 FCPATH\index.php(59): CodeIgniter\CodeIgniter->run()
CRITICAL - 2022-08-24 18:24:28 --> Class 'Admin\Controllers\BaseController' not found
in APPPATH\Controllers\Auth.php on line 9.
 1 SYSTEMPATH\Autoloader\Autoloader.php(284): include_once()
 2 SYSTEMPATH\Autoloader\Autoloader.php(261): CodeIgniter\Autoloader\Autoloader->includeFile('APPPATH\\Controllers\\Auth.php')
 3 SYSTEMPATH\Autoloader\Autoloader.php(239): CodeIgniter\Autoloader\Autoloader->loadInNamespace('App\\Controllers\\Auth')
 4 [internal function]: CodeIgniter\Autoloader\Autoloader->loadClass('App\\Controllers\\Auth')
 5 [internal function]: spl_autoload_call('App\\Controllers\\Auth')
 6 SYSTEMPATH\CodeIgniter.php(846): class_exists('\\App\\Controllers\\Auth', true)
 7 SYSTEMPATH\CodeIgniter.php(453): CodeIgniter\CodeIgniter->startController()
 8 SYSTEMPATH\CodeIgniter.php(349): CodeIgniter\CodeIgniter->handleRequest(null, Object(Config\Cache), false)
 9 FCPATH\index.php(59): CodeIgniter\CodeIgniter->run()
CRITICAL - 2022-08-24 18:24:44 --> Class 'App\Controllers\BaseController' not found
in APPPATH\Controllers\Auth.php on line 9.
 1 SYSTEMPATH\Autoloader\Autoloader.php(284): include_once()
 2 SYSTEMPATH\Autoloader\Autoloader.php(261): CodeIgniter\Autoloader\Autoloader->includeFile('APPPATH\\Controllers\\Auth.php')
 3 SYSTEMPATH\Autoloader\Autoloader.php(239): CodeIgniter\Autoloader\Autoloader->loadInNamespace('App\\Controllers\\Auth')
 4 [internal function]: CodeIgniter\Autoloader\Autoloader->loadClass('App\\Controllers\\Auth')
 5 [internal function]: spl_autoload_call('App\\Controllers\\Auth')
 6 SYSTEMPATH\CodeIgniter.php(846): class_exists('\\App\\Controllers\\Auth', true)
 7 SYSTEMPATH\CodeIgniter.php(453): CodeIgniter\CodeIgniter->startController()
 8 SYSTEMPATH\CodeIgniter.php(349): CodeIgniter\CodeIgniter->handleRequest(null, Object(Config\Cache), false)
 9 FCPATH\index.php(59): CodeIgniter\CodeIgniter->run()
CRITICAL - 2022-08-24 18:24:45 --> Class 'App\Controllers\BaseController' not found
in APPPATH\Controllers\Auth.php on line 9.
 1 SYSTEMPATH\Autoloader\Autoloader.php(284): include_once()
 2 SYSTEMPATH\Autoloader\Autoloader.php(261): CodeIgniter\Autoloader\Autoloader->includeFile('APPPATH\\Controllers\\Auth.php')
 3 SYSTEMPATH\Autoloader\Autoloader.php(239): CodeIgniter\Autoloader\Autoloader->loadInNamespace('App\\Controllers\\Auth')
 4 [internal function]: CodeIgniter\Autoloader\Autoloader->loadClass('App\\Controllers\\Auth')
 5 [internal function]: spl_autoload_call('App\\Controllers\\Auth')
 6 SYSTEMPATH\CodeIgniter.php(846): class_exists('\\App\\Controllers\\Auth', true)
 7 SYSTEMPATH\CodeIgniter.php(453): CodeIgniter\CodeIgniter->startController()
 8 SYSTEMPATH\CodeIgniter.php(349): CodeIgniter\CodeIgniter->handleRequest(null, Object(Config\Cache), false)
 9 FCPATH\index.php(59): CodeIgniter\CodeIgniter->run()
CRITICAL - 2022-08-24 18:25:01 --> Class 'App\Models\Auth' not found
in APPPATH\Controllers\Auth.php on line 17.
 1 SYSTEMPATH\CodeIgniter.php(858): App\Controllers\Auth->__construct()
 2 SYSTEMPATH\CodeIgniter.php(457): CodeIgniter\CodeIgniter->createController()
 3 SYSTEMPATH\CodeIgniter.php(349): CodeIgniter\CodeIgniter->handleRequest(null, Object(Config\Cache), false)
 4 FCPATH\index.php(59): CodeIgniter\CodeIgniter->run()
CRITICAL - 2022-08-24 18:36:08 --> Class 'Admin\Models\Department' not found
in APPPATH\Controllers\Auth.php on line 19.
 1 SYSTEMPATH\CodeIgniter.php(858): Admin\Controllers\Auth->__construct()
 2 SYSTEMPATH\CodeIgniter.php(457): CodeIgniter\CodeIgniter->createController()
 3 SYSTEMPATH\CodeIgniter.php(349): CodeIgniter\CodeIgniter->handleRequest(null, Object(Config\Cache), false)
 4 FCPATH\index.php(59): CodeIgniter\CodeIgniter->run()
CRITICAL - 2022-08-24 18:52:15 --> Class 'Admin\Filters\Authenticated' not found
in SYSTEMPATH\Filters\Filters.php on line 166.
 1 SYSTEMPATH\CodeIgniter.php(440): CodeIgniter\Filters\Filters->run('C:\\', 'before')
 2 SYSTEMPATH\CodeIgniter.php(349): CodeIgniter\CodeIgniter->handleRequest(null, Object(Config\Cache), false)
 3 FCPATH\index.php(59): CodeIgniter\CodeIgniter->run()
