CRITICAL - 2022-09-23 14:52:56 --> Invalid file: layouts/mainfifth.php
in SYSTEMPATH\Exceptions\FrameworkException.php on line 33.
 1 SYSTEMPATH\View\View.php(201): CodeIgniter\Exceptions\FrameworkException::forInvalidFile('layouts/mainfifth.php')
 2 SYSTEMPATH\View\View.php(229): CodeIgniter\View\View->render('layouts/mainfifth', [], true)
 3 SYSTEMPATH\Common.php(1135): CodeIgniter\View\View->render('Modules\\Admin\\Views\\pages\\frontend\\index', [], true)
 4 FCPATH\modules\Admin\Controllers\Vehicleselect.php(20): view('Modules\\Admin\\Views\\pages\\frontend\\index')
 5 SYSTEMPATH\CodeIgniter.php(896): Modules\Admin\Controllers\Vehicleselect->index()
 6 SYSTEMPATH\CodeIgniter.php(466): CodeIgniter\CodeIgniter->runController(Object(Modules\Admin\Controllers\Vehicleselect))
 7 SYSTEMPATH\CodeIgniter.php(349): CodeIgniter\CodeIgniter->handleRequest(null, Object(Config\Cache), false)
 8 FCPATH\index.php(55): CodeIgniter\CodeIgniter->run()
CRITICAL - 2022-09-23 15:05:09 --> Invalid file: Modules\Admin\Views\pages\frontend\brands.php
in SYSTEMPATH\Exceptions\FrameworkException.php on line 33.
 1 SYSTEMPATH\View\View.php(201): CodeIgniter\Exceptions\FrameworkException::forInvalidFile('Modules\\Admin\\Views\\pages\\frontend\\brands.php')
 2 SYSTEMPATH\Common.php(1135): CodeIgniter\View\View->render('Modules\\Admin\\Views\\pages\\frontend\\brands', [], true)
 3 FCPATH\modules\Admin\Controllers\Vehicleselect.php(25): view('Modules\\Admin\\Views\\pages\\frontend\\brands')
 4 SYSTEMPATH\CodeIgniter.php(896): Modules\Admin\Controllers\Vehicleselect->brands()
 5 SYSTEMPATH\CodeIgniter.php(466): CodeIgniter\CodeIgniter->runController(Object(Modules\Admin\Controllers\Vehicleselect))
 6 SYSTEMPATH\CodeIgniter.php(349): CodeIgniter\CodeIgniter->handleRequest(null, Object(Config\Cache), false)
 7 FCPATH\index.php(55): CodeIgniter\CodeIgniter->run()
CRITICAL - 2022-09-23 15:07:05 --> Invalid file: Modules\Admin\Views\pages\frontend\brands.php
in SYSTEMPATH\Exceptions\FrameworkException.php on line 33.
 1 SYSTEMPATH\View\View.php(201): CodeIgniter\Exceptions\FrameworkException::forInvalidFile('Modules\\Admin\\Views\\pages\\frontend\\brands.php')
 2 SYSTEMPATH\Common.php(1135): CodeIgniter\View\View->render('Modules\\Admin\\Views\\pages\\frontend\\brands', [], true)
 3 FCPATH\modules\Admin\Controllers\Vehicleselect.php(25): view('Modules\\Admin\\Views\\pages\\frontend\\brands')
 4 SYSTEMPATH\CodeIgniter.php(896): Modules\Admin\Controllers\Vehicleselect->brands()
 5 SYSTEMPATH\CodeIgniter.php(466): CodeIgniter\CodeIgniter->runController(Object(Modules\Admin\Controllers\Vehicleselect))
 6 SYSTEMPATH\CodeIgniter.php(349): CodeIgniter\CodeIgniter->handleRequest(null, Object(Config\Cache), false)
 7 FCPATH\index.php(55): CodeIgniter\CodeIgniter->run()
CRITICAL - 2022-09-23 16:55:23 --> syntax error, unexpected end of file
in FCPATH\modules\Admin\Views\pages\frontend\index.php on line 236.
 1 SYSTEMPATH\View\View.php(216): CodeIgniter\View\View->CodeIgniter\View\{closure}()
 2 SYSTEMPATH\Common.php(1135): CodeIgniter\View\View->render('Modules\\Admin\\Views\\pages\\frontend\\index', [], true)
 3 FCPATH\modules\Admin\Controllers\Vehicleselect.php(27): view('Modules\\Admin\\Views\\pages\\frontend\\index', [...])
 4 SYSTEMPATH\CodeIgniter.php(896): Modules\Admin\Controllers\Vehicleselect->index()
 5 SYSTEMPATH\CodeIgniter.php(466): CodeIgniter\CodeIgniter->runController(Object(Modules\Admin\Controllers\Vehicleselect))
 6 SYSTEMPATH\CodeIgniter.php(349): CodeIgniter\CodeIgniter->handleRequest(null, Object(Config\Cache), false)
 7 FCPATH\index.php(55): CodeIgniter\CodeIgniter->run()
CRITICAL - 2022-09-23 16:59:57 --> Undefined variable: city_name
in FCPATH\modules\Admin\Views\pages\frontend\index.php on line 66.
 1 FCPATH\modules\Admin\Views\pages\frontend\index.php(66): CodeIgniter\Debug\Exceptions->errorHandler(8, 'Undefined variable: city_name', 'FCPATH\\modules\\Admin\\Views\\pages\\frontend\\index.php', 66, [...])
 2 SYSTEMPATH\View\View.php(213): include('FCPATH\\modules\\Admin\\Views\\pages\\frontend\\index.php')
 3 SYSTEMPATH\View\View.php(216): CodeIgniter\View\View->CodeIgniter\View\{closure}()
 4 SYSTEMPATH\Common.php(1135): CodeIgniter\View\View->render('Modules\\Admin\\Views\\pages\\frontend\\index', [], true)
 5 FCPATH\modules\Admin\Controllers\Vehicleselect.php(27): view('Modules\\Admin\\Views\\pages\\frontend\\index', [...])
 6 SYSTEMPATH\CodeIgniter.php(896): Modules\Admin\Controllers\Vehicleselect->index()
 7 SYSTEMPATH\CodeIgniter.php(466): CodeIgniter\CodeIgniter->runController(Object(Modules\Admin\Controllers\Vehicleselect))
 8 SYSTEMPATH\CodeIgniter.php(349): CodeIgniter\CodeIgniter->handleRequest(null, Object(Config\Cache), false)
 9 FCPATH\index.php(55): CodeIgniter\CodeIgniter->run()
CRITICAL - 2022-09-23 17:00:28 --> Undefined variable: city_name
in FCPATH\modules\Admin\Views\pages\frontend\index.php on line 66.
 1 FCPATH\modules\Admin\Views\pages\frontend\index.php(66): CodeIgniter\Debug\Exceptions->errorHandler(8, 'Undefined variable: city_name', 'FCPATH\\modules\\Admin\\Views\\pages\\frontend\\index.php', 66, [...])
 2 SYSTEMPATH\View\View.php(213): include('FCPATH\\modules\\Admin\\Views\\pages\\frontend\\index.php')
 3 SYSTEMPATH\View\View.php(216): CodeIgniter\View\View->CodeIgniter\View\{closure}()
 4 SYSTEMPATH\Common.php(1135): CodeIgniter\View\View->render('Modules\\Admin\\Views\\pages\\frontend\\index', [], true)
 5 FCPATH\modules\Admin\Controllers\Vehicleselect.php(27): view('Modules\\Admin\\Views\\pages\\frontend\\index', [...])
 6 SYSTEMPATH\CodeIgniter.php(896): Modules\Admin\Controllers\Vehicleselect->index()
 7 SYSTEMPATH\CodeIgniter.php(466): CodeIgniter\CodeIgniter->runController(Object(Modules\Admin\Controllers\Vehicleselect))
 8 SYSTEMPATH\CodeIgniter.php(349): CodeIgniter\CodeIgniter->handleRequest(null, Object(Config\Cache), false)
 9 FCPATH\index.php(55): CodeIgniter\CodeIgniter->run()
CRITICAL - 2022-09-23 17:01:00 --> Object of class stdClass could not be converted to string
in FCPATH\modules\Admin\Views\pages\frontend\index.php on line 66.
 1 SYSTEMPATH\View\View.php(213): include()
 2 SYSTEMPATH\View\View.php(216): CodeIgniter\View\View->CodeIgniter\View\{closure}()
 3 SYSTEMPATH\Common.php(1135): CodeIgniter\View\View->render('Modules\\Admin\\Views\\pages\\frontend\\index', [], true)
 4 FCPATH\modules\Admin\Controllers\Vehicleselect.php(27): view('Modules\\Admin\\Views\\pages\\frontend\\index', [...])
 5 SYSTEMPATH\CodeIgniter.php(896): Modules\Admin\Controllers\Vehicleselect->index()
 6 SYSTEMPATH\CodeIgniter.php(466): CodeIgniter\CodeIgniter->runController(Object(Modules\Admin\Controllers\Vehicleselect))
 7 SYSTEMPATH\CodeIgniter.php(349): CodeIgniter\CodeIgniter->handleRequest(null, Object(Config\Cache), false)
 8 FCPATH\index.php(55): CodeIgniter\CodeIgniter->run()
CRITICAL - 2022-09-23 17:02:03 --> Undefined variable: city_name
in FCPATH\modules\Admin\Views\pages\frontend\index.php on line 67.
 1 FCPATH\modules\Admin\Views\pages\frontend\index.php(67): CodeIgniter\Debug\Exceptions->errorHandler(8, 'Undefined variable: city_name', 'FCPATH\\modules\\Admin\\Views\\pages\\frontend\\index.php', 67, [...])
 2 SYSTEMPATH\View\View.php(213): include('FCPATH\\modules\\Admin\\Views\\pages\\frontend\\index.php')
 3 SYSTEMPATH\View\View.php(216): CodeIgniter\View\View->CodeIgniter\View\{closure}()
 4 SYSTEMPATH\Common.php(1135): CodeIgniter\View\View->render('Modules\\Admin\\Views\\pages\\frontend\\index', [], true)
 5 FCPATH\modules\Admin\Controllers\Vehicleselect.php(27): view('Modules\\Admin\\Views\\pages\\frontend\\index', [...])
 6 SYSTEMPATH\CodeIgniter.php(896): Modules\Admin\Controllers\Vehicleselect->index()
 7 SYSTEMPATH\CodeIgniter.php(466): CodeIgniter\CodeIgniter->runController(Object(Modules\Admin\Controllers\Vehicleselect))
 8 SYSTEMPATH\CodeIgniter.php(349): CodeIgniter\CodeIgniter->handleRequest(null, Object(Config\Cache), false)
 9 FCPATH\index.php(55): CodeIgniter\CodeIgniter->run()
CRITICAL - 2022-09-23 17:02:43 --> Invalid argument supplied for foreach()
in FCPATH\modules\Admin\Views\pages\frontend\index.php on line 72.
 1 FCPATH\modules\Admin\Views\pages\frontend\index.php(72): CodeIgniter\Debug\Exceptions->errorHandler(2, 'Invalid argument supplied for foreach()', 'FCPATH\\modules\\Admin\\Views\\pages\\frontend\\index.php', 72, [...])
 2 SYSTEMPATH\View\View.php(213): include('FCPATH\\modules\\Admin\\Views\\pages\\frontend\\index.php')
 3 SYSTEMPATH\View\View.php(216): CodeIgniter\View\View->CodeIgniter\View\{closure}()
 4 SYSTEMPATH\Common.php(1135): CodeIgniter\View\View->render('Modules\\Admin\\Views\\pages\\frontend\\index', [], true)
 5 FCPATH\modules\Admin\Controllers\Vehicleselect.php(27): view('Modules\\Admin\\Views\\pages\\frontend\\index', [...])
 6 SYSTEMPATH\CodeIgniter.php(896): Modules\Admin\Controllers\Vehicleselect->index()
 7 SYSTEMPATH\CodeIgniter.php(466): CodeIgniter\CodeIgniter->runController(Object(Modules\Admin\Controllers\Vehicleselect))
 8 SYSTEMPATH\CodeIgniter.php(349): CodeIgniter\CodeIgniter->handleRequest(null, Object(Config\Cache), false)
 9 FCPATH\index.php(55): CodeIgniter\CodeIgniter->run()
CRITICAL - 2022-09-23 17:02:59 --> Invalid argument supplied for foreach()
in FCPATH\modules\Admin\Views\pages\frontend\index.php on line 72.
 1 FCPATH\modules\Admin\Views\pages\frontend\index.php(72): CodeIgniter\Debug\Exceptions->errorHandler(2, 'Invalid argument supplied for foreach()', 'FCPATH\\modules\\Admin\\Views\\pages\\frontend\\index.php', 72, [...])
 2 SYSTEMPATH\View\View.php(213): include('FCPATH\\modules\\Admin\\Views\\pages\\frontend\\index.php')
 3 SYSTEMPATH\View\View.php(216): CodeIgniter\View\View->CodeIgniter\View\{closure}()
 4 SYSTEMPATH\Common.php(1135): CodeIgniter\View\View->render('Modules\\Admin\\Views\\pages\\frontend\\index', [], true)
 5 FCPATH\modules\Admin\Controllers\Vehicleselect.php(27): view('Modules\\Admin\\Views\\pages\\frontend\\index', [...])
 6 SYSTEMPATH\CodeIgniter.php(896): Modules\Admin\Controllers\Vehicleselect->index()
 7 SYSTEMPATH\CodeIgniter.php(466): CodeIgniter\CodeIgniter->runController(Object(Modules\Admin\Controllers\Vehicleselect))
 8 SYSTEMPATH\CodeIgniter.php(349): CodeIgniter\CodeIgniter->handleRequest(null, Object(Config\Cache), false)
 9 FCPATH\index.php(55): CodeIgniter\CodeIgniter->run()
CRITICAL - 2022-09-23 18:37:12 --> Undefined variable: row
in FCPATH\modules\Admin\Views\pages\frontend\index.php on line 76.
 1 FCPATH\modules\Admin\Views\pages\frontend\index.php(76): CodeIgniter\Debug\Exceptions->errorHandler(8, 'Undefined variable: row', 'FCPATH\\modules\\Admin\\Views\\pages\\frontend\\index.php', 76, [...])
 2 SYSTEMPATH\View\View.php(213): include('FCPATH\\modules\\Admin\\Views\\pages\\frontend\\index.php')
 3 SYSTEMPATH\View\View.php(216): CodeIgniter\View\View->CodeIgniter\View\{closure}()
 4 SYSTEMPATH\Common.php(1135): CodeIgniter\View\View->render('Modules\\Admin\\Views\\pages\\frontend\\index', [], true)
 5 FCPATH\modules\Admin\Controllers\Vehicleselect.php(27): view('Modules\\Admin\\Views\\pages\\frontend\\index', [...])
 6 SYSTEMPATH\CodeIgniter.php(896): Modules\Admin\Controllers\Vehicleselect->index()
 7 SYSTEMPATH\CodeIgniter.php(466): CodeIgniter\CodeIgniter->runController(Object(Modules\Admin\Controllers\Vehicleselect))
 8 SYSTEMPATH\CodeIgniter.php(349): CodeIgniter\CodeIgniter->handleRequest(null, Object(Config\Cache), false)
 9 FCPATH\index.php(55): CodeIgniter\CodeIgniter->run()
CRITICAL - 2022-09-23 18:37:20 --> Undefined variable: row
in FCPATH\modules\Admin\Views\pages\frontend\index.php on line 76.
 1 FCPATH\modules\Admin\Views\pages\frontend\index.php(76): CodeIgniter\Debug\Exceptions->errorHandler(8, 'Undefined variable: row', 'FCPATH\\modules\\Admin\\Views\\pages\\frontend\\index.php', 76, [...])
 2 SYSTEMPATH\View\View.php(213): include('FCPATH\\modules\\Admin\\Views\\pages\\frontend\\index.php')
 3 SYSTEMPATH\View\View.php(216): CodeIgniter\View\View->CodeIgniter\View\{closure}()
 4 SYSTEMPATH\Common.php(1135): CodeIgniter\View\View->render('Modules\\Admin\\Views\\pages\\frontend\\index', [], true)
 5 FCPATH\modules\Admin\Controllers\Vehicleselect.php(27): view('Modules\\Admin\\Views\\pages\\frontend\\index', [...])
 6 SYSTEMPATH\CodeIgniter.php(896): Modules\Admin\Controllers\Vehicleselect->index()
 7 SYSTEMPATH\CodeIgniter.php(466): CodeIgniter\CodeIgniter->runController(Object(Modules\Admin\Controllers\Vehicleselect))
 8 SYSTEMPATH\CodeIgniter.php(349): CodeIgniter\CodeIgniter->handleRequest(null, Object(Config\Cache), false)
 9 FCPATH\index.php(55): CodeIgniter\CodeIgniter->run()
CRITICAL - 2022-09-23 18:37:22 --> Undefined variable: row
in FCPATH\modules\Admin\Views\pages\frontend\index.php on line 76.
 1 FCPATH\modules\Admin\Views\pages\frontend\index.php(76): CodeIgniter\Debug\Exceptions->errorHandler(8, 'Undefined variable: row', 'FCPATH\\modules\\Admin\\Views\\pages\\frontend\\index.php', 76, [...])
 2 SYSTEMPATH\View\View.php(213): include('FCPATH\\modules\\Admin\\Views\\pages\\frontend\\index.php')
 3 SYSTEMPATH\View\View.php(216): CodeIgniter\View\View->CodeIgniter\View\{closure}()
 4 SYSTEMPATH\Common.php(1135): CodeIgniter\View\View->render('Modules\\Admin\\Views\\pages\\frontend\\index', [], true)
 5 FCPATH\modules\Admin\Controllers\Vehicleselect.php(27): view('Modules\\Admin\\Views\\pages\\frontend\\index', [...])
 6 SYSTEMPATH\CodeIgniter.php(896): Modules\Admin\Controllers\Vehicleselect->index()
 7 SYSTEMPATH\CodeIgniter.php(466): CodeIgniter\CodeIgniter->runController(Object(Modules\Admin\Controllers\Vehicleselect))
 8 SYSTEMPATH\CodeIgniter.php(349): CodeIgniter\CodeIgniter->handleRequest(null, Object(Config\Cache), false)
 9 FCPATH\index.php(55): CodeIgniter\CodeIgniter->run()
CRITICAL - 2022-09-23 18:51:17 --> Undefined variable: product_name
in FCPATH\modules\Admin\Controllers\Vehicleselect.php on line 39.
 1 FCPATH\modules\Admin\Controllers\Vehicleselect.php(39): CodeIgniter\Debug\Exceptions->errorHandler(8, 'Undefined variable: product_name', 'FCPATH\\modules\\Admin\\Controllers\\Vehicleselect.php', 39, [])
 2 SYSTEMPATH\CodeIgniter.php(896): Modules\Admin\Controllers\Vehicleselect->locate()
 3 SYSTEMPATH\CodeIgniter.php(466): CodeIgniter\CodeIgniter->runController(Object(Modules\Admin\Controllers\Vehicleselect))
 4 SYSTEMPATH\CodeIgniter.php(349): CodeIgniter\CodeIgniter->handleRequest(null, Object(Config\Cache), false)
 5 FCPATH\index.php(55): CodeIgniter\CodeIgniter->run()
CRITICAL - 2022-09-23 18:51:19 --> Undefined variable: product_name
in FCPATH\modules\Admin\Controllers\Vehicleselect.php on line 39.
 1 FCPATH\modules\Admin\Controllers\Vehicleselect.php(39): CodeIgniter\Debug\Exceptions->errorHandler(8, 'Undefined variable: product_name', 'FCPATH\\modules\\Admin\\Controllers\\Vehicleselect.php', 39, [])
 2 SYSTEMPATH\CodeIgniter.php(896): Modules\Admin\Controllers\Vehicleselect->locate()
 3 SYSTEMPATH\CodeIgniter.php(466): CodeIgniter\CodeIgniter->runController(Object(Modules\Admin\Controllers\Vehicleselect))
 4 SYSTEMPATH\CodeIgniter.php(349): CodeIgniter\CodeIgniter->handleRequest(null, Object(Config\Cache), false)
 5 FCPATH\index.php(55): CodeIgniter\CodeIgniter->run()
CRITICAL - 2022-09-23 18:52:54 --> Undefined variable: product_name
in FCPATH\modules\Admin\Controllers\Vehicleselect.php on line 39.
 1 FCPATH\modules\Admin\Controllers\Vehicleselect.php(39): CodeIgniter\Debug\Exceptions->errorHandler(8, 'Undefined variable: product_name', 'FCPATH\\modules\\Admin\\Controllers\\Vehicleselect.php', 39, [])
 2 SYSTEMPATH\CodeIgniter.php(896): Modules\Admin\Controllers\Vehicleselect->locate()
 3 SYSTEMPATH\CodeIgniter.php(466): CodeIgniter\CodeIgniter->runController(Object(Modules\Admin\Controllers\Vehicleselect))
 4 SYSTEMPATH\CodeIgniter.php(349): CodeIgniter\CodeIgniter->handleRequest(null, Object(Config\Cache), false)
 5 FCPATH\index.php(55): CodeIgniter\CodeIgniter->run()
CRITICAL - 2022-09-23 19:04:59 --> Call to undefined function get_cookie()
in FCPATH\modules\Admin\Views\pages\frontend\index.php on line 39.
 1 SYSTEMPATH\View\View.php(213): include()
 2 SYSTEMPATH\View\View.php(216): CodeIgniter\View\View->CodeIgniter\View\{closure}()
 3 SYSTEMPATH\Common.php(1135): CodeIgniter\View\View->render('Modules\\Admin\\Views\\pages\\frontend\\index', [], true)
 4 FCPATH\modules\Admin\Controllers\Vehicleselect.php(27): view('Modules\\Admin\\Views\\pages\\frontend\\index', [...])
 5 SYSTEMPATH\CodeIgniter.php(896): Modules\Admin\Controllers\Vehicleselect->index()
 6 SYSTEMPATH\CodeIgniter.php(466): CodeIgniter\CodeIgniter->runController(Object(Modules\Admin\Controllers\Vehicleselect))
 7 SYSTEMPATH\CodeIgniter.php(349): CodeIgniter\CodeIgniter->handleRequest(null, Object(Config\Cache), false)
 8 FCPATH\index.php(55): CodeIgniter\CodeIgniter->run()
CRITICAL - 2022-09-23 19:05:16 --> Call to undefined function get_cookie()
in FCPATH\modules\Admin\Views\pages\frontend\index.php on line 39.
 1 SYSTEMPATH\View\View.php(213): include()
 2 SYSTEMPATH\View\View.php(216): CodeIgniter\View\View->CodeIgniter\View\{closure}()
 3 SYSTEMPATH\Common.php(1135): CodeIgniter\View\View->render('Modules\\Admin\\Views\\pages\\frontend\\index', [], true)
 4 FCPATH\modules\Admin\Controllers\Vehicleselect.php(27): view('Modules\\Admin\\Views\\pages\\frontend\\index', [...])
 5 SYSTEMPATH\CodeIgniter.php(896): Modules\Admin\Controllers\Vehicleselect->index()
 6 SYSTEMPATH\CodeIgniter.php(466): CodeIgniter\CodeIgniter->runController(Object(Modules\Admin\Controllers\Vehicleselect))
 7 SYSTEMPATH\CodeIgniter.php(349): CodeIgniter\CodeIgniter->handleRequest(null, Object(Config\Cache), false)
 8 FCPATH\index.php(55): CodeIgniter\CodeIgniter->run()
CRITICAL - 2022-09-23 19:05:18 --> Call to undefined function get_cookie()
in FCPATH\modules\Admin\Views\pages\frontend\index.php on line 39.
 1 SYSTEMPATH\View\View.php(213): include()
 2 SYSTEMPATH\View\View.php(216): CodeIgniter\View\View->CodeIgniter\View\{closure}()
 3 SYSTEMPATH\Common.php(1135): CodeIgniter\View\View->render('Modules\\Admin\\Views\\pages\\frontend\\index', [], true)
 4 FCPATH\modules\Admin\Controllers\Vehicleselect.php(27): view('Modules\\Admin\\Views\\pages\\frontend\\index', [...])
 5 SYSTEMPATH\CodeIgniter.php(896): Modules\Admin\Controllers\Vehicleselect->index()
 6 SYSTEMPATH\CodeIgniter.php(466): CodeIgniter\CodeIgniter->runController(Object(Modules\Admin\Controllers\Vehicleselect))
 7 SYSTEMPATH\CodeIgniter.php(349): CodeIgniter\CodeIgniter->handleRequest(null, Object(Config\Cache), false)
 8 FCPATH\index.php(55): CodeIgniter\CodeIgniter->run()
CRITICAL - 2022-09-23 19:05:46 --> Call to undefined function get_cookie()
in FCPATH\modules\Admin\Views\pages\frontend\index.php on line 39.
 1 SYSTEMPATH\View\View.php(213): include()
 2 SYSTEMPATH\View\View.php(216): CodeIgniter\View\View->CodeIgniter\View\{closure}()
 3 SYSTEMPATH\Common.php(1135): CodeIgniter\View\View->render('Modules\\Admin\\Views\\pages\\frontend\\index', [], true)
 4 FCPATH\modules\Admin\Controllers\Vehicleselect.php(27): view('Modules\\Admin\\Views\\pages\\frontend\\index', [...])
 5 SYSTEMPATH\CodeIgniter.php(896): Modules\Admin\Controllers\Vehicleselect->index()
 6 SYSTEMPATH\CodeIgniter.php(466): CodeIgniter\CodeIgniter->runController(Object(Modules\Admin\Controllers\Vehicleselect))
 7 SYSTEMPATH\CodeIgniter.php(349): CodeIgniter\CodeIgniter->handleRequest(null, Object(Config\Cache), false)
 8 FCPATH\index.php(55): CodeIgniter\CodeIgniter->run()
CRITICAL - 2022-09-23 19:07:02 --> Call to undefined function get_cookie()
in FCPATH\modules\Admin\Views\pages\frontend\index.php on line 39.
 1 SYSTEMPATH\View\View.php(213): include()
 2 SYSTEMPATH\View\View.php(216): CodeIgniter\View\View->CodeIgniter\View\{closure}()
 3 SYSTEMPATH\Common.php(1135): CodeIgniter\View\View->render('Modules\\Admin\\Views\\pages\\frontend\\index', [], true)
 4 FCPATH\modules\Admin\Controllers\Vehicleselect.php(27): view('Modules\\Admin\\Views\\pages\\frontend\\index', [...])
 5 SYSTEMPATH\CodeIgniter.php(896): Modules\Admin\Controllers\Vehicleselect->index()
 6 SYSTEMPATH\CodeIgniter.php(466): CodeIgniter\CodeIgniter->runController(Object(Modules\Admin\Controllers\Vehicleselect))
 7 SYSTEMPATH\CodeIgniter.php(349): CodeIgniter\CodeIgniter->handleRequest(null, Object(Config\Cache), false)
 8 FCPATH\index.php(55): CodeIgniter\CodeIgniter->run()
CRITICAL - 2022-09-23 20:10:07 --> Undefined variable: row
in FCPATH\modules\Admin\Views\pages\frontend\index.php on line 168.
 1 FCPATH\modules\Admin\Views\pages\frontend\index.php(168): CodeIgniter\Debug\Exceptions->errorHandler(8, 'Undefined variable: row', 'FCPATH\\modules\\Admin\\Views\\pages\\frontend\\index.php', 168, [...])
 2 SYSTEMPATH\View\View.php(213): include('FCPATH\\modules\\Admin\\Views\\pages\\frontend\\index.php')
 3 SYSTEMPATH\View\View.php(216): CodeIgniter\View\View->CodeIgniter\View\{closure}()
 4 SYSTEMPATH\Common.php(1135): CodeIgniter\View\View->render('Modules\\Admin\\Views\\pages\\frontend\\index', [], true)
 5 FCPATH\modules\Admin\Controllers\Vehicleselect.php(30): view('Modules\\Admin\\Views\\pages\\frontend\\index', [...])
 6 SYSTEMPATH\CodeIgniter.php(896): Modules\Admin\Controllers\Vehicleselect->index()
 7 SYSTEMPATH\CodeIgniter.php(466): CodeIgniter\CodeIgniter->runController(Object(Modules\Admin\Controllers\Vehicleselect))
 8 SYSTEMPATH\CodeIgniter.php(349): CodeIgniter\CodeIgniter->handleRequest(null, Object(Config\Cache), false)
 9 FCPATH\index.php(55): CodeIgniter\CodeIgniter->run()
CRITICAL - 2022-09-23 20:10:20 --> Trying to get property 'vehicle_name' of non-object
in FCPATH\modules\Admin\Views\pages\frontend\index.php on line 170.
 1 FCPATH\modules\Admin\Views\pages\frontend\index.php(170): CodeIgniter\Debug\Exceptions->errorHandler(8, 'Trying to get property \'vehicle_name\' of non-object', 'FCPATH\\modules\\Admin\\Views\\pages\\frontend\\index.php', 170, [...])
 2 SYSTEMPATH\View\View.php(213): include('FCPATH\\modules\\Admin\\Views\\pages\\frontend\\index.php')
 3 SYSTEMPATH\View\View.php(216): CodeIgniter\View\View->CodeIgniter\View\{closure}()
 4 SYSTEMPATH\Common.php(1135): CodeIgniter\View\View->render('Modules\\Admin\\Views\\pages\\frontend\\index', [], true)
 5 FCPATH\modules\Admin\Controllers\Vehicleselect.php(30): view('Modules\\Admin\\Views\\pages\\frontend\\index', [...])
 6 SYSTEMPATH\CodeIgniter.php(896): Modules\Admin\Controllers\Vehicleselect->index()
 7 SYSTEMPATH\CodeIgniter.php(466): CodeIgniter\CodeIgniter->runController(Object(Modules\Admin\Controllers\Vehicleselect))
 8 SYSTEMPATH\CodeIgniter.php(349): CodeIgniter\CodeIgniter->handleRequest(null, Object(Config\Cache), false)
 9 FCPATH\index.php(55): CodeIgniter\CodeIgniter->run()
